<?xml version="1.0" encoding="UTF-8"?>
<coverage generated="1781845350911" clover="3.2.0">
  <project timestamp="1781845350911" name="All files">
    <metrics statements="818" coveredstatements="537" conditionals="365" coveredconditionals="138" methods="152" coveredmethods="113" elements="1335" coveredelements="788" complexity="0" loc="818" ncloc="818" packages="7" files="10" classes="10"/>
    <package name="betting">
      <metrics statements="157" coveredstatements="95" conditionals="90" coveredconditionals="31" methods="21" coveredmethods="14"/>
      <file name="index.ts" path="C:\Users\surus\OneDrive\デスクトップ\fastfold-omaha\src\engine\betting\index.ts">
        <metrics statements="130" coveredstatements="68" conditionals="86" coveredconditionals="27" methods="19" coveredmethods="12"/>
        <line num="1" count="1" type="stmt"/>
        <line num="2" count="1" type="stmt"/>
        <line num="24" count="1" type="stmt"/>
        <line num="25" count="100" type="stmt"/>
        <line num="35" count="100" type="cond" truecount="1" falsecount="1"/>
        <line num="39" count="0" type="stmt"/>
        <line num="40" count="0" type="stmt"/>
        <line num="41" count="0" type="stmt"/>
        <line num="45" count="200" type="cond" truecount="1" falsecount="1"/>
        <line num="46" count="200" type="stmt"/>
        <line num="50" count="200" type="stmt"/>
        <line num="54" count="200" type="cond" truecount="1" falsecount="1"/>
        <line num="55" count="1200" type="stmt"/>
        <line num="56" count="200" type="stmt"/>
        <line num="57" count="200" type="stmt"/>
        <line num="60" count="1" type="stmt"/>
        <line num="61" count="200" type="stmt"/>
        <line num="62" count="200" type="stmt"/>
        <line num="63" count="200" type="stmt"/>
        <line num="64" count="200" type="stmt"/>
        <line num="65" count="200" type="stmt"/>
        <line num="66" count="200" type="cond" truecount="1" falsecount="1"/>
        <line num="68" count="200" type="cond" truecount="3" falsecount="0"/>
        <line num="70" count="200" type="stmt"/>
        <line num="81" count="1" type="stmt"/>
        <line num="82" count="200" type="stmt"/>
        <line num="84" count="200" type="cond" truecount="0" falsecount="1"/>
        <line num="85" count="0" type="stmt"/>
        <line num="93" count="200" type="cond" truecount="0" falsecount="1"/>
        <line num="94" count="0" type="stmt"/>
        <line num="102" count="200" type="cond" truecount="1" falsecount="2"/>
        <line num="103" count="0" type="stmt"/>
        <line num="111" count="200" type="cond" truecount="0" falsecount="1"/>
        <line num="112" count="0" type="stmt"/>
        <line num="120" count="200" type="cond" truecount="1" falsecount="2"/>
        <line num="121" count="0" type="stmt"/>
        <line num="129" count="200" type="cond" truecount="2" falsecount="1"/>
        <line num="130" count="0" type="stmt"/>
        <line num="133" count="200" type="cond" truecount="0" falsecount="1"/>
        <line num="134" count="0" type="stmt"/>
        <line num="137" count="200" type="cond" truecount="0" falsecount="1"/>
        <line num="138" count="0" type="stmt"/>
        <line num="146" count="200" type="cond" truecount="0" falsecount="1"/>
        <line num="147" count="0" type="stmt"/>
        <line num="155" count="200" type="cond" truecount="1" falsecount="2"/>
        <line num="156" count="0" type="stmt"/>
        <line num="159" count="200" type="cond" truecount="1" falsecount="2"/>
        <line num="160" count="0" type="stmt"/>
        <line num="163" count="200" type="cond" truecount="0" falsecount="1"/>
        <line num="164" count="0" type="cond" truecount="0" falsecount="1"/>
        <line num="165" count="0" type="stmt"/>
        <line num="168" count="0" type="cond" truecount="0" falsecount="3"/>
        <line num="169" count="0" type="stmt"/>
        <line num="178" count="200" type="cond" truecount="0" falsecount="1"/>
        <line num="179" count="0" type="cond" truecount="0" falsecount="1"/>
        <line num="180" count="0" type="stmt"/>
        <line num="183" count="0" type="cond" truecount="0" falsecount="1"/>
        <line num="184" count="0" type="stmt"/>
        <line num="187" count="0" type="cond" truecount="0" falsecount="1"/>
        <line num="188" count="0" type="stmt"/>
        <line num="196" count="0" type="cond" truecount="0" falsecount="1"/>
        <line num="197" count="0" type="stmt"/>
        <line num="205" count="0" type="cond" truecount="0" falsecount="2"/>
        <line num="206" count="0" type="stmt"/>
        <line num="207" count="0" type="cond" truecount="0" falsecount="3"/>
        <line num="208" count="0" type="stmt"/>
        <line num="217" count="200" type="cond" truecount="0" falsecount="1"/>
        <line num="218" count="0" type="stmt"/>
        <line num="226" count="200" type="stmt"/>
        <line num="230" count="0" type="cond" truecount="0" falsecount="1"/>
        <line num="231" count="0" type="cond" truecount="0" falsecount="1"/>
        <line num="232" count="0" type="cond" truecount="0" falsecount="1"/>
        <line num="233" count="0" type="stmt"/>
        <line num="236" count="1" type="stmt"/>
        <line num="237" count="0" type="stmt"/>
        <line num="239" count="0" type="cond" truecount="0" falsecount="1"/>
        <line num="240" count="0" type="stmt"/>
        <line num="247" count="0" type="stmt"/>
        <line num="248" count="0" type="cond" truecount="0" falsecount="2"/>
        <line num="250" count="0" type="cond" truecount="0" falsecount="3"/>
        <line num="251" count="0" type="stmt"/>
        <line num="258" count="0" type="stmt"/>
        <line num="261" count="1" type="stmt"/>
        <line num="266" count="100" type="cond" truecount="0" falsecount="1"/>
        <line num="267" count="0" type="stmt"/>
        <line num="270" count="100" type="cond" truecount="1" falsecount="1"/>
        <line num="272" count="100" type="stmt"/>
        <line num="273" count="100" type="stmt"/>
        <line num="274" count="100" type="cond" truecount="1" falsecount="0"/>
        <line num="275" count="100" type="stmt"/>
        <line num="279" count="0" type="stmt"/>
        <line num="282" count="1" type="stmt"/>
        <line num="287" count="100" type="stmt"/>
        <line num="288" count="100" type="cond" truecount="0" falsecount="1"/>
        <line num="289" count="0" type="stmt"/>
        <line num="292" count="100" type="stmt"/>
        <line num="302" count="100" type="stmt"/>
        <line num="307" count="100" type="cond" truecount="0" falsecount="1"/>
        <line num="308" count="0" type="stmt"/>
        <line num="309" count="0" type="stmt"/>
        <line num="310" count="0" type="stmt"/>
        <line num="313" count="100" type="cond" truecount="0" falsecount="1"/>
        <line num="314" count="0" type="stmt"/>
        <line num="317" count="100" type="cond" truecount="0" falsecount="1"/>
        <line num="318" count="0" type="cond" truecount="0" falsecount="2"/>
        <line num="319" count="0" type="cond" truecount="0" falsecount="2"/>
        <line num="320" count="0" type="stmt"/>
        <line num="322" count="0" type="stmt"/>
        <line num="323" count="0" type="stmt"/>
        <line num="324" count="0" type="stmt"/>
        <line num="325" count="0" type="stmt"/>
        <line num="327" count="0" type="stmt"/>
        <line num="328" count="0" type="cond" truecount="0" falsecount="2"/>
        <line num="330" count="0" type="stmt"/>
        <line num="332" count="0" type="stmt"/>
        <line num="338" count="0" type="stmt"/>
        <line num="341" count="100" type="cond" truecount="1" falsecount="0"/>
        <line num="342" count="600" type="stmt"/>
        <line num="343" count="100" type="cond" truecount="1" falsecount="0"/>
        <line num="344" count="100" type="stmt"/>
        <line num="347" count="100" type="stmt"/>
        <line num="348" count="100" type="stmt"/>
        <line num="349" count="100" type="stmt"/>
        <line num="351" count="100" type="stmt"/>
        <line num="352" count="100" type="stmt"/>
        <line num="353" count="100" type="cond" truecount="1" falsecount="0"/>
        <line num="354" count="100" type="stmt"/>
        <line num="357" count="100" type="stmt"/>
        <line num="373" count="100" type="stmt"/>
        <line num="389" count="100" type="stmt"/>
      </file>
      <file name="types.ts" path="C:\Users\surus\OneDrive\デスクトップ\fastfold-omaha\src\engine\betting\types.ts">
        <metrics statements="27" coveredstatements="27" conditionals="4" coveredconditionals="4" methods="2" coveredmethods="2"/>
        <line num="3" count="1" type="cond" truecount="2" falsecount="0"/>
        <line num="4" count="1" type="stmt"/>
        <line num="5" count="1" type="stmt"/>
        <line num="6" count="1" type="stmt"/>
        <line num="7" count="1" type="stmt"/>
        <line num="8" count="1" type="stmt"/>
        <line num="11" count="1" type="cond" truecount="2" falsecount="0"/>
        <line num="12" count="1" type="stmt"/>
        <line num="13" count="1" type="stmt"/>
        <line num="14" count="1" type="stmt"/>
        <line num="15" count="1" type="stmt"/>
        <line num="16" count="1" type="stmt"/>
        <line num="17" count="1" type="stmt"/>
        <line num="18" count="1" type="stmt"/>
        <line num="19" count="1" type="stmt"/>
        <line num="20" count="1" type="stmt"/>
        <line num="21" count="1" type="stmt"/>
        <line num="22" count="1" type="stmt"/>
        <line num="23" count="1" type="stmt"/>
        <line num="24" count="1" type="stmt"/>
        <line num="25" count="1" type="stmt"/>
        <line num="26" count="1" type="stmt"/>
        <line num="27" count="1" type="stmt"/>
        <line num="28" count="1" type="stmt"/>
        <line num="29" count="1" type="stmt"/>
        <line num="30" count="1" type="stmt"/>
        <line num="31" count="1" type="stmt"/>
      </file>
    </package>
    <package name="fast-fold-durability">
      <metrics statements="211" coveredstatements="162" conditionals="79" coveredconditionals="38" methods="72" coveredmethods="56"/>
      <file name="index.ts" path="C:\Users\surus\OneDrive\デスクトップ\fastfold-omaha\src\engine\fast-fold-durability\index.ts">
        <metrics statements="30" coveredstatements="27" conditionals="25" coveredconditionals="18" methods="16" coveredmethods="14"/>
        <line num="32" count="2" type="cond" truecount="0" falsecount="1"/>
        <line num="33" count="0" type="stmt"/>
        <line num="43" count="1018" type="stmt"/>
        <line num="44" count="200" type="stmt"/>
        <line num="46" count="2" type="stmt"/>
        <line num="47" count="8" type="stmt"/>
        <line num="48" count="8" type="stmt"/>
        <line num="51" count="2" type="stmt"/>
        <line num="53" count="2" type="stmt"/>
        <line num="63" count="1" type="stmt"/>
        <line num="64" count="1" type="stmt"/>
        <line num="66" count="100" type="cond" truecount="5" falsecount="0"/>
        <line num="73" count="1" type="stmt"/>
        <line num="74" count="100" type="stmt"/>
        <line num="75" count="100" type="stmt"/>
        <line num="77" count="1" type="stmt"/>
        <line num="78" count="100" type="stmt"/>
        <line num="79" count="100" type="stmt"/>
        <line num="81" count="100" type="stmt"/>
        <line num="82" count="1" type="stmt"/>
        <line num="83" count="100" type="cond" truecount="1" falsecount="1"/>
        <line num="86" count="100" type="stmt"/>
        <line num="87" count="1" type="stmt"/>
        <line num="88" count="100" type="cond" truecount="3" falsecount="0"/>
        <line num="91" count="1" type="stmt"/>
        <line num="92" count="1" type="cond" truecount="1" falsecount="1"/>
        <line num="94" count="1" type="stmt"/>
        <line num="116" count="0" type="stmt"/>
        <line num="127" count="1" type="stmt"/>
        <line num="128" count="0" type="stmt"/>
      </file>
      <file name="real-simulation.ts" path="C:\Users\surus\OneDrive\デスクトップ\fastfold-omaha\src\engine\fast-fold-durability\real-simulation.ts">
        <metrics statements="141" coveredstatements="128" conditionals="50" coveredconditionals="18" methods="46" coveredmethods="39"/>
        <line num="1" count="1" type="stmt"/>
        <line num="10" count="1" type="stmt"/>
        <line num="13" count="1" type="stmt"/>
        <line num="15" count="1" type="stmt"/>
        <line num="17" count="1" type="stmt"/>
        <line num="18" count="1" type="stmt"/>
        <line num="28" count="1" type="stmt"/>
        <line num="49" count="1" type="cond" truecount="2" falsecount="0"/>
        <line num="51" count="1" type="stmt"/>
        <line num="53" count="0" type="stmt"/>
        <line num="56" count="100" type="cond" truecount="1" falsecount="1"/>
        <line num="59" count="300" type="stmt"/>
        <line num="62" count="0" type="stmt"/>
        <line num="65" count="0" type="stmt"/>
        <line num="66" count="0" type="cond" truecount="0" falsecount="2"/>
        <line num="72" count="1" type="stmt"/>
        <line num="107" count="1" type="stmt"/>
        <line num="115" count="1" type="stmt"/>
        <line num="116" count="100" type="stmt"/>
        <line num="117" count="100" type="stmt"/>
        <line num="118" count="100" type="stmt"/>
        <line num="119" count="100" type="stmt"/>
        <line num="124" count="1" type="stmt"/>
        <line num="125" count="1" type="stmt"/>
        <line num="128" count="300" type="stmt"/>
        <line num="132" count="0" type="cond" truecount="0" falsecount="2"/>
        <line num="136" count="200" type="cond" truecount="1" falsecount="1"/>
        <line num="137" count="200" type="stmt"/>
        <line num="138" count="200" type="stmt"/>
        <line num="139" count="200" type="cond" truecount="1" falsecount="0"/>
        <line num="140" count="100" type="stmt"/>
        <line num="143" count="100" type="cond" truecount="1" falsecount="1"/>
        <line num="144" count="100" type="stmt"/>
        <line num="145" count="100" type="stmt"/>
        <line num="146" count="100" type="stmt"/>
        <line num="148" count="100" type="stmt"/>
        <line num="149" count="600" type="stmt"/>
        <line num="150" count="600" type="stmt"/>
        <line num="151" count="600" type="stmt"/>
        <line num="154" count="100" type="stmt"/>
        <line num="171" count="100" type="stmt"/>
        <line num="172" count="100" type="stmt"/>
        <line num="176" count="100" type="stmt"/>
        <line num="183" count="600" type="stmt"/>
        <line num="188" count="1" type="stmt"/>
        <line num="190" count="100" type="stmt"/>
        <line num="191" count="100" type="stmt"/>
        <line num="201" count="100" type="stmt"/>
        <line num="209" count="100" type="stmt"/>
        <line num="210" count="100" type="stmt"/>
        <line num="224" count="100" type="stmt"/>
        <line num="226" count="100" type="stmt"/>
        <line num="240" count="1" type="stmt"/>
        <line num="241" count="0" type="stmt"/>
        <line num="242" count="0" type="stmt"/>
        <line num="247" count="1" type="stmt"/>
        <line num="248" count="0" type="stmt"/>
        <line num="253" count="100" type="stmt"/>
        <line num="264" count="200" type="stmt"/>
        <line num="265" count="200" type="stmt"/>
        <line num="266" count="1000" type="stmt"/>
        <line num="270" count="10" type="cond" truecount="0" falsecount="1"/>
        <line num="271" count="0" type="stmt"/>
        <line num="274" count="200" type="stmt"/>
        <line num="278" count="2" type="stmt"/>
        <line num="294" count="1" type="stmt"/>
        <line num="302" count="1" type="stmt"/>
        <line num="303" count="500" type="cond" truecount="2" falsecount="0"/>
        <line num="304" count="5" type="stmt"/>
        <line num="306" count="100" type="cond" truecount="1" falsecount="1"/>
        <line num="307" count="100" type="cond" truecount="1" falsecount="1"/>
        <line num="313" count="1" type="stmt"/>
        <line num="314" count="5" type="stmt"/>
        <line num="322" count="1" type="stmt"/>
        <line num="323" count="1" type="stmt"/>
        <line num="324" count="1" type="stmt"/>
        <line num="326" count="1" type="stmt"/>
        <line num="327" count="1" type="stmt"/>
        <line num="328" count="1" type="stmt"/>
        <line num="330" count="1" type="stmt"/>
        <line num="331" count="100" type="stmt"/>
        <line num="332" count="100" type="cond" truecount="1" falsecount="1"/>
        <line num="335" count="1" type="stmt"/>
        <line num="341" count="1" type="stmt"/>
        <line num="343" count="300" type="stmt"/>
        <line num="344" count="300" type="stmt"/>
        <line num="348" count="1" type="stmt"/>
        <line num="356" count="1" type="stmt"/>
        <line num="358" count="1" type="stmt"/>
        <line num="359" count="1" type="stmt"/>
        <line num="360" count="1" type="stmt"/>
        <line num="361" count="300" type="stmt"/>
        <line num="363" count="100" type="stmt"/>
        <line num="367" count="1" type="stmt"/>
        <line num="368" count="1" type="stmt"/>
        <line num="369" count="1" type="stmt"/>
        <line num="371" count="1" type="stmt"/>
        <line num="373" count="1" type="stmt"/>
        <line num="374" count="100" type="stmt"/>
        <line num="375" count="100" type="stmt"/>
        <line num="376" count="100" type="stmt"/>
        <line num="377" count="100" type="stmt"/>
        <line num="378" count="100" type="stmt"/>
        <line num="379" count="100" type="stmt"/>
        <line num="380" count="100" type="stmt"/>
        <line num="381" count="100" type="stmt"/>
        <line num="383" count="100" type="stmt"/>
        <line num="390" count="100" type="cond" truecount="0" falsecount="1"/>
        <line num="391" count="0" type="cond" truecount="0" falsecount="2"/>
        <line num="394" count="100" type="stmt"/>
        <line num="395" count="100" type="stmt"/>
        <line num="396" count="100" type="stmt"/>
        <line num="398" count="100" type="stmt"/>
        <line num="400" count="100" type="stmt"/>
        <line num="416" count="100" type="stmt"/>
        <line num="418" count="100" type="cond" truecount="1" falsecount="2"/>
        <line num="419" count="100" type="stmt"/>
        <line num="431" count="100" type="cond" truecount="0" falsecount="1"/>
        <line num="432" count="0" type="cond" truecount="0" falsecount="2"/>
        <line num="435" count="100" type="stmt"/>
        <line num="436" count="100" type="cond" truecount="1" falsecount="1"/>
        <line num="437" count="100" type="stmt"/>
        <line num="439" count="100" type="stmt"/>
        <line num="463" count="100" type="stmt"/>
        <line num="465" count="100" type="cond" truecount="1" falsecount="0"/>
        <line num="466" count="100" type="stmt"/>
        <line num="477" count="100" type="stmt"/>
        <line num="484" count="100" type="cond" truecount="0" falsecount="1"/>
        <line num="485" count="0" type="cond" truecount="0" falsecount="2"/>
        <line num="488" count="100" type="stmt"/>
        <line num="489" count="100" type="stmt"/>
        <line num="491" count="100" type="stmt"/>
        <line num="504" count="100" type="stmt"/>
        <line num="506" count="100" type="stmt"/>
        <line num="507" count="100" type="cond" truecount="0" falsecount="1"/>
        <line num="508" count="0" type="cond" truecount="0" falsecount="2"/>
        <line num="511" count="100" type="stmt"/>
        <line num="514" count="1" type="stmt"/>
        <line num="515" count="1" type="stmt"/>
        <line num="516" count="1" type="stmt"/>
        <line num="533" count="1" type="stmt"/>
      </file>
      <file name="simulation.ts" path="C:\Users\surus\OneDrive\デスクトップ\fastfold-omaha\src\engine\fast-fold-durability\simulation.ts">
        <metrics statements="40" coveredstatements="7" conditionals="4" coveredconditionals="2" methods="10" coveredmethods="3"/>
        <line num="1" count="1" type="stmt"/>
        <line num="11" count="1" type="stmt"/>
        <line num="25" count="0" type="stmt"/>
        <line num="36" count="0" type="stmt"/>
        <line num="37" count="0" type="stmt"/>
        <line num="38" count="0" type="stmt"/>
        <line num="42" count="100" type="stmt"/>
        <line num="52" count="1" type="stmt"/>
        <line num="53" count="1" type="stmt"/>
        <line num="56" count="1" type="stmt"/>
        <line num="57" count="0" type="stmt"/>
        <line num="85" count="1" type="stmt"/>
        <line num="86" count="0" type="stmt"/>
        <line num="87" count="0" type="stmt"/>
        <line num="89" count="0" type="stmt"/>
        <line num="90" count="0" type="stmt"/>
        <line num="92" count="0" type="stmt"/>
        <line num="96" count="0" type="stmt"/>
        <line num="98" count="0" type="stmt"/>
        <line num="99" count="0" type="stmt"/>
        <line num="100" count="0" type="stmt"/>
        <line num="101" count="0" type="stmt"/>
        <line num="102" count="0" type="stmt"/>
        <line num="103" count="0" type="stmt"/>
        <line num="104" count="0" type="stmt"/>
        <line num="105" count="0" type="stmt"/>
        <line num="106" count="0" type="stmt"/>
        <line num="107" count="0" type="stmt"/>
        <line num="108" count="0" type="stmt"/>
        <line num="110" count="0" type="stmt"/>
        <line num="126" count="0" type="stmt"/>
        <line num="150" count="0" type="stmt"/>
        <line num="160" count="0" type="stmt"/>
        <line num="173" count="0" type="stmt"/>
        <line num="174" count="0" type="stmt"/>
        <line num="175" count="0" type="stmt"/>
        <line num="176" count="0" type="stmt"/>
        <line num="178" count="0" type="stmt"/>
        <line num="181" count="0" type="stmt"/>
        <line num="183" count="0" type="stmt"/>
      </file>
    </package>
    <package name="game">
      <metrics statements="63" coveredstatements="29" conditionals="24" coveredconditionals="3" methods="9" coveredmethods="5"/>
      <file name="index.ts" path="C:\Users\surus\OneDrive\デスクトップ\fastfold-omaha\src\engine\game\index.ts">
        <metrics statements="63" coveredstatements="29" conditionals="24" coveredconditionals="3" methods="9" coveredmethods="5"/>
        <line num="1" count="1" type="stmt"/>
        <line num="33" count="0" type="cond" truecount="0" falsecount="1"/>
        <line num="34" count="0" type="cond" truecount="0" falsecount="1"/>
        <line num="35" count="0" type="cond" truecount="0" falsecount="1"/>
        <line num="36" count="0" type="cond" truecount="0" falsecount="1"/>
        <line num="37" count="0" type="stmt"/>
        <line num="46" count="300" type="stmt"/>
        <line num="53" count="300" type="cond" truecount="1" falsecount="0"/>
        <line num="54" count="300" type="stmt"/>
        <line num="57" count="300" type="stmt"/>
        <line num="60" count="1" type="stmt"/>
        <line num="61" count="1" type="stmt"/>
        <line num="63" count="100" type="stmt"/>
        <line num="64" count="100" type="cond" truecount="0" falsecount="1"/>
        <line num="65" count="0" type="stmt"/>
        <line num="73" count="100" type="stmt"/>
        <line num="79" count="100" type="cond" truecount="0" falsecount="1"/>
        <line num="80" count="0" type="stmt"/>
        <line num="88" count="100" type="stmt"/>
        <line num="104" count="100" type="stmt"/>
        <line num="112" count="100" type="cond" truecount="0" falsecount="1"/>
        <line num="113" count="0" type="stmt"/>
        <line num="121" count="100" type="cond" truecount="0" falsecount="1"/>
        <line num="122" count="0" type="stmt"/>
        <line num="130" count="100" type="stmt"/>
        <line num="131" count="100" type="cond" truecount="0" falsecount="1"/>
        <line num="132" count="0" type="stmt"/>
        <line num="140" count="100" type="stmt"/>
        <line num="141" count="100" type="stmt"/>
        <line num="143" count="100" type="cond" truecount="1" falsecount="0"/>
        <line num="144" count="100" type="stmt"/>
        <line num="145" count="100" type="stmt"/>
        <line num="146" count="100" type="cond" truecount="0" falsecount="1"/>
        <line num="147" count="0" type="stmt"/>
        <line num="157" count="100" type="stmt"/>
        <line num="163" count="100" type="stmt"/>
        <line num="172" count="0" type="cond" truecount="0" falsecount="1"/>
        <line num="173" count="0" type="stmt"/>
        <line num="176" count="0" type="cond" truecount="0" falsecount="1"/>
        <line num="177" count="0" type="stmt"/>
        <line num="180" count="0" type="cond" truecount="0" falsecount="3"/>
        <line num="181" count="0" type="stmt"/>
        <line num="184" count="0" type="cond" truecount="0" falsecount="1"/>
        <line num="185" count="0" type="stmt"/>
        <line num="188" count="0" type="stmt"/>
        <line num="189" count="0" type="stmt"/>
        <line num="191" count="0" type="stmt"/>
        <line num="199" count="0" type="stmt"/>
        <line num="208" count="0" type="cond" truecount="0" falsecount="1"/>
        <line num="209" count="0" type="stmt"/>
        <line num="212" count="0" type="cond" truecount="0" falsecount="1"/>
        <line num="213" count="0" type="stmt"/>
        <line num="216" count="0" type="stmt"/>
        <line num="222" count="0" type="stmt"/>
        <line num="223" count="0" type="cond" truecount="0" falsecount="1"/>
        <line num="224" count="0" type="stmt"/>
        <line num="232" count="0" type="stmt"/>
        <line num="240" count="0" type="stmt"/>
        <line num="249" count="100" type="stmt"/>
        <line num="255" count="100" type="stmt"/>
        <line num="260" count="100" type="cond" truecount="0" falsecount="1"/>
        <line num="261" count="0" type="stmt"/>
        <line num="269" count="100" type="stmt"/>
      </file>
    </package>
    <package name="hand-history">
      <metrics statements="70" coveredstatements="48" conditionals="40" coveredconditionals="22" methods="16" coveredmethods="11"/>
      <file name="index.ts" path="C:\Users\surus\OneDrive\デスクトップ\fastfold-omaha\src\engine\hand-history\index.ts">
        <metrics statements="70" coveredstatements="48" conditionals="40" coveredconditionals="22" methods="16" coveredmethods="11"/>
        <line num="30" count="1" type="stmt"/>
        <line num="31" count="1" type="stmt"/>
        <line num="32" count="1" type="stmt"/>
        <line num="49" count="1" type="stmt"/>
        <line num="50" count="1" type="stmt"/>
        <line num="58" count="1" type="stmt"/>
        <line num="59" count="1" type="stmt"/>
        <line num="61" count="1" type="stmt"/>
        <line num="64" count="1" type="stmt"/>
        <line num="68" count="0" type="stmt"/>
        <line num="72" count="300" type="stmt"/>
        <line num="73" count="300" type="stmt"/>
        <line num="78" count="100" type="stmt"/>
        <line num="79" count="100" type="stmt"/>
        <line num="88" count="100" type="stmt"/>
        <line num="89" count="100" type="stmt"/>
        <line num="90" count="100" type="stmt"/>
        <line num="91" count="100" type="stmt"/>
        <line num="92" count="100" type="stmt"/>
        <line num="95" count="100" type="stmt"/>
        <line num="96" count="100" type="stmt"/>
        <line num="114" count="100" type="stmt"/>
        <line num="124" count="100" type="stmt"/>
        <line num="127" count="100" type="stmt"/>
        <line num="143" count="100" type="cond" truecount="2" falsecount="1"/>
        <line num="144" count="0" type="stmt"/>
        <line num="147" count="100" type="stmt"/>
        <line num="173" count="100" type="stmt"/>
        <line num="176" count="100" type="cond" truecount="1" falsecount="0"/>
        <line num="177" count="100" type="stmt"/>
        <line num="181" count="100" type="stmt"/>
        <line num="199" count="100" type="cond" truecount="2" falsecount="1"/>
        <line num="200" count="0" type="stmt"/>
        <line num="203" count="100" type="stmt"/>
        <line num="205" count="100" type="stmt"/>
        <line num="207" count="100" type="stmt"/>
        <line num="219" count="100" type="stmt"/>
        <line num="222" count="100" type="stmt"/>
        <line num="237" count="0" type="cond" truecount="0" falsecount="3"/>
        <line num="238" count="0" type="stmt"/>
        <line num="241" count="0" type="stmt"/>
        <line num="257" count="0" type="stmt"/>
        <line num="260" count="0" type="stmt"/>
        <line num="271" count="0" type="cond" truecount="0" falsecount="3"/>
        <line num="272" count="0" type="stmt"/>
        <line num="276" count="0" type="stmt"/>
        <line num="285" count="0" type="stmt"/>
        <line num="301" count="0" type="stmt"/>
        <line num="304" count="0" type="stmt"/>
        <line num="315" count="0" type="cond" truecount="0" falsecount="3"/>
        <line num="316" count="0" type="stmt"/>
        <line num="320" count="0" type="stmt"/>
        <line num="328" count="0" type="stmt"/>
        <line num="344" count="0" type="stmt"/>
        <line num="347" count="0" type="stmt"/>
        <line num="359" count="100" type="cond" truecount="2" falsecount="1"/>
        <line num="360" count="0" type="stmt"/>
        <line num="363" count="100" type="stmt"/>
        <line num="418" count="100" type="stmt"/>
        <line num="434" count="100" type="stmt"/>
        <line num="435" count="100" type="stmt"/>
        <line num="436" count="100" type="stmt"/>
        <line num="437" count="100" type="stmt"/>
        <line num="438" count="100" type="stmt"/>
        <line num="439" count="100" type="stmt"/>
        <line num="449" count="100" type="stmt"/>
        <line num="451" count="200" type="cond" truecount="5" falsecount="1"/>
        <line num="467" count="100" type="cond" truecount="2" falsecount="1"/>
        <line num="468" count="100" type="stmt"/>
        <line num="470" count="0" type="stmt"/>
      </file>
    </package>
    <package name="persistence">
      <metrics statements="81" coveredstatements="45" conditionals="42" coveredconditionals="5" methods="15" coveredmethods="11"/>
      <file name="index.ts" path="C:\Users\surus\OneDrive\デスクトップ\fastfold-omaha\src\engine\persistence\index.ts">
        <metrics statements="81" coveredstatements="45" conditionals="42" coveredconditionals="5" methods="15" coveredmethods="11"/>
        <line num="26" count="0" type="cond" truecount="0" falsecount="1"/>
        <line num="27" count="0" type="stmt"/>
        <line num="29" count="0" type="cond" truecount="0" falsecount="2"/>
        <line num="33" count="100" type="cond" truecount="2" falsecount="1"/>
        <line num="34" count="0" type="stmt"/>
        <line num="36" count="100" type="stmt"/>
        <line num="40" count="400" type="stmt"/>
        <line num="44" count="300" type="stmt"/>
        <line num="50" count="1" type="stmt"/>
        <line num="51" count="1" type="cond" truecount="1" falsecount="1"/>
        <line num="53" count="1" type="stmt"/>
        <line num="55" count="400" type="stmt"/>
        <line num="57" count="2799" type="stmt"/>
        <line num="72" count="100" type="stmt"/>
        <line num="75" count="700" type="stmt"/>
        <line num="91" count="100" type="stmt"/>
        <line num="92" count="100" type="cond" truecount="0" falsecount="1"/>
        <line num="93" count="0" type="stmt"/>
        <line num="96" count="100" type="cond" truecount="0" falsecount="1"/>
        <line num="97" count="0" type="stmt"/>
        <line num="100" count="100" type="cond" truecount="2" falsecount="1"/>
        <line num="101" count="0" type="stmt"/>
        <line num="104" count="100" type="cond" truecount="0" falsecount="1"/>
        <line num="105" count="0" type="stmt"/>
        <line num="108" count="100" type="cond" truecount="0" falsecount="1"/>
        <line num="109" count="0" type="stmt"/>
        <line num="112" count="100" type="stmt"/>
        <line num="116" count="300" type="stmt"/>
        <line num="119" count="300" type="stmt"/>
        <line num="120" count="300" type="stmt"/>
        <line num="121" count="300" type="stmt"/>
        <line num="129" count="300" type="stmt"/>
        <line num="131" count="0" type="cond" truecount="0" falsecount="2"/>
        <line num="134" count="300" type="stmt"/>
        <line num="135" count="300" type="stmt"/>
        <line num="137" count="0" type="cond" truecount="0" falsecount="1"/>
        <line num="138" count="0" type="stmt"/>
        <line num="140" count="0" type="cond" truecount="0" falsecount="2"/>
        <line num="143" count="300" type="stmt"/>
        <line num="151" count="100" type="stmt"/>
        <line num="154" count="100" type="stmt"/>
        <line num="155" count="100" type="stmt"/>
        <line num="157" count="0" type="cond" truecount="0" falsecount="2"/>
        <line num="160" count="100" type="cond" truecount="0" falsecount="1"/>
        <line num="161" count="0" type="stmt"/>
        <line num="165" count="100" type="stmt"/>
        <line num="166" count="100" type="stmt"/>
        <line num="168" count="0" type="cond" truecount="0" falsecount="2"/>
        <line num="171" count="100" type="stmt"/>
        <line num="172" count="100" type="cond" truecount="0" falsecount="1"/>
        <line num="173" count="0" type="cond" truecount="0" falsecount="2"/>
        <line num="176" count="100" type="stmt"/>
        <line num="178" count="100" type="cond" truecount="0" falsecount="1"/>
        <line num="179" count="0" type="stmt"/>
        <line num="187" count="100" type="stmt"/>
        <line num="188" count="100" type="stmt"/>
        <line num="190" count="0" type="cond" truecount="0" falsecount="2"/>
        <line num="193" count="100" type="stmt"/>
        <line num="194" count="100" type="cond" truecount="0" falsecount="1"/>
        <line num="195" count="0" type="stmt"/>
        <line num="202" count="100" type="stmt"/>
        <line num="203" count="100" type="cond" truecount="0" falsecount="1"/>
        <line num="204" count="0" type="stmt"/>
        <line num="211" count="100" type="stmt"/>
        <line num="219" count="100" type="stmt"/>
        <line num="226" count="0" type="stmt"/>
        <line num="228" count="0" type="stmt"/>
        <line num="229" count="0" type="stmt"/>
        <line num="230" count="0" type="stmt"/>
        <line num="231" count="0" type="cond" truecount="0" falsecount="2"/>
        <line num="233" count="0" type="stmt"/>
        <line num="243" count="0" type="stmt"/>
        <line num="244" count="0" type="stmt"/>
        <line num="245" count="0" type="stmt"/>
        <line num="246" count="0" type="stmt"/>
        <line num="247" count="0" type="cond" truecount="0" falsecount="3"/>
        <line num="248" count="0" type="stmt"/>
        <line num="252" count="0" type="stmt"/>
        <line num="254" count="0" type="stmt"/>
        <line num="259" count="0" type="stmt"/>
        <line num="269" count="1" type="stmt"/>
      </file>
    </package>
    <package name="queue">
      <metrics statements="211" coveredstatements="133" conditionals="84" coveredconditionals="33" methods="16" coveredmethods="13"/>
      <file name="index.ts" path="C:\Users\surus\OneDrive\デスクトップ\fastfold-omaha\src\engine\queue\index.ts">
        <metrics statements="211" coveredstatements="133" conditionals="84" coveredconditionals="33" methods="16" coveredmethods="13"/>
        <line num="20" count="1" type="stmt"/>
        <line num="23" count="707" type="cond" truecount="1" falsecount="0"/>
        <line num="24" count="707" type="stmt"/>
        <line num="29" count="700" type="stmt"/>
        <line num="30" count="700" type="cond" truecount="1" falsecount="0"/>
        <line num="31" count="700" type="stmt"/>
        <line num="36" count="6" type="stmt"/>
        <line num="50" count="699" type="cond" truecount="2" falsecount="0"/>
        <line num="54" count="6" type="stmt"/>
        <line num="55" count="6" type="stmt"/>
        <line num="56" count="6" type="stmt"/>
        <line num="57" count="6" type="stmt"/>
        <line num="58" count="6" type="stmt"/>
        <line num="59" count="6" type="stmt"/>
        <line num="63" count="0" type="stmt"/>
        <line num="64" count="0" type="stmt"/>
        <line num="65" count="0" type="stmt"/>
        <line num="69" count="0" type="stmt"/>
        <line num="70" count="0" type="stmt"/>
        <line num="71" count="0" type="stmt"/>
        <line num="75" count="100" type="stmt"/>
        <line num="76" count="100" type="cond" truecount="0" falsecount="1"/>
        <line num="77" count="0" type="stmt"/>
        <line num="81" count="100" type="stmt"/>
        <line num="82" count="100" type="stmt"/>
        <line num="83" count="100" type="cond" truecount="4" falsecount="0"/>
        <line num="84" count="99" type="stmt"/>
        <line num="85" count="99" type="stmt"/>
        <line num="86" count="99" type="stmt"/>
        <line num="90" count="100" type="cond" truecount="1" falsecount="0"/>
        <line num="91" count="1" type="stmt"/>
        <line num="92" count="1" type="stmt"/>
        <line num="95" count="100" type="stmt"/>
        <line num="96" count="100" type="stmt"/>
        <line num="97" count="100" type="stmt"/>
        <line num="98" count="100" type="stmt"/>
        <line num="99" count="100" type="stmt"/>
        <line num="101" count="100" type="stmt"/>
        <line num="104" count="1" type="cond" truecount="0" falsecount="1"/>
        <line num="105" count="1" type="cond" truecount="1" falsecount="1"/>
        <line num="106" count="1" type="stmt"/>
        <line num="121" count="1" type="cond" truecount="1" falsecount="1"/>
        <line num="122" count="1" type="stmt"/>
        <line num="123" count="0" type="stmt"/>
        <line num="124" count="0" type="stmt"/>
        <line num="127" count="1" type="stmt"/>
        <line num="130" count="1" type="stmt"/>
        <line num="131" count="1" type="cond" truecount="1" falsecount="1"/>
        <line num="132" count="1" type="stmt"/>
        <line num="134" count="1" type="cond" truecount="1" falsecount="2"/>
        <line num="135" count="0" type="stmt"/>
        <line num="138" count="1" type="cond" truecount="1" falsecount="2"/>
        <line num="139" count="0" type="stmt"/>
        <line num="140" count="0" type="stmt"/>
        <line num="141" count="0" type="stmt"/>
        <line num="142" count="0" type="stmt"/>
        <line num="143" count="0" type="stmt"/>
        <line num="144" count="0" type="stmt"/>
        <line num="145" count="0" type="stmt"/>
        <line num="148" count="1" type="stmt"/>
        <line num="160" count="1" type="stmt"/>
        <line num="161" count="1" type="stmt"/>
        <line num="162" count="1" type="stmt"/>
        <line num="163" count="1" type="stmt"/>
        <line num="166" count="1" type="stmt"/>
        <line num="170" count="100" type="cond" truecount="2" falsecount="1"/>
        <line num="171" count="0" type="stmt"/>
        <line num="174" count="100" type="cond" truecount="0" falsecount="1"/>
        <line num="175" count="0" type="stmt"/>
        <line num="178" count="100" type="stmt"/>
        <line num="179" count="100" type="cond" truecount="0" falsecount="1"/>
        <line num="180" count="0" type="stmt"/>
        <line num="183" count="100" type="stmt"/>
        <line num="184" count="100" type="stmt"/>
        <line num="185" count="100" type="stmt"/>
        <line num="186" count="100" type="stmt"/>
        <line num="187" count="100" type="stmt"/>
        <line num="189" count="100" type="cond" truecount="1" falsecount="0"/>
        <line num="190" count="100" type="stmt"/>
        <line num="191" count="100" type="stmt"/>
        <line num="194" count="100" type="stmt"/>
        <line num="195" count="100" type="cond" truecount="1" falsecount="0"/>
        <line num="196" count="100" type="stmt"/>
        <line num="199" count="100" type="stmt"/>
        <line num="207" count="100" type="stmt"/>
        <line num="210" count="1" type="cond" truecount="0" falsecount="1"/>
        <line num="211" count="100" type="cond" truecount="1" falsecount="1"/>
        <line num="212" count="100" type="cond" truecount="1" falsecount="1"/>
        <line num="213" count="100" type="cond" truecount="1" falsecount="1"/>
        <line num="214" count="100" type="stmt"/>
        <line num="216" count="100" type="stmt"/>
        <line num="217" count="100" type="stmt"/>
        <line num="218" count="694" type="cond" truecount="1" falsecount="0"/>
        <line num="219" count="99" type="stmt"/>
        <line num="222" count="595" type="stmt"/>
        <line num="223" count="595" type="cond" truecount="0" falsecount="1"/>
        <line num="224" count="0" type="stmt"/>
        <line num="227" count="595" type="cond" truecount="0" falsecount="1"/>
        <line num="228" count="0" type="stmt"/>
        <line num="231" count="595" type="stmt"/>
        <line num="232" count="595" type="stmt"/>
        <line num="235" count="100" type="cond" truecount="2" falsecount="0"/>
        <line num="236" count="5" type="stmt"/>
        <line num="237" count="5" type="cond" truecount="0" falsecount="1"/>
        <line num="238" count="0" type="stmt"/>
        <line num="240" count="5" type="stmt"/>
        <line num="241" count="5" type="stmt"/>
        <line num="244" count="100" type="cond" truecount="0" falsecount="1"/>
        <line num="245" count="0" type="stmt"/>
        <line num="248" count="100" type="cond" truecount="0" falsecount="1"/>
        <line num="249" count="0" type="stmt"/>
        <line num="252" count="600" type="stmt"/>
        <line num="253" count="100" type="stmt"/>
        <line num="254" count="600" type="stmt"/>
        <line num="255" count="600" type="stmt"/>
        <line num="256" count="600" type="stmt"/>
        <line num="257" count="600" type="stmt"/>
        <line num="258" count="600" type="stmt"/>
        <line num="261" count="100" type="stmt"/>
        <line num="268" count="100" type="stmt"/>
        <line num="269" count="100" type="stmt"/>
        <line num="270" count="100" type="stmt"/>
        <line num="272" count="100" type="stmt"/>
        <line num="279" count="1" type="stmt"/>
        <line num="280" count="100" type="cond" truecount="1" falsecount="1"/>
        <line num="281" count="100" type="stmt"/>
        <line num="282" count="100" type="cond" truecount="0" falsecount="1"/>
        <line num="283" count="0" type="stmt"/>
        <line num="286" count="100" type="cond" truecount="0" falsecount="1"/>
        <line num="287" count="0" type="stmt"/>
        <line num="290" count="100" type="stmt"/>
        <line num="298" count="100" type="stmt"/>
        <line num="299" count="600" type="stmt"/>
        <line num="300" count="600" type="cond" truecount="0" falsecount="1"/>
        <line num="301" count="0" type="stmt"/>
        <line num="304" count="600" type="stmt"/>
        <line num="305" count="600" type="stmt"/>
        <line num="306" count="600" type="stmt"/>
        <line num="308" count="600" type="cond" truecount="1" falsecount="0"/>
        <line num="309" count="600" type="stmt"/>
        <line num="310" count="600" type="stmt"/>
        <line num="314" count="100" type="stmt"/>
        <line num="315" count="100" type="stmt"/>
        <line num="316" count="100" type="stmt"/>
        <line num="318" count="100" type="stmt"/>
        <line num="321" count="1" type="stmt"/>
        <line num="322" count="0" type="cond" truecount="0" falsecount="2"/>
        <line num="323" count="0" type="stmt"/>
        <line num="324" count="0" type="cond" truecount="0" falsecount="1"/>
        <line num="325" count="0" type="stmt"/>
        <line num="328" count="0" type="stmt"/>
        <line num="330" count="0" type="stmt"/>
        <line num="331" count="0" type="cond" truecount="0" falsecount="1"/>
        <line num="332" count="0" type="stmt"/>
        <line num="333" count="0" type="cond" truecount="0" falsecount="1"/>
        <line num="334" count="0" type="stmt"/>
        <line num="338" count="0" type="stmt"/>
        <line num="339" count="0" type="stmt"/>
        <line num="340" count="0" type="stmt"/>
        <line num="341" count="0" type="stmt"/>
        <line num="343" count="0" type="stmt"/>
        <line num="344" count="0" type="stmt"/>
        <line num="347" count="1" type="stmt"/>
        <line num="348" count="200" type="stmt"/>
        <line num="349" count="200" type="stmt"/>
        <line num="351" count="200" type="stmt"/>
        <line num="352" count="1394" type="cond" truecount="0" falsecount="1"/>
        <line num="353" count="0" type="stmt"/>
        <line num="354" count="0" type="stmt"/>
        <line num="356" count="1394" type="stmt"/>
        <line num="358" count="1394" type="stmt"/>
        <line num="359" count="1394" type="cond" truecount="0" falsecount="1"/>
        <line num="360" count="0" type="stmt"/>
        <line num="361" count="0" type="stmt"/>
        <line num="364" count="1394" type="cond" truecount="0" falsecount="1"/>
        <line num="365" count="0" type="stmt"/>
        <line num="369" count="200" type="stmt"/>
        <line num="370" count="0" type="cond" truecount="0" falsecount="1"/>
        <line num="371" count="0" type="stmt"/>
        <line num="374" count="0" type="cond" truecount="0" falsecount="1"/>
        <line num="375" count="0" type="stmt"/>
        <line num="378" count="0" type="stmt"/>
        <line num="379" count="0" type="stmt"/>
        <line num="380" count="0" type="cond" truecount="0" falsecount="1"/>
        <line num="381" count="0" type="stmt"/>
        <line num="383" count="0" type="stmt"/>
        <line num="385" count="0" type="stmt"/>
        <line num="386" count="0" type="cond" truecount="0" falsecount="1"/>
        <line num="387" count="0" type="stmt"/>
        <line num="388" count="0" type="stmt"/>
        <line num="391" count="0" type="cond" truecount="0" falsecount="1"/>
        <line num="392" count="0" type="stmt"/>
        <line num="395" count="0" type="cond" truecount="0" falsecount="3"/>
        <line num="396" count="0" type="stmt"/>
        <line num="399" count="0" type="cond" truecount="0" falsecount="1"/>
        <line num="400" count="0" type="stmt"/>
        <line num="405" count="200" type="stmt"/>
        <line num="406" count="1394" type="cond" truecount="0" falsecount="1"/>
        <line num="407" count="0" type="cond" truecount="0" falsecount="3"/>
        <line num="408" count="0" type="stmt"/>
        <line num="409" count="0" type="stmt"/>
        <line num="412" count="0" type="stmt"/>
        <line num="413" count="0" type="cond" truecount="0" falsecount="1"/>
        <line num="414" count="0" type="stmt"/>
        <line num="415" count="0" type="stmt"/>
        <line num="418" count="0" type="cond" truecount="0" falsecount="1"/>
        <line num="419" count="0" type="stmt"/>
        <line num="423" count="1394" type="cond" truecount="1" falsecount="0"/>
        <line num="424" count="1394" type="cond" truecount="2" falsecount="1"/>
        <line num="425" count="0" type="stmt"/>
        <line num="430" count="200" type="stmt"/>
      </file>
    </package>
    <package name="table-state">
      <metrics statements="25" coveredstatements="25" conditionals="6" coveredconditionals="6" methods="3" coveredmethods="3"/>
      <file name="types.ts" path="C:\Users\surus\OneDrive\デスクトップ\fastfold-omaha\src\engine\table-state\types.ts">
        <metrics statements="25" coveredstatements="25" conditionals="6" coveredconditionals="6" methods="3" coveredmethods="3"/>
        <line num="1" count="1" type="stmt"/>
        <line num="2" count="1" type="stmt"/>
        <line num="8" count="1" type="cond" truecount="2" falsecount="0"/>
        <line num="9" count="1" type="stmt"/>
        <line num="10" count="1" type="stmt"/>
        <line num="11" count="1" type="stmt"/>
        <line num="12" count="1" type="stmt"/>
        <line num="15" count="1" type="cond" truecount="2" falsecount="0"/>
        <line num="16" count="1" type="stmt"/>
        <line num="17" count="1" type="stmt"/>
        <line num="18" count="1" type="stmt"/>
        <line num="19" count="1" type="stmt"/>
        <line num="20" count="1" type="stmt"/>
        <line num="21" count="1" type="stmt"/>
        <line num="22" count="1" type="stmt"/>
        <line num="23" count="1" type="stmt"/>
        <line num="26" count="1" type="cond" truecount="2" falsecount="0"/>
        <line num="27" count="1" type="stmt"/>
        <line num="28" count="1" type="stmt"/>
        <line num="29" count="1" type="stmt"/>
        <line num="30" count="1" type="stmt"/>
        <line num="31" count="1" type="stmt"/>
        <line num="32" count="1" type="stmt"/>
        <line num="33" count="1" type="stmt"/>
        <line num="34" count="1" type="stmt"/>
      </file>
    </package>
  </project>
</coverage>
