{"C:\\Users\\surus\\OneDrive\\デスクトップ\\fastfold-omaha\\src\\engine\\betting\\index.ts": {"path":"C:\\Users\\surus\\OneDrive\\デスクトップ\\fastfold-omaha\\src\\engine\\betting\\index.ts","statementMap":{"0":{"start":{"line":24,"column":0},"end":{"line":24,"column":16}},"1":{"start":{"line":60,"column":0},"end":{"line":60,"column":16}},"2":{"start":{"line":81,"column":0},"end":{"line":81,"column":16}},"3":{"start":{"line":236,"column":0},"end":{"line":236,"column":16}},"4":{"start":{"line":261,"column":0},"end":{"line":261,"column":16}},"5":{"start":{"line":282,"column":0},"end":{"line":282,"column":16}},"6":{"start":{"line":1,"column":0},"end":{"line":1,"column":46}},"7":{"start":{"line":2,"column":0},"end":{"line":2,"column":null}},"8":{"start":{"line":25,"column":2},"end":{"line":31,"column":4}},"9":{"start":{"line":35,"column":2},"end":{"line":35,"column":59}},"10":{"start":{"line":39,"column":2},"end":{"line":39,"column":66}},"11":{"start":{"line":40,"column":2},"end":{"line":40,"column":64}},"12":{"start":{"line":41,"column":2},"end":{"line":41,"column":55}},"13":{"start":{"line":45,"column":20},"end":{"line":45,"column":65}},"14":{"start":{"line":46,"column":2},"end":{"line":46,"column":56}},"15":{"start":{"line":50,"column":2},"end":{"line":50,"column":53}},"16":{"start":{"line":54,"column":20},"end":{"line":54,"column":65}},"17":{"start":{"line":55,"column":21},"end":{"line":55,"column":105}},"18":{"start":{"line":55,"column":89},"end":{"line":55,"column":101}},"19":{"start":{"line":56,"column":21},"end":{"line":56,"column":64}},"20":{"start":{"line":57,"column":2},"end":{"line":57,"column":54}},"21":{"start":{"line":61,"column":18},"end":{"line":61,"column":58}},"22":{"start":{"line":62,"column":17},"end":{"line":62,"column":56}},"23":{"start":{"line":63,"column":15},"end":{"line":63,"column":37}},"24":{"start":{"line":64,"column":19},"end":{"line":64,"column":35}},"25":{"start":{"line":65,"column":19},"end":{"line":65,"column":45}},"26":{"start":{"line":66,"column":18},"end":{"line":66,"column":52}},"27":{"start":{"line":68,"column":17},"end":{"line":68,"column":70}},"28":{"start":{"line":70,"column":2},"end":{"line":78,"column":4}},"29":{"start":{"line":82,"column":18},"end":{"line":82,"column":61}},"30":{"start":{"line":84,"column":2},"end":{"line":91,"column":3}},"31":{"start":{"line":85,"column":4},"end":{"line":90,"column":6}},"32":{"start":{"line":93,"column":2},"end":{"line":100,"column":3}},"33":{"start":{"line":94,"column":4},"end":{"line":99,"column":6}},"34":{"start":{"line":102,"column":2},"end":{"line":109,"column":3}},"35":{"start":{"line":103,"column":4},"end":{"line":108,"column":6}},"36":{"start":{"line":111,"column":2},"end":{"line":118,"column":3}},"37":{"start":{"line":112,"column":4},"end":{"line":117,"column":6}},"38":{"start":{"line":120,"column":2},"end":{"line":127,"column":3}},"39":{"start":{"line":121,"column":4},"end":{"line":126,"column":6}},"40":{"start":{"line":129,"column":2},"end":{"line":131,"column":3}},"41":{"start":{"line":130,"column":4},"end":{"line":130,"column":119}},"42":{"start":{"line":133,"column":2},"end":{"line":135,"column":3}},"43":{"start":{"line":134,"column":4},"end":{"line":134,"column":113}},"44":{"start":{"line":137,"column":2},"end":{"line":144,"column":3}},"45":{"start":{"line":138,"column":4},"end":{"line":143,"column":6}},"46":{"start":{"line":146,"column":2},"end":{"line":153,"column":3}},"47":{"start":{"line":147,"column":4},"end":{"line":152,"column":6}},"48":{"start":{"line":155,"column":2},"end":{"line":157,"column":3}},"49":{"start":{"line":156,"column":4},"end":{"line":156,"column":113}},"50":{"start":{"line":159,"column":2},"end":{"line":161,"column":3}},"51":{"start":{"line":160,"column":4},"end":{"line":160,"column":113}},"52":{"start":{"line":163,"column":2},"end":{"line":176,"column":3}},"53":{"start":{"line":164,"column":4},"end":{"line":166,"column":5}},"54":{"start":{"line":165,"column":6},"end":{"line":165,"column":113}},"55":{"start":{"line":168,"column":4},"end":{"line":175,"column":5}},"56":{"start":{"line":169,"column":6},"end":{"line":174,"column":8}},"57":{"start":{"line":178,"column":2},"end":{"line":215,"column":3}},"58":{"start":{"line":179,"column":4},"end":{"line":181,"column":5}},"59":{"start":{"line":180,"column":6},"end":{"line":180,"column":115}},"60":{"start":{"line":183,"column":4},"end":{"line":185,"column":5}},"61":{"start":{"line":184,"column":6},"end":{"line":184,"column":120}},"62":{"start":{"line":187,"column":4},"end":{"line":194,"column":5}},"63":{"start":{"line":188,"column":6},"end":{"line":193,"column":8}},"64":{"start":{"line":196,"column":4},"end":{"line":203,"column":5}},"65":{"start":{"line":197,"column":6},"end":{"line":202,"column":8}},"66":{"start":{"line":205,"column":22},"end":{"line":205,"column":73}},"67":{"start":{"line":206,"column":18},"end":{"line":206,"column":42}},"68":{"start":{"line":207,"column":4},"end":{"line":214,"column":5}},"69":{"start":{"line":208,"column":6},"end":{"line":213,"column":8}},"70":{"start":{"line":217,"column":2},"end":{"line":224,"column":3}},"71":{"start":{"line":218,"column":4},"end":{"line":223,"column":6}},"72":{"start":{"line":226,"column":2},"end":{"line":226,"column":95}},"73":{"start":{"line":230,"column":2},"end":{"line":230,"column":49}},"74":{"start":{"line":230,"column":30},"end":{"line":230,"column":49}},"75":{"start":{"line":231,"column":2},"end":{"line":231,"column":50}},"76":{"start":{"line":231,"column":30},"end":{"line":231,"column":50}},"77":{"start":{"line":232,"column":2},"end":{"line":232,"column":54}},"78":{"start":{"line":232,"column":31},"end":{"line":232,"column":54}},"79":{"start":{"line":233,"column":2},"end":{"line":233,"column":14}},"80":{"start":{"line":237,"column":17},"end":{"line":237,"column":89}},"81":{"start":{"line":237,"column":54},"end":{"line":237,"column":88}},"82":{"start":{"line":239,"column":2},"end":{"line":245,"column":3}},"83":{"start":{"line":240,"column":4},"end":{"line":244,"column":6}},"84":{"start":{"line":247,"column":19},"end":{"line":247,"column":77}},"85":{"start":{"line":247,"column":40},"end":{"line":247,"column":76}},"86":{"start":{"line":248,"column":21},"end":{"line":248,"column":109}},"87":{"start":{"line":248,"column":42},"end":{"line":248,"column":108}},"88":{"start":{"line":250,"column":2},"end":{"line":256,"column":3}},"89":{"start":{"line":251,"column":4},"end":{"line":255,"column":6}},"90":{"start":{"line":258,"column":2},"end":{"line":258,"column":78}},"91":{"start":{"line":266,"column":2},"end":{"line":268,"column":3}},"92":{"start":{"line":267,"column":4},"end":{"line":267,"column":16}},"93":{"start":{"line":270,"column":23},"end":{"line":270,"column":94}},"94":{"start":{"line":272,"column":2},"end":{"line":277,"column":3}},"95":{"start":{"line":272,"column":15},"end":{"line":272,"column":16}},"96":{"start":{"line":273,"column":22},"end":{"line":273,"column":74}},"97":{"start":{"line":274,"column":4},"end":{"line":276,"column":5}},"98":{"start":{"line":275,"column":6},"end":{"line":275,"column":23}},"99":{"start":{"line":279,"column":2},"end":{"line":279,"column":14}},"100":{"start":{"line":287,"column":21},"end":{"line":287,"column":48}},"101":{"start":{"line":288,"column":2},"end":{"line":290,"column":3}},"102":{"start":{"line":289,"column":4},"end":{"line":289,"column":32}},"103":{"start":{"line":292,"column":38},"end":{"line":300,"column":4}},"104":{"start":{"line":302,"column":2},"end":{"line":302,"column":87}},"105":{"start":{"line":307,"column":2},"end":{"line":311,"column":3}},"106":{"start":{"line":308,"column":19},"end":{"line":308,"column":48}},"107":{"start":{"line":309,"column":4},"end":{"line":309,"column":54}},"108":{"start":{"line":310,"column":4},"end":{"line":310,"column":124}},"109":{"start":{"line":313,"column":2},"end":{"line":315,"column":3}},"110":{"start":{"line":314,"column":4},"end":{"line":314,"column":124}},"111":{"start":{"line":317,"column":2},"end":{"line":339,"column":3}},"112":{"start":{"line":318,"column":20},"end":{"line":318,"column":37}},"113":{"start":{"line":319,"column":20},"end":{"line":319,"column":75}},"114":{"start":{"line":320,"column":18},"end":{"line":320,"column":35}},"115":{"start":{"line":322,"column":4},"end":{"line":322,"column":53}},"116":{"start":{"line":323,"column":4},"end":{"line":323,"column":65}},"117":{"start":{"line":324,"column":4},"end":{"line":324,"column":40}},"118":{"start":{"line":325,"column":4},"end":{"line":325,"column":50}},"119":{"start":{"line":327,"column":34},"end":{"line":328,"column":null}},"120":{"start":{"line":328,"column":14},"end":{"line":328,"column":77}},"121":{"start":{"line":330,"column":4},"end":{"line":330,"column":51}},"122":{"start":{"line":332,"column":4},"end":{"line":336,"column":6}},"123":{"start":{"line":338,"column":4},"end":{"line":338,"column":124}},"124":{"start":{"line":341,"column":2},"end":{"line":371,"column":3}},"125":{"start":{"line":342,"column":4},"end":{"line":342,"column":96}},"126":{"start":{"line":342,"column":73},"end":{"line":342,"column":94}},"127":{"start":{"line":343,"column":4},"end":{"line":345,"column":5}},"128":{"start":{"line":344,"column":6},"end":{"line":344,"column":52}},"129":{"start":{"line":347,"column":4},"end":{"line":347,"column":100}},"130":{"start":{"line":347,"column":77},"end":{"line":347,"column":98}},"131":{"start":{"line":348,"column":23},"end":{"line":348,"column":111}},"132":{"start":{"line":349,"column":4},"end":{"line":349,"column":46}},"133":{"start":{"line":351,"column":22},"end":{"line":351,"column":57}},"134":{"start":{"line":352,"column":30},"end":{"line":352,"column":52}},"135":{"start":{"line":353,"column":4},"end":{"line":355,"column":5}},"136":{"start":{"line":354,"column":6},"end":{"line":354,"column":28}},"137":{"start":{"line":357,"column":4},"end":{"line":370,"column":6}},"138":{"start":{"line":373,"column":38},"end":{"line":387,"column":4}},"139":{"start":{"line":389,"column":2},"end":{"line":395,"column":4}}},"fnMap":{"0":{"name":"initializeBettingRound","decl":{"start":{"line":24,"column":16},"end":{"line":24,"column":38}},"loc":{"start":{"line":24,"column":53},"end":{"line":32,"column":1}}},"1":{"name":"addUnique","decl":{"start":{"line":34,"column":9},"end":{"line":34,"column":18}},"loc":{"start":{"line":34,"column":49},"end":{"line":36,"column":1}}},"2":{"name":"applyChipCommit","decl":{"start":{"line":38,"column":9},"end":{"line":38,"column":24}},"loc":{"start":{"line":38,"column":95},"end":{"line":42,"column":1}}},"3":{"name":"toCall","decl":{"start":{"line":44,"column":9},"end":{"line":44,"column":15}},"loc":{"start":{"line":44,"column":57},"end":{"line":47,"column":1}}},"4":{"name":"minRaiseTo","decl":{"start":{"line":49,"column":9},"end":{"line":49,"column":19}},"loc":{"start":{"line":49,"column":43},"end":{"line":51,"column":1}}},"5":{"name":"maxRaiseTo","decl":{"start":{"line":53,"column":9},"end":{"line":53,"column":19}},"loc":{"start":{"line":53,"column":61},"end":{"line":58,"column":1}}},"6":{"name":"(anonymous_6)","decl":{"start":{"line":55,"column":72},"end":{"line":55,"column":73}},"loc":{"start":{"line":55,"column":89},"end":{"line":55,"column":101}}},"7":{"name":"computeAllowedActions","decl":{"start":{"line":60,"column":16},"end":{"line":60,"column":37}},"loc":{"start":{"line":60,"column":79},"end":{"line":79,"column":1}}},"8":{"name":"validateAction","decl":{"start":{"line":81,"column":16},"end":{"line":81,"column":30}},"loc":{"start":{"line":81,"column":81},"end":{"line":227,"column":1}}},"9":{"name":"nextStreet","decl":{"start":{"line":229,"column":9},"end":{"line":229,"column":19}},"loc":{"start":{"line":229,"column":34},"end":{"line":234,"column":1}}},"10":{"name":"isStreetComplete","decl":{"start":{"line":236,"column":16},"end":{"line":236,"column":32}},"loc":{"start":{"line":236,"column":56},"end":{"line":259,"column":1}}},"11":{"name":"(anonymous_11)","decl":{"start":{"line":237,"column":46},"end":{"line":237,"column":47}},"loc":{"start":{"line":237,"column":54},"end":{"line":237,"column":88}}},"12":{"name":"(anonymous_12)","decl":{"start":{"line":247,"column":32},"end":{"line":247,"column":33}},"loc":{"start":{"line":247,"column":40},"end":{"line":247,"column":76}}},"13":{"name":"(anonymous_13)","decl":{"start":{"line":248,"column":34},"end":{"line":248,"column":35}},"loc":{"start":{"line":248,"column":42},"end":{"line":248,"column":108}}},"14":{"name":"getNextActingPlayer","decl":{"start":{"line":261,"column":16},"end":{"line":261,"column":35}},"loc":{"start":{"line":264,"column":27},"end":{"line":280,"column":1}}},"15":{"name":"applyAction","decl":{"start":{"line":282,"column":16},"end":{"line":282,"column":27}},"loc":{"start":{"line":285,"column":41},"end":{"line":396,"column":1}}},"16":{"name":"(anonymous_16)","decl":{"start":{"line":328,"column":6},"end":{"line":328,"column":7}},"loc":{"start":{"line":328,"column":14},"end":{"line":328,"column":77}}},"17":{"name":"(anonymous_17)","decl":{"start":{"line":342,"column":65},"end":{"line":342,"column":66}},"loc":{"start":{"line":342,"column":73},"end":{"line":342,"column":94}}},"18":{"name":"(anonymous_18)","decl":{"start":{"line":347,"column":69},"end":{"line":347,"column":70}},"loc":{"start":{"line":347,"column":77},"end":{"line":347,"column":98}}}},"branchMap":{"0":{"loc":{"start":{"line":35,"column":9},"end":{"line":35,"column":58}},"type":"cond-expr","locations":[{"start":{"line":35,"column":33},"end":{"line":35,"column":38}},{"start":{"line":35,"column":41},"end":{"line":35,"column":58}}]},"1":{"loc":{"start":{"line":45,"column":20},"end":{"line":45,"column":65}},"type":"binary-expr","locations":[{"start":{"line":45,"column":20},"end":{"line":45,"column":60}},{"start":{"line":45,"column":64},"end":{"line":45,"column":65}}]},"2":{"loc":{"start":{"line":54,"column":20},"end":{"line":54,"column":65}},"type":"binary-expr","locations":[{"start":{"line":54,"column":20},"end":{"line":54,"column":60}},{"start":{"line":54,"column":64},"end":{"line":54,"column":65}}]},"3":{"loc":{"start":{"line":66,"column":18},"end":{"line":66,"column":52}},"type":"binary-expr","locations":[{"start":{"line":66,"column":18},"end":{"line":66,"column":47}},{"start":{"line":66,"column":51},"end":{"line":66,"column":52}}]},"4":{"loc":{"start":{"line":68,"column":17},"end":{"line":68,"column":70}},"type":"binary-expr","locations":[{"start":{"line":68,"column":17},"end":{"line":68,"column":24}},{"start":{"line":68,"column":28},"end":{"line":68,"column":35}},{"start":{"line":68,"column":39},"end":{"line":68,"column":70}}]},"5":{"loc":{"start":{"line":71,"column":14},"end":{"line":71,"column":34}},"type":"binary-expr","locations":[{"start":{"line":71,"column":14},"end":{"line":71,"column":20}},{"start":{"line":71,"column":24},"end":{"line":71,"column":34}}]},"6":{"loc":{"start":{"line":72,"column":13},"end":{"line":72,"column":31}},"type":"binary-expr","locations":[{"start":{"line":72,"column":13},"end":{"line":72,"column":19}},{"start":{"line":72,"column":23},"end":{"line":72,"column":31}}]},"7":{"loc":{"start":{"line":73,"column":14},"end":{"line":73,"column":62}},"type":"binary-expr","locations":[{"start":{"line":73,"column":14},"end":{"line":73,"column":20}},{"start":{"line":73,"column":24},"end":{"line":73,"column":44}},{"start":{"line":73,"column":48},"end":{"line":73,"column":62}}]},"8":{"loc":{"start":{"line":84,"column":2},"end":{"line":91,"column":3}},"type":"if","locations":[{"start":{"line":84,"column":2},"end":{"line":91,"column":3}}]},"9":{"loc":{"start":{"line":93,"column":2},"end":{"line":100,"column":3}},"type":"if","locations":[{"start":{"line":93,"column":2},"end":{"line":100,"column":3}}]},"10":{"loc":{"start":{"line":102,"column":2},"end":{"line":109,"column":3}},"type":"if","locations":[{"start":{"line":102,"column":2},"end":{"line":109,"column":3}}]},"11":{"loc":{"start":{"line":102,"column":6},"end":{"line":102,"column":77}},"type":"binary-expr","locations":[{"start":{"line":102,"column":6},"end":{"line":102,"column":40}},{"start":{"line":102,"column":44},"end":{"line":102,"column":77}}]},"12":{"loc":{"start":{"line":111,"column":2},"end":{"line":118,"column":3}},"type":"if","locations":[{"start":{"line":111,"column":2},"end":{"line":118,"column":3}}]},"13":{"loc":{"start":{"line":120,"column":2},"end":{"line":127,"column":3}},"type":"if","locations":[{"start":{"line":120,"column":2},"end":{"line":127,"column":3}}]},"14":{"loc":{"start":{"line":120,"column":31},"end":{"line":120,"column":82}},"type":"binary-expr","locations":[{"start":{"line":120,"column":31},"end":{"line":120,"column":77}},{"start":{"line":120,"column":81},"end":{"line":120,"column":82}}]},"15":{"loc":{"start":{"line":129,"column":2},"end":{"line":131,"column":3}},"type":"if","locations":[{"start":{"line":129,"column":2},"end":{"line":131,"column":3}}]},"16":{"loc":{"start":{"line":129,"column":6},"end":{"line":129,"column":73}},"type":"binary-expr","locations":[{"start":{"line":129,"column":6},"end":{"line":129,"column":38}},{"start":{"line":129,"column":42},"end":{"line":129,"column":73}}]},"17":{"loc":{"start":{"line":133,"column":2},"end":{"line":135,"column":3}},"type":"if","locations":[{"start":{"line":133,"column":2},"end":{"line":135,"column":3}}]},"18":{"loc":{"start":{"line":137,"column":2},"end":{"line":144,"column":3}},"type":"if","locations":[{"start":{"line":137,"column":2},"end":{"line":144,"column":3}}]},"19":{"loc":{"start":{"line":146,"column":2},"end":{"line":153,"column":3}},"type":"if","locations":[{"start":{"line":146,"column":2},"end":{"line":153,"column":3}}]},"20":{"loc":{"start":{"line":155,"column":2},"end":{"line":157,"column":3}},"type":"if","locations":[{"start":{"line":155,"column":2},"end":{"line":157,"column":3}}]},"21":{"loc":{"start":{"line":155,"column":6},"end":{"line":155,"column":58}},"type":"binary-expr","locations":[{"start":{"line":155,"column":6},"end":{"line":155,"column":38}},{"start":{"line":155,"column":42},"end":{"line":155,"column":58}}]},"22":{"loc":{"start":{"line":159,"column":2},"end":{"line":161,"column":3}},"type":"if","locations":[{"start":{"line":159,"column":2},"end":{"line":161,"column":3}}]},"23":{"loc":{"start":{"line":159,"column":6},"end":{"line":159,"column":65}},"type":"binary-expr","locations":[{"start":{"line":159,"column":6},"end":{"line":159,"column":44}},{"start":{"line":159,"column":48},"end":{"line":159,"column":65}}]},"24":{"loc":{"start":{"line":163,"column":2},"end":{"line":176,"column":3}},"type":"if","locations":[{"start":{"line":163,"column":2},"end":{"line":176,"column":3}}]},"25":{"loc":{"start":{"line":164,"column":4},"end":{"line":166,"column":5}},"type":"if","locations":[{"start":{"line":164,"column":4},"end":{"line":166,"column":5}}]},"26":{"loc":{"start":{"line":168,"column":4},"end":{"line":175,"column":5}},"type":"if","locations":[{"start":{"line":168,"column":4},"end":{"line":175,"column":5}}]},"27":{"loc":{"start":{"line":168,"column":9},"end":{"line":168,"column":49}},"type":"binary-expr","locations":[{"start":{"line":168,"column":9},"end":{"line":168,"column":44}},{"start":{"line":168,"column":48},"end":{"line":168,"column":49}}]},"28":{"loc":{"start":{"line":178,"column":2},"end":{"line":215,"column":3}},"type":"if","locations":[{"start":{"line":178,"column":2},"end":{"line":215,"column":3}}]},"29":{"loc":{"start":{"line":179,"column":4},"end":{"line":181,"column":5}},"type":"if","locations":[{"start":{"line":179,"column":4},"end":{"line":181,"column":5}}]},"30":{"loc":{"start":{"line":183,"column":4},"end":{"line":185,"column":5}},"type":"if","locations":[{"start":{"line":183,"column":4},"end":{"line":185,"column":5}}]},"31":{"loc":{"start":{"line":187,"column":4},"end":{"line":194,"column":5}},"type":"if","locations":[{"start":{"line":187,"column":4},"end":{"line":194,"column":5}}]},"32":{"loc":{"start":{"line":196,"column":4},"end":{"line":203,"column":5}},"type":"if","locations":[{"start":{"line":196,"column":4},"end":{"line":203,"column":5}}]},"33":{"loc":{"start":{"line":205,"column":22},"end":{"line":205,"column":73}},"type":"binary-expr","locations":[{"start":{"line":205,"column":22},"end":{"line":205,"column":68}},{"start":{"line":205,"column":72},"end":{"line":205,"column":73}}]},"34":{"loc":{"start":{"line":207,"column":4},"end":{"line":214,"column":5}},"type":"if","locations":[{"start":{"line":207,"column":4},"end":{"line":214,"column":5}}]},"35":{"loc":{"start":{"line":207,"column":9},"end":{"line":207,"column":49}},"type":"binary-expr","locations":[{"start":{"line":207,"column":9},"end":{"line":207,"column":44}},{"start":{"line":207,"column":48},"end":{"line":207,"column":49}}]},"36":{"loc":{"start":{"line":217,"column":2},"end":{"line":224,"column":3}},"type":"if","locations":[{"start":{"line":217,"column":2},"end":{"line":224,"column":3}}]},"37":{"loc":{"start":{"line":230,"column":2},"end":{"line":230,"column":49}},"type":"if","locations":[{"start":{"line":230,"column":2},"end":{"line":230,"column":49}}]},"38":{"loc":{"start":{"line":231,"column":2},"end":{"line":231,"column":50}},"type":"if","locations":[{"start":{"line":231,"column":2},"end":{"line":231,"column":50}}]},"39":{"loc":{"start":{"line":232,"column":2},"end":{"line":232,"column":54}},"type":"if","locations":[{"start":{"line":232,"column":2},"end":{"line":232,"column":54}}]},"40":{"loc":{"start":{"line":239,"column":2},"end":{"line":245,"column":3}},"type":"if","locations":[{"start":{"line":239,"column":2},"end":{"line":245,"column":3}}]},"41":{"loc":{"start":{"line":243,"column":14},"end":{"line":243,"column":82}},"type":"cond-expr","locations":[{"start":{"line":243,"column":36},"end":{"line":243,"column":55}},{"start":{"line":243,"column":58},"end":{"line":243,"column":82}}]},"42":{"loc":{"start":{"line":248,"column":43},"end":{"line":248,"column":82}},"type":"binary-expr","locations":[{"start":{"line":248,"column":43},"end":{"line":248,"column":77}},{"start":{"line":248,"column":81},"end":{"line":248,"column":82}}]},"43":{"loc":{"start":{"line":250,"column":2},"end":{"line":256,"column":3}},"type":"if","locations":[{"start":{"line":250,"column":2},"end":{"line":256,"column":3}}]},"44":{"loc":{"start":{"line":250,"column":6},"end":{"line":250,"column":28}},"type":"binary-expr","locations":[{"start":{"line":250,"column":6},"end":{"line":250,"column":14}},{"start":{"line":250,"column":18},"end":{"line":250,"column":28}}]},"45":{"loc":{"start":{"line":266,"column":2},"end":{"line":268,"column":3}},"type":"if","locations":[{"start":{"line":266,"column":2},"end":{"line":268,"column":3}}]},"46":{"loc":{"start":{"line":270,"column":23},"end":{"line":270,"column":94}},"type":"cond-expr","locations":[{"start":{"line":270,"column":47},"end":{"line":270,"column":89}},{"start":{"line":270,"column":92},"end":{"line":270,"column":94}}]},"47":{"loc":{"start":{"line":274,"column":4},"end":{"line":276,"column":5}},"type":"if","locations":[{"start":{"line":274,"column":4},"end":{"line":276,"column":5}}]},"48":{"loc":{"start":{"line":285,"column":2},"end":{"line":285,"column":41}},"type":"default-arg","locations":[{"start":{"line":285,"column":24},"end":{"line":285,"column":41}}]},"49":{"loc":{"start":{"line":288,"column":2},"end":{"line":290,"column":3}},"type":"if","locations":[{"start":{"line":288,"column":2},"end":{"line":290,"column":3}}]},"50":{"loc":{"start":{"line":307,"column":2},"end":{"line":311,"column":3}},"type":"if","locations":[{"start":{"line":307,"column":2},"end":{"line":311,"column":3}}]},"51":{"loc":{"start":{"line":313,"column":2},"end":{"line":315,"column":3}},"type":"if","locations":[{"start":{"line":313,"column":2},"end":{"line":315,"column":3}}]},"52":{"loc":{"start":{"line":317,"column":2},"end":{"line":339,"column":3}},"type":"if","locations":[{"start":{"line":317,"column":2},"end":{"line":339,"column":3}}]},"53":{"loc":{"start":{"line":318,"column":20},"end":{"line":318,"column":37}},"type":"binary-expr","locations":[{"start":{"line":318,"column":20},"end":{"line":318,"column":32}},{"start":{"line":318,"column":36},"end":{"line":318,"column":37}}]},"54":{"loc":{"start":{"line":319,"column":20},"end":{"line":319,"column":75}},"type":"binary-expr","locations":[{"start":{"line":319,"column":20},"end":{"line":319,"column":70}},{"start":{"line":319,"column":74},"end":{"line":319,"column":75}}]},"55":{"loc":{"start":{"line":328,"column":14},"end":{"line":328,"column":77}},"type":"binary-expr","locations":[{"start":{"line":328,"column":14},"end":{"line":328,"column":35}},{"start":{"line":328,"column":39},"end":{"line":328,"column":77}}]},"56":{"loc":{"start":{"line":341,"column":2},"end":{"line":371,"column":3}},"type":"if","locations":[{"start":{"line":341,"column":2},"end":{"line":371,"column":3}}]},"57":{"loc":{"start":{"line":343,"column":4},"end":{"line":345,"column":5}},"type":"if","locations":[{"start":{"line":343,"column":4},"end":{"line":345,"column":5}}]},"58":{"loc":{"start":{"line":353,"column":4},"end":{"line":355,"column":5}},"type":"if","locations":[{"start":{"line":353,"column":4},"end":{"line":355,"column":5}}]},"59":{"loc":{"start":{"line":380,"column":12},"end":{"line":380,"column":29}},"type":"binary-expr","locations":[{"start":{"line":380,"column":12},"end":{"line":380,"column":24}},{"start":{"line":380,"column":28},"end":{"line":380,"column":29}}]}},"s":{"0":1,"1":1,"2":1,"3":1,"4":1,"5":1,"6":1,"7":1,"8":100,"9":100,"10":0,"11":0,"12":0,"13":200,"14":200,"15":200,"16":200,"17":200,"18":1200,"19":200,"20":200,"21":200,"22":200,"23":200,"24":200,"25":200,"26":200,"27":200,"28":200,"29":200,"30":200,"31":0,"32":200,"33":0,"34":200,"35":0,"36":200,"37":0,"38":200,"39":0,"40":200,"41":0,"42":200,"43":0,"44":200,"45":0,"46":200,"47":0,"48":200,"49":0,"50":200,"51":0,"52":200,"53":0,"54":0,"55":0,"56":0,"57":200,"58":0,"59":0,"60":0,"61":0,"62":0,"63":0,"64":0,"65":0,"66":0,"67":0,"68":0,"69":0,"70":200,"71":0,"72":200,"73":0,"74":0,"75":0,"76":0,"77":0,"78":0,"79":0,"80":0,"81":0,"82":0,"83":0,"84":0,"85":0,"86":0,"87":0,"88":0,"89":0,"90":0,"91":100,"92":0,"93":100,"94":100,"95":100,"96":100,"97":100,"98":100,"99":0,"100":100,"101":100,"102":0,"103":100,"104":100,"105":100,"106":0,"107":0,"108":0,"109":100,"110":0,"111":100,"112":0,"113":0,"114":0,"115":0,"116":0,"117":0,"118":0,"119":0,"120":0,"121":0,"122":0,"123":0,"124":100,"125":100,"126":600,"127":100,"128":100,"129":100,"130":100,"131":100,"132":100,"133":100,"134":100,"135":100,"136":100,"137":100,"138":100,"139":100},"f":{"0":100,"1":100,"2":0,"3":200,"4":200,"5":200,"6":1200,"7":200,"8":200,"9":0,"10":0,"11":0,"12":0,"13":0,"14":100,"15":100,"16":0,"17":600,"18":100},"b":{"0":[0,100],"1":[200,0],"2":[200,0],"3":[200,0],"4":[200,200,200],"5":[200,200],"6":[200,200],"7":[200,200,200],"8":[0],"9":[0],"10":[0],"11":[200,0],"12":[0],"13":[0],"14":[200,0],"15":[0],"16":[200,200],"17":[0],"18":[0],"19":[0],"20":[0],"21":[200,0],"22":[0],"23":[200,0],"24":[0],"25":[0],"26":[0],"27":[0,0],"28":[0],"29":[0],"30":[0],"31":[0],"32":[0],"33":[0,0],"34":[0],"35":[0,0],"36":[0],"37":[0],"38":[0],"39":[0],"40":[0],"41":[0,0],"42":[0,0],"43":[0],"44":[0,0],"45":[0],"46":[100,0],"47":[100],"48":[0],"49":[0],"50":[0],"51":[0],"52":[0],"53":[0,0],"54":[0,0],"55":[0,0],"56":[100],"57":[100],"58":[100],"59":[100,100]}}
,"C:\\Users\\surus\\OneDrive\\デスクトップ\\fastfold-omaha\\src\\engine\\betting\\types.ts": {"path":"C:\\Users\\surus\\OneDrive\\デスクトップ\\fastfold-omaha\\src\\engine\\betting\\types.ts","statementMap":{"0":{"start":{"line":3,"column":0},"end":{"line":3,"column":null}},"1":{"start":{"line":4,"column":2},"end":{"line":4,"column":null}},"2":{"start":{"line":5,"column":2},"end":{"line":5,"column":null}},"3":{"start":{"line":6,"column":2},"end":{"line":6,"column":null}},"4":{"start":{"line":7,"column":2},"end":{"line":7,"column":null}},"5":{"start":{"line":8,"column":2},"end":{"line":8,"column":null}},"6":{"start":{"line":11,"column":0},"end":{"line":11,"column":null}},"7":{"start":{"line":12,"column":2},"end":{"line":12,"column":null}},"8":{"start":{"line":13,"column":2},"end":{"line":13,"column":null}},"9":{"start":{"line":14,"column":2},"end":{"line":14,"column":null}},"10":{"start":{"line":15,"column":2},"end":{"line":15,"column":null}},"11":{"start":{"line":16,"column":2},"end":{"line":16,"column":null}},"12":{"start":{"line":17,"column":2},"end":{"line":17,"column":null}},"13":{"start":{"line":18,"column":2},"end":{"line":18,"column":null}},"14":{"start":{"line":19,"column":2},"end":{"line":19,"column":null}},"15":{"start":{"line":20,"column":2},"end":{"line":20,"column":null}},"16":{"start":{"line":21,"column":2},"end":{"line":21,"column":null}},"17":{"start":{"line":22,"column":2},"end":{"line":22,"column":null}},"18":{"start":{"line":23,"column":2},"end":{"line":23,"column":null}},"19":{"start":{"line":24,"column":2},"end":{"line":24,"column":null}},"20":{"start":{"line":25,"column":2},"end":{"line":25,"column":null}},"21":{"start":{"line":26,"column":2},"end":{"line":26,"column":null}},"22":{"start":{"line":27,"column":2},"end":{"line":27,"column":null}},"23":{"start":{"line":28,"column":2},"end":{"line":28,"column":null}},"24":{"start":{"line":29,"column":2},"end":{"line":29,"column":null}},"25":{"start":{"line":30,"column":2},"end":{"line":30,"column":null}},"26":{"start":{"line":31,"column":2},"end":{"line":31,"column":null}}},"fnMap":{"0":{"name":"(anonymous_0)","decl":{"start":{"line":3,"column":0},"end":{"line":3,"column":12}},"loc":{"start":{"line":3,"column":29},"end":{"line":9,"column":1}}},"1":{"name":"(anonymous_1)","decl":{"start":{"line":11,"column":0},"end":{"line":11,"column":12}},"loc":{"start":{"line":11,"column":33},"end":{"line":32,"column":1}}}},"branchMap":{"0":{"loc":{"start":{"line":3,"column":12},"end":{"line":3,"column":null}},"type":"binary-expr","locations":[{"start":{"line":3,"column":12},"end":{"line":3,"column":29}},{"start":{"line":3,"column":29},"end":{"line":3,"column":null}}]},"1":{"loc":{"start":{"line":11,"column":12},"end":{"line":11,"column":null}},"type":"binary-expr","locations":[{"start":{"line":11,"column":12},"end":{"line":11,"column":33}},{"start":{"line":11,"column":33},"end":{"line":11,"column":null}}]}},"s":{"0":1,"1":1,"2":1,"3":1,"4":1,"5":1,"6":1,"7":1,"8":1,"9":1,"10":1,"11":1,"12":1,"13":1,"14":1,"15":1,"16":1,"17":1,"18":1,"19":1,"20":1,"21":1,"22":1,"23":1,"24":1,"25":1,"26":1},"f":{"0":1,"1":1},"b":{"0":[1,1],"1":[1,1]}}
,"C:\\Users\\surus\\OneDrive\\デスクトップ\\fastfold-omaha\\src\\engine\\fast-fold-durability\\index.ts": {"path":"C:\\Users\\surus\\OneDrive\\デスクトップ\\fastfold-omaha\\src\\engine\\fast-fold-durability\\index.ts","statementMap":{"0":{"start":{"line":63,"column":0},"end":{"line":63,"column":16}},"1":{"start":{"line":127,"column":0},"end":{"line":127,"column":16}},"2":{"start":{"line":32,"column":2},"end":{"line":41,"column":3}},"3":{"start":{"line":33,"column":4},"end":{"line":40,"column":6}},"4":{"start":{"line":43,"column":17},"end":{"line":43,"column":64}},"5":{"start":{"line":43,"column":51},"end":{"line":43,"column":63}},"6":{"start":{"line":44,"column":14},"end":{"line":44,"column":63}},"7":{"start":{"line":44,"column":46},"end":{"line":44,"column":59}},"8":{"start":{"line":46,"column":21},"end":{"line":49,"column":3}},"9":{"start":{"line":47,"column":18},"end":{"line":47,"column":96}},"10":{"start":{"line":48,"column":4},"end":{"line":48,"column":25}},"11":{"start":{"line":51,"column":17},"end":{"line":51,"column":32}},"12":{"start":{"line":53,"column":2},"end":{"line":60,"column":4}},"13":{"start":{"line":64,"column":28},"end":{"line":70,"column":null}},"14":{"start":{"line":66,"column":6},"end":{"line":70,"column":56}},"15":{"start":{"line":73,"column":31},"end":{"line":75,"column":66}},"16":{"start":{"line":74,"column":21},"end":{"line":74,"column":44}},"17":{"start":{"line":75,"column":40},"end":{"line":75,"column":65}},"18":{"start":{"line":77,"column":38},"end":{"line":79,"column":66}},"19":{"start":{"line":78,"column":21},"end":{"line":78,"column":51}},"20":{"start":{"line":79,"column":40},"end":{"line":79,"column":65}},"21":{"start":{"line":81,"column":30},"end":{"line":81,"column":83}},"22":{"start":{"line":81,"column":57},"end":{"line":81,"column":75}},"23":{"start":{"line":82,"column":21},"end":{"line":84,"column":null}},"24":{"start":{"line":83,"column":23},"end":{"line":83,"column":74}},"25":{"start":{"line":86,"column":21},"end":{"line":86,"column":70}},"26":{"start":{"line":86,"column":48},"end":{"line":86,"column":62}},"27":{"start":{"line":87,"column":23},"end":{"line":88,"column":null}},"28":{"start":{"line":88,"column":16},"end":{"line":88,"column":80}},"29":{"start":{"line":91,"column":29},"end":{"line":91,"column":53}},"30":{"start":{"line":92,"column":25},"end":{"line":92,"column":95}},"31":{"start":{"line":94,"column":2},"end":{"line":112,"column":4}},"32":{"start":{"line":116,"column":2},"end":{"line":124,"column":15}},"33":{"start":{"line":128,"column":2},"end":{"line":139,"column":17}}},"fnMap":{"0":{"name":"summarizeMetric","decl":{"start":{"line":31,"column":9},"end":{"line":31,"column":24}},"loc":{"start":{"line":31,"column":41},"end":{"line":61,"column":1}}},"1":{"name":"(anonymous_1)","decl":{"start":{"line":43,"column":34},"end":{"line":43,"column":35}},"loc":{"start":{"line":43,"column":51},"end":{"line":43,"column":63}}},"2":{"name":"(anonymous_2)","decl":{"start":{"line":44,"column":28},"end":{"line":44,"column":29}},"loc":{"start":{"line":44,"column":46},"end":{"line":44,"column":59}}},"3":{"name":"(anonymous_3)","decl":{"start":{"line":46,"column":21},"end":{"line":46,"column":22}},"loc":{"start":{"line":46,"column":47},"end":{"line":49,"column":3}}},"4":{"name":"summarizeFastFoldDurabilitySession","decl":{"start":{"line":63,"column":16},"end":{"line":63,"column":50}},"loc":{"start":{"line":63,"column":86},"end":{"line":113,"column":1}}},"5":{"name":"(anonymous_5)","decl":{"start":{"line":65,"column":4},"end":{"line":65,"column":5}},"loc":{"start":{"line":66,"column":6},"end":{"line":70,"column":56}}},"6":{"name":"(anonymous_6)","decl":{"start":{"line":74,"column":9},"end":{"line":74,"column":10}},"loc":{"start":{"line":74,"column":21},"end":{"line":74,"column":44}}},"7":{"name":"(anonymous_7)","decl":{"start":{"line":75,"column":12},"end":{"line":75,"column":13}},"loc":{"start":{"line":75,"column":40},"end":{"line":75,"column":65}}},"8":{"name":"(anonymous_8)","decl":{"start":{"line":78,"column":9},"end":{"line":78,"column":10}},"loc":{"start":{"line":78,"column":21},"end":{"line":78,"column":51}}},"9":{"name":"(anonymous_9)","decl":{"start":{"line":79,"column":12},"end":{"line":79,"column":13}},"loc":{"start":{"line":79,"column":40},"end":{"line":79,"column":65}}},"10":{"name":"(anonymous_10)","decl":{"start":{"line":81,"column":45},"end":{"line":81,"column":46}},"loc":{"start":{"line":81,"column":57},"end":{"line":81,"column":75}}},"11":{"name":"(anonymous_11)","decl":{"start":{"line":83,"column":4},"end":{"line":83,"column":5}},"loc":{"start":{"line":83,"column":23},"end":{"line":83,"column":74}}},"12":{"name":"(anonymous_12)","decl":{"start":{"line":86,"column":36},"end":{"line":86,"column":37}},"loc":{"start":{"line":86,"column":48},"end":{"line":86,"column":62}}},"13":{"name":"(anonymous_13)","decl":{"start":{"line":88,"column":4},"end":{"line":88,"column":5}},"loc":{"start":{"line":88,"column":16},"end":{"line":88,"column":80}}},"14":{"name":"formatMetricSection","decl":{"start":{"line":115,"column":9},"end":{"line":115,"column":28}},"loc":{"start":{"line":115,"column":64},"end":{"line":125,"column":1}}},"15":{"name":"formatFastFoldDurabilityReport","decl":{"start":{"line":127,"column":16},"end":{"line":127,"column":46}},"loc":{"start":{"line":127,"column":79},"end":{"line":140,"column":1}}}},"branchMap":{"0":{"loc":{"start":{"line":32,"column":2},"end":{"line":41,"column":3}},"type":"if","locations":[{"start":{"line":32,"column":2},"end":{"line":41,"column":3}}]},"1":{"loc":{"start":{"line":66,"column":6},"end":{"line":70,"column":56}},"type":"binary-expr","locations":[{"start":{"line":66,"column":6},"end":{"line":66,"column":23}},{"start":{"line":67,"column":6},"end":{"line":67,"column":21}},{"start":{"line":68,"column":6},"end":{"line":68,"column":32}},{"start":{"line":69,"column":6},"end":{"line":69,"column":49}},{"start":{"line":70,"column":6},"end":{"line":70,"column":56}}]},"2":{"loc":{"start":{"line":83,"column":32},"end":{"line":83,"column":73}},"type":"cond-expr","locations":[{"start":{"line":83,"column":49},"end":{"line":83,"column":50}},{"start":{"line":83,"column":53},"end":{"line":83,"column":73}}]},"3":{"loc":{"start":{"line":88,"column":16},"end":{"line":88,"column":80}},"type":"binary-expr","locations":[{"start":{"line":88,"column":16},"end":{"line":88,"column":34}},{"start":{"line":88,"column":38},"end":{"line":88,"column":52}},{"start":{"line":88,"column":56},"end":{"line":88,"column":80}}]},"4":{"loc":{"start":{"line":92,"column":25},"end":{"line":92,"column":95}},"type":"cond-expr","locations":[{"start":{"line":92,"column":48},"end":{"line":92,"column":49}},{"start":{"line":92,"column":52},"end":{"line":92,"column":95}}]},"5":{"loc":{"start":{"line":96,"column":26},"end":{"line":96,"column":71}},"type":"cond-expr","locations":[{"start":{"line":96,"column":41},"end":{"line":96,"column":64}},{"start":{"line":96,"column":67},"end":{"line":96,"column":71}}]},"6":{"loc":{"start":{"line":104,"column":6},"end":{"line":111,"column":16}},"type":"cond-expr","locations":[{"start":{"line":110,"column":10},"end":{"line":110,"column":16}},{"start":{"line":111,"column":10},"end":{"line":111,"column":16}}]},"7":{"loc":{"start":{"line":104,"column":6},"end":{"line":109,"column":32}},"type":"binary-expr","locations":[{"start":{"line":104,"column":6},"end":{"line":104,"column":28}},{"start":{"line":105,"column":6},"end":{"line":105,"column":32}},{"start":{"line":106,"column":6},"end":{"line":106,"column":31}},{"start":{"line":107,"column":6},"end":{"line":107,"column":22}},{"start":{"line":108,"column":6},"end":{"line":108,"column":22}},{"start":{"line":109,"column":6},"end":{"line":109,"column":32}}]},"8":{"loc":{"start":{"line":131,"column":25},"end":{"line":131,"column":59}},"type":"binary-expr","locations":[{"start":{"line":131,"column":25},"end":{"line":131,"column":52}},{"start":{"line":131,"column":56},"end":{"line":131,"column":59}}]}},"s":{"0":1,"1":1,"2":2,"3":0,"4":2,"5":1018,"6":2,"7":200,"8":2,"9":8,"10":8,"11":2,"12":2,"13":1,"14":100,"15":1,"16":100,"17":100,"18":1,"19":100,"20":100,"21":1,"22":100,"23":1,"24":100,"25":1,"26":100,"27":1,"28":100,"29":1,"30":1,"31":1,"32":0,"33":0},"f":{"0":2,"1":1018,"2":200,"3":8,"4":1,"5":100,"6":100,"7":100,"8":100,"9":100,"10":100,"11":100,"12":100,"13":100,"14":0,"15":0},"b":{"0":[0],"1":[100,100,100,100,100],"2":[0,100],"3":[100,100,100],"4":[0,1],"5":[0,1],"6":[1,0],"7":[1,1,1,1,1,1],"8":[0,0]}}
,"C:\\Users\\surus\\OneDrive\\デスクトップ\\fastfold-omaha\\src\\engine\\fast-fold-durability\\real-simulation.ts": {"path":"C:\\Users\\surus\\OneDrive\\デスクトップ\\fastfold-omaha\\src\\engine\\fast-fold-durability\\real-simulation.ts","statementMap":{"0":{"start":{"line":322,"column":0},"end":{"line":322,"column":16}},"1":{"start":{"line":1,"column":0},"end":{"line":1,"column":54}},"2":{"start":{"line":10,"column":0},"end":{"line":10,"column":134}},"3":{"start":{"line":13,"column":0},"end":{"line":13,"column":63}},"4":{"start":{"line":15,"column":0},"end":{"line":15,"column":153}},"5":{"start":{"line":17,"column":0},"end":{"line":17,"column":76}},"6":{"start":{"line":18,"column":0},"end":{"line":18,"column":52}},"7":{"start":{"line":28,"column":0},"end":{"line":28,"column":85}},"8":{"start":{"line":49,"column":14},"end":{"line":49,"column":65}},"9":{"start":{"line":51,"column":2},"end":{"line":68,"column":4}},"10":{"start":{"line":53,"column":6},"end":{"line":53,"column":22}},"11":{"start":{"line":56,"column":6},"end":{"line":56,"column":49}},"12":{"start":{"line":59,"column":6},"end":{"line":59,"column":26}},"13":{"start":{"line":62,"column":6},"end":{"line":62,"column":22}},"14":{"start":{"line":65,"column":19},"end":{"line":65,"column":41}},"15":{"start":{"line":66,"column":6},"end":{"line":66,"column":33}},"16":{"start":{"line":72,"column":2},"end":{"line":103,"column":4}},"17":{"start":{"line":107,"column":2},"end":{"line":111,"column":4}},"18":{"start":{"line":115,"column":2},"end":{"line":120,"column":4}},"19":{"start":{"line":116,"column":41},"end":{"line":116,"column":72}},"20":{"start":{"line":117,"column":47},"end":{"line":117,"column":84}},"21":{"start":{"line":118,"column":36},"end":{"line":118,"column":67}},"22":{"start":{"line":119,"column":35},"end":{"line":119,"column":60}},"23":{"start":{"line":124,"column":16},"end":{"line":124,"column":52}},"24":{"start":{"line":125,"column":17},"end":{"line":125,"column":34}},"25":{"start":{"line":128,"column":4},"end":{"line":128,"column":34}},"26":{"start":{"line":132,"column":4},"end":{"line":132,"column":75}},"27":{"start":{"line":136,"column":19},"end":{"line":136,"column":54}},"28":{"start":{"line":137,"column":20},"end":{"line":137,"column":51}},"29":{"start":{"line":138,"column":21},"end":{"line":138,"column":39}},"30":{"start":{"line":139,"column":4},"end":{"line":141,"column":5}},"31":{"start":{"line":140,"column":6},"end":{"line":140,"column":22}},"32":{"start":{"line":143,"column":18},"end":{"line":143,"column":118}},"33":{"start":{"line":144,"column":45},"end":{"line":144,"column":47}},"34":{"start":{"line":145,"column":52},"end":{"line":145,"column":54}},"35":{"start":{"line":146,"column":50},"end":{"line":146,"column":52}},"36":{"start":{"line":148,"column":4},"end":{"line":152,"column":7}},"37":{"start":{"line":149,"column":6},"end":{"line":149,"column":26}},"38":{"start":{"line":150,"column":6},"end":{"line":150,"column":30}},"39":{"start":{"line":151,"column":6},"end":{"line":151,"column":28}},"40":{"start":{"line":154,"column":39},"end":{"line":169,"column":6}},"41":{"start":{"line":171,"column":4},"end":{"line":171,"column":32}},"42":{"start":{"line":172,"column":4},"end":{"line":172,"column":19}},"43":{"start":{"line":176,"column":4},"end":{"line":185,"column":6}},"44":{"start":{"line":183,"column":84},"end":{"line":183,"column":96}},"45":{"start":{"line":188,"column":2},"end":{"line":236,"column":4}},"46":{"start":{"line":190,"column":19},"end":{"line":190,"column":41}},"47":{"start":{"line":191,"column":21},"end":{"line":199,"column":37}},"48":{"start":{"line":201,"column":6},"end":{"line":205,"column":8}},"49":{"start":{"line":209,"column":19},"end":{"line":209,"column":41}},"50":{"start":{"line":210,"column":21},"end":{"line":221,"column":null}},"51":{"start":{"line":224,"column":6},"end":{"line":224,"column":75}},"52":{"start":{"line":226,"column":6},"end":{"line":234,"column":8}},"53":{"start":{"line":240,"column":2},"end":{"line":243,"column":4}},"54":{"start":{"line":241,"column":26},"end":{"line":241,"column":28}},"55":{"start":{"line":242,"column":26},"end":{"line":242,"column":28}},"56":{"start":{"line":247,"column":2},"end":{"line":249,"column":4}},"57":{"start":{"line":248,"column":22},"end":{"line":248,"column":24}},"58":{"start":{"line":253,"column":2},"end":{"line":260,"column":4}},"59":{"start":{"line":264,"column":15},"end":{"line":264,"column":75}},"60":{"start":{"line":265,"column":17},"end":{"line":265,"column":35}},"61":{"start":{"line":266,"column":2},"end":{"line":266,"column":87}},"62":{"start":{"line":266,"column":49},"end":{"line":266,"column":85}},"63":{"start":{"line":270,"column":2},"end":{"line":272,"column":3}},"64":{"start":{"line":271,"column":4},"end":{"line":271,"column":13}},"65":{"start":{"line":274,"column":2},"end":{"line":274,"column":71}},"66":{"start":{"line":274,"column":39},"end":{"line":274,"column":50}},"67":{"start":{"line":278,"column":2},"end":{"line":286,"column":15}},"68":{"start":{"line":294,"column":42},"end":{"line":300,"column":4}},"69":{"start":{"line":302,"column":2},"end":{"line":309,"column":5}},"70":{"start":{"line":303,"column":20},"end":{"line":303,"column":120}},"71":{"start":{"line":303,"column":51},"end":{"line":303,"column":119}},"72":{"start":{"line":304,"column":4},"end":{"line":308,"column":6}},"73":{"start":{"line":306,"column":68},"end":{"line":306,"column":96}},"74":{"start":{"line":307,"column":75},"end":{"line":307,"column":110}},"75":{"start":{"line":313,"column":2},"end":{"line":319,"column":18}},"76":{"start":{"line":314,"column":22},"end":{"line":318,"column":16}},"77":{"start":{"line":323,"column":16},"end":{"line":323,"column":74}},"78":{"start":{"line":324,"column":2},"end":{"line":324,"column":85}},"79":{"start":{"line":326,"column":19},"end":{"line":326,"column":37}},"80":{"start":{"line":327,"column":75},"end":{"line":327,"column":77}},"81":{"start":{"line":328,"column":18},"end":{"line":328,"column":39}},"82":{"start":{"line":330,"column":38},"end":{"line":333,"column":4}},"83":{"start":{"line":331,"column":31},"end":{"line":331,"column":52}},"84":{"start":{"line":332,"column":36},"end":{"line":332,"column":132}},"85":{"start":{"line":335,"column":22},"end":{"line":339,"column":4}},"86":{"start":{"line":341,"column":43},"end":{"line":346,"column":4}},"87":{"start":{"line":343,"column":6},"end":{"line":343,"column":89}},"88":{"start":{"line":344,"column":6},"end":{"line":344,"column":82}},"89":{"start":{"line":348,"column":15},"end":{"line":354,"column":4}},"90":{"start":{"line":356,"column":16},"end":{"line":356,"column":131}},"91":{"start":{"line":358,"column":18},"end":{"line":358,"column":41}},"92":{"start":{"line":359,"column":36},"end":{"line":359,"column":38}},"93":{"start":{"line":360,"column":2},"end":{"line":365,"column":5}},"94":{"start":{"line":361,"column":28},"end":{"line":361,"column":37}},"95":{"start":{"line":363,"column":6},"end":{"line":363,"column":41}},"96":{"start":{"line":367,"column":24},"end":{"line":367,"column":29}},"97":{"start":{"line":368,"column":28},"end":{"line":368,"column":33}},"98":{"start":{"line":369,"column":28},"end":{"line":369,"column":33}},"99":{"start":{"line":371,"column":12},"end":{"line":371,"column":21}},"100":{"start":{"line":373,"column":2},"end":{"line":512,"column":3}},"101":{"start":{"line":373,"column":24},"end":{"line":373,"column":25}},"102":{"start":{"line":374,"column":19},"end":{"line":374,"column":39}},"103":{"start":{"line":375,"column":22},"end":{"line":375,"column":25}},"104":{"start":{"line":376,"column":36},"end":{"line":376,"column":57}},"105":{"start":{"line":377,"column":25},"end":{"line":377,"column":60}},"106":{"start":{"line":378,"column":21},"end":{"line":378,"column":37}},"107":{"start":{"line":379,"column":29},"end":{"line":379,"column":52}},"108":{"start":{"line":380,"column":23},"end":{"line":380,"column":50}},"109":{"start":{"line":381,"column":24},"end":{"line":381,"column":38}},"110":{"start":{"line":383,"column":20},"end":{"line":388,"column":6}},"111":{"start":{"line":390,"column":4},"end":{"line":392,"column":5}},"112":{"start":{"line":391,"column":6},"end":{"line":391,"column":96}},"113":{"start":{"line":394,"column":4},"end":{"line":394,"column":31}},"114":{"start":{"line":395,"column":4},"end":{"line":395,"column":27}},"115":{"start":{"line":396,"column":4},"end":{"line":396,"column":81}},"116":{"start":{"line":398,"column":4},"end":{"line":398,"column":30}},"117":{"start":{"line":400,"column":47},"end":{"line":414,"column":6}},"118":{"start":{"line":416,"column":4},"end":{"line":416,"column":44}},"119":{"start":{"line":418,"column":27},"end":{"line":418,"column":107}},"120":{"start":{"line":419,"column":20},"end":{"line":429,"column":6}},"121":{"start":{"line":431,"column":4},"end":{"line":433,"column":5}},"122":{"start":{"line":432,"column":6},"end":{"line":432,"column":98}},"123":{"start":{"line":435,"column":4},"end":{"line":435,"column":31}},"124":{"start":{"line":436,"column":4},"end":{"line":436,"column":74}},"125":{"start":{"line":437,"column":4},"end":{"line":437,"column":30}},"126":{"start":{"line":439,"column":51},"end":{"line":461,"column":6}},"127":{"start":{"line":463,"column":4},"end":{"line":463,"column":48}},"128":{"start":{"line":465,"column":4},"end":{"line":475,"column":5}},"129":{"start":{"line":466,"column":6},"end":{"line":474,"column":42}},"130":{"start":{"line":477,"column":22},"end":{"line":482,"column":6}},"131":{"start":{"line":484,"column":4},"end":{"line":486,"column":5}},"132":{"start":{"line":485,"column":6},"end":{"line":485,"column":101}},"133":{"start":{"line":488,"column":4},"end":{"line":488,"column":31}},"134":{"start":{"line":489,"column":4},"end":{"line":489,"column":32}},"135":{"start":{"line":491,"column":51},"end":{"line":502,"column":6}},"136":{"start":{"line":504,"column":4},"end":{"line":504,"column":48}},"137":{"start":{"line":506,"column":23},"end":{"line":506,"column":69}},"138":{"start":{"line":507,"column":4},"end":{"line":509,"column":5}},"139":{"start":{"line":508,"column":6},"end":{"line":508,"column":112}},"140":{"start":{"line":511,"column":4},"end":{"line":511,"column":26}},"141":{"start":{"line":514,"column":17},"end":{"line":514,"column":52}},"142":{"start":{"line":515,"column":27},"end":{"line":515,"column":61}},"143":{"start":{"line":516,"column":22},"end":{"line":531,"column":14}},"144":{"start":{"line":533,"column":2},"end":{"line":545,"column":4}}},"fnMap":{"0":{"name":"createMemoryStorage","decl":{"start":{"line":48,"column":9},"end":{"line":48,"column":28}},"loc":{"start":{"line":48,"column":58},"end":{"line":69,"column":1}}},"1":{"name":"(anonymous_1)","decl":{"start":{"line":52,"column":4},"end":{"line":52,"column":8}},"loc":{"start":{"line":52,"column":14},"end":{"line":54,"column":5}}},"2":{"name":"(anonymous_2)","decl":{"start":{"line":55,"column":4},"end":{"line":55,"column":11}},"loc":{"start":{"line":55,"column":23},"end":{"line":57,"column":5}}},"3":{"name":"(anonymous_3)","decl":{"start":{"line":58,"column":4},"end":{"line":58,"column":11}},"loc":{"start":{"line":58,"column":38},"end":{"line":60,"column":5}}},"4":{"name":"(anonymous_4)","decl":{"start":{"line":61,"column":4},"end":{"line":61,"column":14}},"loc":{"start":{"line":61,"column":26},"end":{"line":63,"column":5}}},"5":{"name":"(anonymous_5)","decl":{"start":{"line":64,"column":4},"end":{"line":64,"column":7}},"loc":{"start":{"line":64,"column":21},"end":{"line":67,"column":5}}},"6":{"name":"createTableState","decl":{"start":{"line":71,"column":9},"end":{"line":71,"column":25}},"loc":{"start":{"line":71,"column":61},"end":{"line":104,"column":1}}},"7":{"name":"createContext","decl":{"start":{"line":106,"column":9},"end":{"line":106,"column":22}},"loc":{"start":{"line":106,"column":70},"end":{"line":112,"column":1}}},"8":{"name":"createQueuePort","decl":{"start":{"line":114,"column":9},"end":{"line":114,"column":24}},"loc":{"start":{"line":114,"column":24},"end":{"line":121,"column":1}}},"9":{"name":"(anonymous_9)","decl":{"start":{"line":116,"column":21},"end":{"line":116,"column":22}},"loc":{"start":{"line":116,"column":41},"end":{"line":116,"column":72}}},"10":{"name":"(anonymous_10)","decl":{"start":{"line":117,"column":29},"end":{"line":117,"column":30}},"loc":{"start":{"line":117,"column":47},"end":{"line":117,"column":84}}},"11":{"name":"(anonymous_11)","decl":{"start":{"line":118,"column":18},"end":{"line":118,"column":19}},"loc":{"start":{"line":118,"column":36},"end":{"line":118,"column":67}}},"12":{"name":"(anonymous_12)","decl":{"start":{"line":119,"column":24},"end":{"line":119,"column":25}},"loc":{"start":{"line":119,"column":35},"end":{"line":119,"column":60}}},"13":{"name":"createBettingPort","decl":{"start":{"line":123,"column":9},"end":{"line":123,"column":26}},"loc":{"start":{"line":123,"column":60},"end":{"line":237,"column":1}}},"14":{"name":"key","decl":{"start":{"line":127,"column":11},"end":{"line":127,"column":14}},"loc":{"start":{"line":127,"column":46},"end":{"line":129,"column":3}}},"15":{"name":"seatOrder","decl":{"start":{"line":131,"column":11},"end":{"line":131,"column":20}},"loc":{"start":{"line":131,"column":36},"end":{"line":133,"column":3}}},"16":{"name":"ensureView","decl":{"start":{"line":135,"column":11},"end":{"line":135,"column":21}},"loc":{"start":{"line":135,"column":44},"end":{"line":173,"column":3}}},"17":{"name":"(anonymous_17)","decl":{"start":{"line":148,"column":18},"end":{"line":148,"column":19}},"loc":{"start":{"line":148,"column":25},"end":{"line":152,"column":5}}},"18":{"name":"toTableState","decl":{"start":{"line":175,"column":11},"end":{"line":175,"column":23}},"loc":{"start":{"line":175,"column":65},"end":{"line":186,"column":3}}},"19":{"name":"(anonymous_19)","decl":{"start":{"line":183,"column":67},"end":{"line":183,"column":68}},"loc":{"start":{"line":183,"column":84},"end":{"line":183,"column":96}}},"20":{"name":"(anonymous_20)","decl":{"start":{"line":189,"column":4},"end":{"line":189,"column":18}},"loc":{"start":{"line":189,"column":36},"end":{"line":206,"column":5}}},"21":{"name":"(anonymous_21)","decl":{"start":{"line":208,"column":4},"end":{"line":208,"column":15}},"loc":{"start":{"line":208,"column":33},"end":{"line":235,"column":5}}},"22":{"name":"createNoopShowdownPort","decl":{"start":{"line":239,"column":9},"end":{"line":239,"column":31}},"loc":{"start":{"line":239,"column":31},"end":{"line":244,"column":1}}},"23":{"name":"(anonymous_23)","decl":{"start":{"line":241,"column":20},"end":{"line":241,"column":23}},"loc":{"start":{"line":241,"column":26},"end":{"line":241,"column":28}}},"24":{"name":"(anonymous_24)","decl":{"start":{"line":242,"column":20},"end":{"line":242,"column":23}},"loc":{"start":{"line":242,"column":26},"end":{"line":242,"column":28}}},"25":{"name":"createNoopPotPort","decl":{"start":{"line":246,"column":9},"end":{"line":246,"column":26}},"loc":{"start":{"line":246,"column":26},"end":{"line":250,"column":1}}},"26":{"name":"(anonymous_26)","decl":{"start":{"line":248,"column":16},"end":{"line":248,"column":19}},"loc":{"start":{"line":248,"column":22},"end":{"line":248,"column":24}}},"27":{"name":"createPlayers","decl":{"start":{"line":252,"column":9},"end":{"line":252,"column":22}},"loc":{"start":{"line":252,"column":22},"end":{"line":261,"column":1}}},"28":{"name":"createBoard","decl":{"start":{"line":263,"column":9},"end":{"line":263,"column":20}},"loc":{"start":{"line":263,"column":33},"end":{"line":267,"column":1}}},"29":{"name":"(anonymous_29)","decl":{"start":{"line":266,"column":35},"end":{"line":266,"column":36}},"loc":{"start":{"line":266,"column":49},"end":{"line":266,"column":85}}},"30":{"name":"summarizeAverage","decl":{"start":{"line":269,"column":9},"end":{"line":269,"column":25}},"loc":{"start":{"line":269,"column":42},"end":{"line":275,"column":1}}},"31":{"name":"(anonymous_31)","decl":{"start":{"line":274,"column":23},"end":{"line":274,"column":24}},"loc":{"start":{"line":274,"column":39},"end":{"line":274,"column":50}}},"32":{"name":"formatMetricSummary","decl":{"start":{"line":277,"column":9},"end":{"line":277,"column":28}},"loc":{"start":{"line":277,"column":101},"end":{"line":287,"column":1}}},"33":{"name":"buildSegmentSummaries","decl":{"start":{"line":289,"column":9},"end":{"line":289,"column":30}},"loc":{"start":{"line":289,"column":56},"end":{"line":310,"column":1}}},"34":{"name":"(anonymous_34)","decl":{"start":{"line":302,"column":20},"end":{"line":302,"column":21}},"loc":{"start":{"line":302,"column":37},"end":{"line":309,"column":3}}},"35":{"name":"(anonymous_35)","decl":{"start":{"line":303,"column":39},"end":{"line":303,"column":40}},"loc":{"start":{"line":303,"column":51},"end":{"line":303,"column":119}}},"36":{"name":"(anonymous_36)","decl":{"start":{"line":306,"column":56},"end":{"line":306,"column":57}},"loc":{"start":{"line":306,"column":68},"end":{"line":306,"column":96}}},"37":{"name":"(anonymous_37)","decl":{"start":{"line":307,"column":63},"end":{"line":307,"column":64}},"loc":{"start":{"line":307,"column":75},"end":{"line":307,"column":110}}},"38":{"name":"formatSegmentSummaries","decl":{"start":{"line":312,"column":9},"end":{"line":312,"column":31}},"loc":{"start":{"line":312,"column":104},"end":{"line":320,"column":1}}},"39":{"name":"(anonymous_39)","decl":{"start":{"line":314,"column":9},"end":{"line":314,"column":10}},"loc":{"start":{"line":314,"column":22},"end":{"line":318,"column":16}}},"40":{"name":"simulateFastFold100HandsThroughEngine","decl":{"start":{"line":322,"column":16},"end":{"line":322,"column":53}},"loc":{"start":{"line":322,"column":53},"end":{"line":546,"column":1}}},"41":{"name":"(anonymous_41)","decl":{"start":{"line":331,"column":24},"end":{"line":331,"column":25}},"loc":{"start":{"line":331,"column":31},"end":{"line":331,"column":52}}},"42":{"name":"(anonymous_42)","decl":{"start":{"line":332,"column":24},"end":{"line":332,"column":25}},"loc":{"start":{"line":332,"column":36},"end":{"line":332,"column":132}}},"43":{"name":"(anonymous_43)","decl":{"start":{"line":342,"column":4},"end":{"line":342,"column":13}},"loc":{"start":{"line":342,"column":35},"end":{"line":345,"column":5}}},"44":{"name":"(anonymous_44)","decl":{"start":{"line":361,"column":22},"end":{"line":361,"column":25}},"loc":{"start":{"line":361,"column":28},"end":{"line":361,"column":37}}},"45":{"name":"(anonymous_45)","decl":{"start":{"line":362,"column":27},"end":{"line":362,"column":28}},"loc":{"start":{"line":362,"column":63},"end":{"line":364,"column":5}}}},"branchMap":{"0":{"loc":{"start":{"line":49,"column":53},"end":{"line":49,"column":63}},"type":"binary-expr","locations":[{"start":{"line":49,"column":53},"end":{"line":49,"column":57}},{"start":{"line":49,"column":61},"end":{"line":49,"column":63}}]},"1":{"loc":{"start":{"line":56,"column":13},"end":{"line":56,"column":48}},"type":"cond-expr","locations":[{"start":{"line":56,"column":28},"end":{"line":56,"column":41}},{"start":{"line":56,"column":44},"end":{"line":56,"column":48}}]},"2":{"loc":{"start":{"line":66,"column":13},"end":{"line":66,"column":32}},"type":"binary-expr","locations":[{"start":{"line":66,"column":13},"end":{"line":66,"column":24}},{"start":{"line":66,"column":28},"end":{"line":66,"column":32}}]},"3":{"loc":{"start":{"line":71,"column":26},"end":{"line":71,"column":61}},"type":"default-arg","locations":[{"start":{"line":71,"column":59},"end":{"line":71,"column":61}}]},"4":{"loc":{"start":{"line":108,"column":16},"end":{"line":108,"column":48}},"type":"binary-expr","locations":[{"start":{"line":108,"column":16},"end":{"line":108,"column":26}},{"start":{"line":108,"column":30},"end":{"line":108,"column":48}}]},"5":{"loc":{"start":{"line":132,"column":11},"end":{"line":132,"column":74}},"type":"binary-expr","locations":[{"start":{"line":132,"column":11},"end":{"line":132,"column":68}},{"start":{"line":132,"column":72},"end":{"line":132,"column":74}}]},"6":{"loc":{"start":{"line":136,"column":19},"end":{"line":136,"column":54}},"type":"binary-expr","locations":[{"start":{"line":136,"column":19},"end":{"line":136,"column":36}},{"start":{"line":136,"column":40},"end":{"line":136,"column":54}}]},"7":{"loc":{"start":{"line":139,"column":4},"end":{"line":141,"column":5}},"type":"if","locations":[{"start":{"line":139,"column":4},"end":{"line":141,"column":5}}]},"8":{"loc":{"start":{"line":143,"column":18},"end":{"line":143,"column":118}},"type":"cond-expr","locations":[{"start":{"line":143,"column":54},"end":{"line":143,"column":81}},{"start":{"line":143,"column":84},"end":{"line":143,"column":118}}]},"9":{"loc":{"start":{"line":157,"column":14},"end":{"line":157,"column":53}},"type":"binary-expr","locations":[{"start":{"line":157,"column":14},"end":{"line":157,"column":38}},{"start":{"line":157,"column":42},"end":{"line":157,"column":53}}]},"10":{"loc":{"start":{"line":161,"column":24},"end":{"line":161,"column":69}},"type":"binary-expr","locations":[{"start":{"line":161,"column":24},"end":{"line":161,"column":49}},{"start":{"line":161,"column":53},"end":{"line":161,"column":61}},{"start":{"line":161,"column":65},"end":{"line":161,"column":69}}]},"11":{"loc":{"start":{"line":228,"column":20},"end":{"line":228,"column":107}},"type":"cond-expr","locations":[{"start":{"line":228,"column":63},"end":{"line":228,"column":95}},{"start":{"line":228,"column":98},"end":{"line":228,"column":107}}]},"12":{"loc":{"start":{"line":270,"column":2},"end":{"line":272,"column":3}},"type":"if","locations":[{"start":{"line":270,"column":2},"end":{"line":272,"column":3}}]},"13":{"loc":{"start":{"line":303,"column":51},"end":{"line":303,"column":119}},"type":"binary-expr","locations":[{"start":{"line":303,"column":51},"end":{"line":303,"column":84}},{"start":{"line":303,"column":88},"end":{"line":303,"column":119}}]},"14":{"loc":{"start":{"line":306,"column":68},"end":{"line":306,"column":96}},"type":"binary-expr","locations":[{"start":{"line":306,"column":68},"end":{"line":306,"column":91}},{"start":{"line":306,"column":95},"end":{"line":306,"column":96}}]},"15":{"loc":{"start":{"line":307,"column":75},"end":{"line":307,"column":110}},"type":"binary-expr","locations":[{"start":{"line":307,"column":75},"end":{"line":307,"column":105}},{"start":{"line":307,"column":109},"end":{"line":307,"column":110}}]},"16":{"loc":{"start":{"line":332,"column":81},"end":{"line":332,"column":130}},"type":"cond-expr","locations":[{"start":{"line":332,"column":108},"end":{"line":332,"column":110}},{"start":{"line":332,"column":113},"end":{"line":332,"column":130}}]},"17":{"loc":{"start":{"line":390,"column":4},"end":{"line":392,"column":5}},"type":"if","locations":[{"start":{"line":390,"column":4},"end":{"line":392,"column":5}}]},"18":{"loc":{"start":{"line":391,"column":65},"end":{"line":391,"column":92}},"type":"binary-expr","locations":[{"start":{"line":391,"column":65},"end":{"line":391,"column":79}},{"start":{"line":391,"column":83},"end":{"line":391,"column":92}}]},"19":{"loc":{"start":{"line":418,"column":27},"end":{"line":418,"column":107}},"type":"binary-expr","locations":[{"start":{"line":418,"column":27},"end":{"line":418,"column":60}},{"start":{"line":418,"column":64},"end":{"line":418,"column":97}},{"start":{"line":418,"column":101},"end":{"line":418,"column":107}}]},"20":{"loc":{"start":{"line":431,"column":4},"end":{"line":433,"column":5}},"type":"if","locations":[{"start":{"line":431,"column":4},"end":{"line":433,"column":5}}]},"21":{"loc":{"start":{"line":432,"column":67},"end":{"line":432,"column":94}},"type":"binary-expr","locations":[{"start":{"line":432,"column":67},"end":{"line":432,"column":81}},{"start":{"line":432,"column":85},"end":{"line":432,"column":94}}]},"22":{"loc":{"start":{"line":436,"column":22},"end":{"line":436,"column":73}},"type":"binary-expr","locations":[{"start":{"line":436,"column":22},"end":{"line":436,"column":37}},{"start":{"line":436,"column":41},"end":{"line":436,"column":73}}]},"23":{"loc":{"start":{"line":465,"column":4},"end":{"line":475,"column":5}},"type":"if","locations":[{"start":{"line":465,"column":4},"end":{"line":475,"column":5}}]},"24":{"loc":{"start":{"line":484,"column":4},"end":{"line":486,"column":5}},"type":"if","locations":[{"start":{"line":484,"column":4},"end":{"line":486,"column":5}}]},"25":{"loc":{"start":{"line":485,"column":68},"end":{"line":485,"column":97}},"type":"binary-expr","locations":[{"start":{"line":485,"column":68},"end":{"line":485,"column":84}},{"start":{"line":485,"column":88},"end":{"line":485,"column":97}}]},"26":{"loc":{"start":{"line":507,"column":4},"end":{"line":509,"column":5}},"type":"if","locations":[{"start":{"line":507,"column":4},"end":{"line":509,"column":5}}]},"27":{"loc":{"start":{"line":508,"column":78},"end":{"line":508,"column":108}},"type":"binary-expr","locations":[{"start":{"line":508,"column":78},"end":{"line":508,"column":95}},{"start":{"line":508,"column":99},"end":{"line":508,"column":108}}]}},"s":{"0":1,"1":1,"2":1,"3":1,"4":1,"5":1,"6":1,"7":1,"8":1,"9":1,"10":0,"11":100,"12":300,"13":0,"14":0,"15":0,"16":1,"17":1,"18":1,"19":100,"20":100,"21":100,"22":100,"23":1,"24":1,"25":300,"26":0,"27":200,"28":200,"29":200,"30":200,"31":100,"32":100,"33":100,"34":100,"35":100,"36":100,"37":600,"38":600,"39":600,"40":100,"41":100,"42":100,"43":100,"44":600,"45":1,"46":100,"47":100,"48":100,"49":100,"50":100,"51":100,"52":100,"53":1,"54":0,"55":0,"56":1,"57":0,"58":100,"59":200,"60":200,"61":200,"62":1000,"63":10,"64":0,"65":10,"66":200,"67":2,"68":1,"69":1,"70":5,"71":500,"72":5,"73":100,"74":100,"75":1,"76":5,"77":1,"78":1,"79":1,"80":1,"81":1,"82":1,"83":100,"84":100,"85":1,"86":1,"87":300,"88":300,"89":1,"90":1,"91":1,"92":1,"93":1,"94":300,"95":100,"96":1,"97":1,"98":1,"99":1,"100":1,"101":1,"102":100,"103":100,"104":100,"105":100,"106":100,"107":100,"108":100,"109":100,"110":100,"111":100,"112":0,"113":100,"114":100,"115":100,"116":100,"117":100,"118":100,"119":100,"120":100,"121":100,"122":0,"123":100,"124":100,"125":100,"126":100,"127":100,"128":100,"129":100,"130":100,"131":100,"132":0,"133":100,"134":100,"135":100,"136":100,"137":100,"138":100,"139":0,"140":100,"141":1,"142":1,"143":1,"144":1},"f":{"0":1,"1":0,"2":100,"3":300,"4":0,"5":0,"6":1,"7":1,"8":1,"9":100,"10":100,"11":100,"12":100,"13":1,"14":300,"15":0,"16":200,"17":600,"18":100,"19":600,"20":100,"21":100,"22":1,"23":0,"24":0,"25":1,"26":0,"27":100,"28":200,"29":1000,"30":10,"31":200,"32":2,"33":1,"34":5,"35":500,"36":100,"37":100,"38":1,"39":5,"40":1,"41":100,"42":100,"43":300,"44":300,"45":100},"b":{"0":[1,1],"1":[100,0],"2":[0,0],"3":[0],"4":[1,0],"5":[0,0],"6":[200,0],"7":[100],"8":[100,0],"9":[100,0],"10":[100,0,0],"11":[100,0],"12":[0],"13":[500,300],"14":[100,0],"15":[100,0],"16":[100,0],"17":[0],"18":[0,0],"19":[100,0,0],"20":[0],"21":[0,0],"22":[100,0],"23":[100],"24":[0],"25":[0,0],"26":[0],"27":[0,0]}}
,"C:\\Users\\surus\\OneDrive\\デスクトップ\\fastfold-omaha\\src\\engine\\fast-fold-durability\\simulation.ts": {"path":"C:\\Users\\surus\\OneDrive\\デスクトップ\\fastfold-omaha\\src\\engine\\fast-fold-durability\\simulation.ts","statementMap":{"0":{"start":{"line":52,"column":0},"end":{"line":52,"column":16}},"1":{"start":{"line":56,"column":0},"end":{"line":56,"column":16}},"2":{"start":{"line":85,"column":0},"end":{"line":85,"column":16}},"3":{"start":{"line":1,"column":0},"end":{"line":1,"column":52}},"4":{"start":{"line":11,"column":0},"end":{"line":11,"column":null}},"5":{"start":{"line":25,"column":2},"end":{"line":32,"column":4}},"6":{"start":{"line":36,"column":15},"end":{"line":36,"column":75}},"7":{"start":{"line":37,"column":17},"end":{"line":37,"column":35}},"8":{"start":{"line":38,"column":2},"end":{"line":38,"column":87}},"9":{"start":{"line":38,"column":49},"end":{"line":38,"column":85}},"10":{"start":{"line":42,"column":2},"end":{"line":49,"column":6}},"11":{"start":{"line":42,"column":34},"end":{"line":49,"column":4}},"12":{"start":{"line":53,"column":2},"end":{"line":53,"column":71}},"13":{"start":{"line":57,"column":2},"end":{"line":82,"column":15}},"14":{"start":{"line":86,"column":17},"end":{"line":86,"column":40}},"15":{"start":{"line":87,"column":36},"end":{"line":87,"column":38}},"16":{"start":{"line":89,"column":2},"end":{"line":94,"column":5}},"17":{"start":{"line":90,"column":28},"end":{"line":90,"column":37}},"18":{"start":{"line":92,"column":6},"end":{"line":92,"column":41}},"19":{"start":{"line":96,"column":12},"end":{"line":96,"column":21}},"20":{"start":{"line":98,"column":2},"end":{"line":179,"column":3}},"21":{"start":{"line":98,"column":24},"end":{"line":98,"column":25}},"22":{"start":{"line":99,"column":19},"end":{"line":99,"column":39}},"23":{"start":{"line":100,"column":22},"end":{"line":100,"column":52}},"24":{"start":{"line":101,"column":20},"end":{"line":101,"column":29}},"25":{"start":{"line":102,"column":36},"end":{"line":102,"column":57}},"26":{"start":{"line":103,"column":29},"end":{"line":103,"column":52}},"27":{"start":{"line":104,"column":22},"end":{"line":104,"column":25}},"28":{"start":{"line":105,"column":25},"end":{"line":105,"column":60}},"29":{"start":{"line":106,"column":21},"end":{"line":106,"column":37}},"30":{"start":{"line":107,"column":23},"end":{"line":107,"column":50}},"31":{"start":{"line":108,"column":20},"end":{"line":108,"column":35}},"32":{"start":{"line":110,"column":47},"end":{"line":124,"column":6}},"33":{"start":{"line":126,"column":42},"end":{"line":148,"column":6}},"34":{"start":{"line":150,"column":59},"end":{"line":158,"column":6}},"35":{"start":{"line":160,"column":51},"end":{"line":171,"column":6}},"36":{"start":{"line":173,"column":4},"end":{"line":173,"column":43}},"37":{"start":{"line":174,"column":4},"end":{"line":174,"column":38}},"38":{"start":{"line":175,"column":4},"end":{"line":175,"column":55}},"39":{"start":{"line":176,"column":4},"end":{"line":176,"column":47}},"40":{"start":{"line":178,"column":4},"end":{"line":178,"column":23}},"41":{"start":{"line":181,"column":17},"end":{"line":181,"column":52}},"42":{"start":{"line":183,"column":2},"end":{"line":187,"column":4}}},"fnMap":{"0":{"name":"createPlayers","decl":{"start":{"line":24,"column":9},"end":{"line":24,"column":22}},"loc":{"start":{"line":24,"column":22},"end":{"line":33,"column":1}}},"1":{"name":"createBoard","decl":{"start":{"line":35,"column":9},"end":{"line":35,"column":20}},"loc":{"start":{"line":35,"column":33},"end":{"line":39,"column":1}}},"2":{"name":"(anonymous_2)","decl":{"start":{"line":38,"column":35},"end":{"line":38,"column":36}},"loc":{"start":{"line":38,"column":49},"end":{"line":38,"column":85}}},"3":{"name":"buildSamples","decl":{"start":{"line":41,"column":9},"end":{"line":41,"column":21}},"loc":{"start":{"line":41,"column":43},"end":{"line":50,"column":1}}},"4":{"name":"(anonymous_4)","decl":{"start":{"line":42,"column":21},"end":{"line":42,"column":22}},"loc":{"start":{"line":42,"column":34},"end":{"line":49,"column":4}}},"5":{"name":"createDurabilityReport","decl":{"start":{"line":52,"column":16},"end":{"line":52,"column":38}},"loc":{"start":{"line":52,"column":64},"end":{"line":54,"column":1}}},"6":{"name":"formatDurabilityReport","decl":{"start":{"line":56,"column":16},"end":{"line":56,"column":38}},"loc":{"start":{"line":56,"column":71},"end":{"line":83,"column":1}}},"7":{"name":"simulateFastFold100Hands","decl":{"start":{"line":85,"column":16},"end":{"line":85,"column":40}},"loc":{"start":{"line":85,"column":40},"end":{"line":188,"column":1}}},"8":{"name":"(anonymous_8)","decl":{"start":{"line":90,"column":22},"end":{"line":90,"column":25}},"loc":{"start":{"line":90,"column":28},"end":{"line":90,"column":37}}},"9":{"name":"(anonymous_9)","decl":{"start":{"line":91,"column":27},"end":{"line":91,"column":28}},"loc":{"start":{"line":91,"column":63},"end":{"line":93,"column":5}}}},"branchMap":{"0":{"loc":{"start":{"line":44,"column":22},"end":{"line":44,"column":103}},"type":"cond-expr","locations":[{"start":{"line":44,"column":68},"end":{"line":44,"column":91}},{"start":{"line":44,"column":94},"end":{"line":44,"column":103}}]},"1":{"loc":{"start":{"line":45,"column":29},"end":{"line":45,"column":124}},"type":"cond-expr","locations":[{"start":{"line":45,"column":82},"end":{"line":45,"column":112}},{"start":{"line":45,"column":115},"end":{"line":45,"column":124}}]}},"s":{"0":1,"1":1,"2":1,"3":1,"4":1,"5":0,"6":0,"7":0,"8":0,"9":0,"10":1,"11":100,"12":1,"13":0,"14":0,"15":0,"16":0,"17":0,"18":0,"19":0,"20":0,"21":0,"22":0,"23":0,"24":0,"25":0,"26":0,"27":0,"28":0,"29":0,"30":0,"31":0,"32":0,"33":0,"34":0,"35":0,"36":0,"37":0,"38":0,"39":0,"40":0,"41":0,"42":0},"f":{"0":0,"1":0,"2":0,"3":1,"4":100,"5":1,"6":0,"7":0,"8":0,"9":0},"b":{"0":[100,0],"1":[100,0]}}
,"C:\\Users\\surus\\OneDrive\\デスクトップ\\fastfold-omaha\\src\\engine\\game\\index.ts": {"path":"C:\\Users\\surus\\OneDrive\\デスクトップ\\fastfold-omaha\\src\\engine\\game\\index.ts","statementMap":{"0":{"start":{"line":60,"column":0},"end":{"line":60,"column":16}},"1":{"start":{"line":1,"column":0},"end":{"line":1,"column":59}},"2":{"start":{"line":33,"column":2},"end":{"line":33,"column":71}},"3":{"start":{"line":33,"column":41},"end":{"line":33,"column":71}},"4":{"start":{"line":34,"column":2},"end":{"line":34,"column":71}},"5":{"start":{"line":34,"column":41},"end":{"line":34,"column":71}},"6":{"start":{"line":35,"column":2},"end":{"line":35,"column":63}},"7":{"start":{"line":35,"column":37},"end":{"line":35,"column":63}},"8":{"start":{"line":36,"column":2},"end":{"line":36,"column":63}},"9":{"start":{"line":36,"column":37},"end":{"line":36,"column":63}},"10":{"start":{"line":37,"column":2},"end":{"line":37,"column":25}},"11":{"start":{"line":46,"column":48},"end":{"line":51,"column":4}},"12":{"start":{"line":53,"column":2},"end":{"line":55,"column":3}},"13":{"start":{"line":54,"column":4},"end":{"line":54,"column":42}},"14":{"start":{"line":57,"column":2},"end":{"line":57,"column":22}},"15":{"start":{"line":61,"column":2},"end":{"line":275,"column":4}},"16":{"start":{"line":63,"column":25},"end":{"line":63,"column":80}},"17":{"start":{"line":64,"column":6},"end":{"line":71,"column":7}},"18":{"start":{"line":65,"column":8},"end":{"line":70,"column":10}},"19":{"start":{"line":73,"column":23},"end":{"line":77,"column":8}},"20":{"start":{"line":79,"column":6},"end":{"line":86,"column":7}},"21":{"start":{"line":80,"column":8},"end":{"line":85,"column":10}},"22":{"start":{"line":88,"column":46},"end":{"line":102,"column":8}},"23":{"start":{"line":104,"column":6},"end":{"line":108,"column":8}},"24":{"start":{"line":112,"column":6},"end":{"line":119,"column":7}},"25":{"start":{"line":113,"column":8},"end":{"line":118,"column":10}},"26":{"start":{"line":121,"column":6},"end":{"line":128,"column":7}},"27":{"start":{"line":122,"column":8},"end":{"line":127,"column":10}},"28":{"start":{"line":130,"column":25},"end":{"line":130,"column":92}},"29":{"start":{"line":131,"column":6},"end":{"line":138,"column":7}},"30":{"start":{"line":132,"column":8},"end":{"line":137,"column":10}},"31":{"start":{"line":140,"column":22},"end":{"line":140,"column":86}},"32":{"start":{"line":141,"column":23},"end":{"line":141,"column":47}},"33":{"start":{"line":143,"column":6},"end":{"line":155,"column":7}},"34":{"start":{"line":144,"column":25},"end":{"line":144,"column":105}},"35":{"start":{"line":145,"column":8},"end":{"line":145,"column":36}},"36":{"start":{"line":146,"column":8},"end":{"line":154,"column":9}},"37":{"start":{"line":147,"column":10},"end":{"line":153,"column":12}},"38":{"start":{"line":157,"column":46},"end":{"line":161,"column":8}},"39":{"start":{"line":163,"column":6},"end":{"line":168,"column":8}},"40":{"start":{"line":172,"column":6},"end":{"line":174,"column":7}},"41":{"start":{"line":173,"column":8},"end":{"line":173,"column":113}},"42":{"start":{"line":176,"column":6},"end":{"line":178,"column":7}},"43":{"start":{"line":177,"column":8},"end":{"line":177,"column":111}},"44":{"start":{"line":180,"column":6},"end":{"line":182,"column":7}},"45":{"start":{"line":181,"column":8},"end":{"line":181,"column":118}},"46":{"start":{"line":184,"column":6},"end":{"line":186,"column":7}},"47":{"start":{"line":185,"column":8},"end":{"line":185,"column":114}},"48":{"start":{"line":188,"column":28},"end":{"line":188,"column":82}},"49":{"start":{"line":189,"column":28},"end":{"line":189,"column":82}},"50":{"start":{"line":191,"column":29},"end":{"line":197,"column":8}},"51":{"start":{"line":199,"column":6},"end":{"line":204,"column":8}},"52":{"start":{"line":208,"column":6},"end":{"line":210,"column":7}},"53":{"start":{"line":209,"column":8},"end":{"line":209,"column":113}},"54":{"start":{"line":212,"column":6},"end":{"line":214,"column":7}},"55":{"start":{"line":213,"column":8},"end":{"line":213,"column":111}},"56":{"start":{"line":216,"column":22},"end":{"line":219,"column":null}},"57":{"start":{"line":222,"column":26},"end":{"line":222,"column":81}},"58":{"start":{"line":222,"column":58},"end":{"line":222,"column":77}},"59":{"start":{"line":223,"column":6},"end":{"line":230,"column":7}},"60":{"start":{"line":224,"column":8},"end":{"line":229,"column":10}},"61":{"start":{"line":232,"column":33},"end":{"line":238,"column":8}},"62":{"start":{"line":240,"column":6},"end":{"line":245,"column":8}},"63":{"start":{"line":249,"column":24},"end":{"line":253,"column":8}},"64":{"start":{"line":255,"column":46},"end":{"line":258,"column":8}},"65":{"start":{"line":260,"column":6},"end":{"line":267,"column":7}},"66":{"start":{"line":261,"column":8},"end":{"line":266,"column":10}},"67":{"start":{"line":269,"column":6},"end":{"line":273,"column":8}}},"fnMap":{"0":{"name":"mapError","decl":{"start":{"line":32,"column":9},"end":{"line":32,"column":17}},"loc":{"start":{"line":32,"column":33},"end":{"line":38,"column":1}}},"1":{"name":"notify","decl":{"start":{"line":40,"column":9},"end":{"line":40,"column":15}},"loc":{"start":{"line":44,"column":12},"end":{"line":58,"column":1}}},"2":{"name":"createGameCoordinator","decl":{"start":{"line":60,"column":16},"end":{"line":60,"column":37}},"loc":{"start":{"line":60,"column":63},"end":{"line":276,"column":1}}},"3":{"name":"(anonymous_3)","decl":{"start":{"line":62,"column":4},"end":{"line":62,"column":13}},"loc":{"start":{"line":62,"column":35},"end":{"line":109,"column":5}}},"4":{"name":"(anonymous_4)","decl":{"start":{"line":111,"column":4},"end":{"line":111,"column":15}},"loc":{"start":{"line":111,"column":39},"end":{"line":169,"column":5}}},"5":{"name":"(anonymous_5)","decl":{"start":{"line":171,"column":4},"end":{"line":171,"column":19}},"loc":{"start":{"line":171,"column":47},"end":{"line":205,"column":5}}},"6":{"name":"(anonymous_6)","decl":{"start":{"line":207,"column":4},"end":{"line":207,"column":17}},"loc":{"start":{"line":207,"column":43},"end":{"line":246,"column":5}}},"7":{"name":"(anonymous_7)","decl":{"start":{"line":222,"column":41},"end":{"line":222,"column":42}},"loc":{"start":{"line":222,"column":58},"end":{"line":222,"column":77}}},"8":{"name":"(anonymous_8)","decl":{"start":{"line":248,"column":4},"end":{"line":248,"column":16}},"loc":{"start":{"line":248,"column":41},"end":{"line":274,"column":5}}}},"branchMap":{"0":{"loc":{"start":{"line":33,"column":2},"end":{"line":33,"column":71}},"type":"if","locations":[{"start":{"line":33,"column":2},"end":{"line":33,"column":71}}]},"1":{"loc":{"start":{"line":34,"column":2},"end":{"line":34,"column":71}},"type":"if","locations":[{"start":{"line":34,"column":2},"end":{"line":34,"column":71}}]},"2":{"loc":{"start":{"line":35,"column":2},"end":{"line":35,"column":63}},"type":"if","locations":[{"start":{"line":35,"column":2},"end":{"line":35,"column":63}}]},"3":{"loc":{"start":{"line":36,"column":2},"end":{"line":36,"column":63}},"type":"if","locations":[{"start":{"line":36,"column":2},"end":{"line":36,"column":63}}]},"4":{"loc":{"start":{"line":53,"column":2},"end":{"line":55,"column":3}},"type":"if","locations":[{"start":{"line":53,"column":2},"end":{"line":55,"column":3}}]},"5":{"loc":{"start":{"line":64,"column":6},"end":{"line":71,"column":7}},"type":"if","locations":[{"start":{"line":64,"column":6},"end":{"line":71,"column":7}}]},"6":{"loc":{"start":{"line":79,"column":6},"end":{"line":86,"column":7}},"type":"if","locations":[{"start":{"line":79,"column":6},"end":{"line":86,"column":7}}]},"7":{"loc":{"start":{"line":98,"column":26},"end":{"line":98,"column":65}},"type":"binary-expr","locations":[{"start":{"line":98,"column":26},"end":{"line":98,"column":57}},{"start":{"line":98,"column":61},"end":{"line":98,"column":65}}]},"8":{"loc":{"start":{"line":112,"column":6},"end":{"line":119,"column":7}},"type":"if","locations":[{"start":{"line":112,"column":6},"end":{"line":119,"column":7}}]},"9":{"loc":{"start":{"line":121,"column":6},"end":{"line":128,"column":7}},"type":"if","locations":[{"start":{"line":121,"column":6},"end":{"line":128,"column":7}}]},"10":{"loc":{"start":{"line":131,"column":6},"end":{"line":138,"column":7}},"type":"if","locations":[{"start":{"line":131,"column":6},"end":{"line":138,"column":7}}]},"11":{"loc":{"start":{"line":143,"column":6},"end":{"line":155,"column":7}},"type":"if","locations":[{"start":{"line":143,"column":6},"end":{"line":155,"column":7}}]},"12":{"loc":{"start":{"line":146,"column":8},"end":{"line":154,"column":9}},"type":"if","locati
[...]
mn":9},"end":{"line":62,"column":24}},"loc":{"start":{"line":62,"column":42},"end":{"line":66,"column":1}}},"6":{"name":"generateHandId","decl":{"start":{"line":68,"column":9},"end":{"line":68,"column":23}},"loc":{"start":{"line":68,"column":41},"end":{"line":72,"column":1}}},"7":{"name":"replaceSeatWithBot","decl":{"start":{"line":74,"column":9},"end":{"line":74,"column":27}},"loc":{"start":{"line":74,"column":98},"end":{"line":102,"column":1}}},"8":{"name":"createQueue","decl":{"start":{"line":104,"column":16},"end":{"line":104,"column":27}},"loc":{"start":{"line":104,"column":60},"end":{"line":128,"column":1}}},"9":{"name":"joinQueue","decl":{"start":{"line":130,"column":16},"end":{"line":130,"column":25}},"loc":{"start":{"line":130,"column":66},"end":{"line":164,"column":1}}},"10":{"name":"enqueueFromBettingEvent","decl":{"start":{"line":166,"column":16},"end":{"line":166,"column":39}},"loc":{"start":{"line":168,"column":27},"end":{"line":208,"column":1}}},"11":{"name":"assignNextTable","decl":{"start":{"line":210,"column":16},"end":{"line":210,"column":31}},"loc":{"start":{"line":210,"column":87},"end":{"line":277,"column":1}}},"12":{"name":"(anonymous_12)","decl":{"start":{"line":252,"column":37},"end":{"line":252,"column":38}},"loc":{"start":{"line":252,"column":48},"end":{"line":252,"column":62}}},"13":{"name":"completeHand","decl":{"start":{"line":279,"column":16},"end":{"line":279,"column":28}},"loc":{"start":{"line":279,"column":72},"end":{"line":319,"column":1}}},"14":{"name":"excludePlayer","decl":{"start":{"line":321,"column":16},"end":{"line":321,"column":29}},"loc":{"start":{"line":321,"column":74},"end":{"line":345,"column":1}}},"15":{"name":"validateQueueState","decl":{"start":{"line":347,"column":16},"end":{"line":347,"column":34}},"loc":{"start":{"line":347,"column":52},"end":{"line":431,"column":1}}}},"branchMap":{"0":{"loc":{"start":{"line":23,"column":2},"end":{"line":25,"column":3}},"type":"if","locations":[{"start":{"line":23,"column":2},"end":{"line":25,"column":3}}]},"1":{"loc":{"start":{"line":30,"column":2},"end":{"line":32,"column":3}},"type":"if","locations":[{"start":{"line":30,"column":2},"end":{"line":32,"column":3}}]},"2":{"loc":{"start":{"line":50,"column":9},"end":{"line":50,"column":77}},"type":"binary-expr","locations":[{"start":{"line":50,"column":9},"end":{"line":50,"column":35}},{"start":{"line":50,"column":39},"end":{"line":50,"column":77}}]},"3":{"loc":{"start":{"line":76,"column":2},"end":{"line":78,"column":3}},"type":"if","locations":[{"start":{"line":76,"column":2},"end":{"line":78,"column":3}}]},"4":{"loc":{"start":{"line":83,"column":4},"end":{"line":87,"column":5}},"type":"if","locations":[{"start":{"line":83,"column":4},"end":{"line":87,"column":5}}]},"5":{"loc":{"start":{"line":83,"column":8},"end":{"line":83,"column":97}},"type":"binary-expr","locations":[{"start":{"line":83,"column":8},"end":{"line":83,"column":17}},{"start":{"line":83,"column":21},"end":{"line":83,"column":51}},{"start":{"line":83,"column":55},"end":{"line":83,"column":97}}]},"6":{"loc":{"start":{"line":90,"column":2},"end":{"line":93,"column":3}},"type":"if","locations":[{"start":{"line":90,"column":2},"end":{"line":93,"column":3}}]},"7":{"loc":{"start":{"line":104,"column":28},"end":{"line":104,"column":60}},"type":"default-arg","locations":[{"start":{"line":104,"column":58},"end":{"line":104,"column":60}}]},"8":{"loc":{"start":{"line":105,"column":14},"end":{"line":105,"column":39}},"type":"binary-expr","locations":[{"start":{"line":105,"column":14},"end":{"line":105,"column":25}},{"start":{"line":105,"column":29},"end":{"line":105,"column":39}}]},"9":{"loc":{"start":{"line":107,"column":13},"end":{"line":107,"column":44}},"type":"binary-expr","locations":[{"start":{"line":107,"column":13},"end":{"line":107,"column":28}},{"start":{"line":107,"column":32},"end":{"line":107,"column":44}}]},"10":{"loc":{"start":{"line":108,"column":17},"end":{"line":108,"column":44}},"type":"binary-expr","locations":[{"start":{"line":108,"column":17},"end":{"line":108,"column":36}},{"start":{"line":108,"column":40},"end":{"line":108,"column":44}}]},"11":{"loc":{"start":{"line":121,"column":22},"end":{"line":121,"column":46}},"type":"binary-expr","locations":[{"start":{"line":121,"column":22},"end":{"line":121,"column":41}},{"start":{"line":121,"column":45},"end":{"line":121,"column":46}}]},"12":{"loc":{"start":{"line":131,"column":14},"end":{"line":131,"column":37}},"type":"binary-expr","locations":[{"start":{"line":131,"column":14},"end":{"line":131,"column":23}},{"start":{"line":131,"column":27},"end":{"line":131,"column":37}}]},"13":{"loc":{"start":{"line":134,"column":2},"end":{"line":136,"column":3}},"type":"if","locations":[{"start":{"line":134,"column":2},"end":{"line":136,"column":3}}]},"14":{"loc":{"start":{"line":134,"column":6},"end":{"line":134,"column":48}},"type":"binary-expr","locations":[{"start":{"line":134,"column":6},"end":{"line":134,"column":14}},{"start":{"line":134,"column":18},"end":{"line":134,"column":48}}]},"15":{"loc":{"start":{"line":138,"column":2},"end":{"line":146,"column":3}},"type":"if","locations":[{"start":{"line":138,"column":2},"end":{"line":146,"column":3}}]},"16":{"loc":{"start":{"line":138,"column":6},"end":{"line":138,"column":48}},"type":"binary-expr","locations":[{"start":{"line":138,"column":6},"end":{"line":138,"column":14}},{"start":{"line":138,"column":18},"end":{"line":138,"column":48}}]},"17":{"loc":{"start":{"line":157,"column":13},"end":{"line":157,"column":34}},"type":"binary-expr","locations":[{"start":{"line":157,"column":13},"end":{"line":157,"column":26}},{"start":{"line":157,"column":30},"end":{"line":157,"column":34}}]},"18":{"loc":{"start":{"line":170,"column":2},"end":{"line":172,"column":3}},"type":"if","locations":[{"start":{"line":170,"column":2},"end":{"line":172,"column":3}}]},"19":{"loc":{"start":{"line":170,"column":6},"end":{"line":170,"column":88}},"type":"binary-expr","locations":[{"start":{"line":170,"column":6},"end":{"line":170,"column":44}},{"start":{"line":170,"column":48},"end":{"line":170,"column":88}}]},"20":{"loc":{"start":{"line":174,"column":2},"end":{"line":176,"column":3}},"type":"if","locations":[{"start":{"line":174,"column":2},"end":{"line":176,"column":3}}]},"21":{"loc":{"start":{"line":179,"column":2},"end":{"line":181,"column":3}},"type":"if","locations":[{"start":{"line":179,"column":2},"end":{"line":181,"column":3}}]},"22":{"loc":{"start":{"line":189,"column":2},"end":{"line":192,"column":3}},"type":"if","locations":[{"start":{"line":189,"column":2},"end":{"line":192,"column":3}}]},"23":{"loc":{"start":{"line":195,"column":2},"end":{"line":197,"column":3}},"type":"if","locations":[{"start":{"line":195,"column":2},"end":{"line":197,"column":3}}]},"24":{"loc":{"start":{"line":210,"column":51},"end":{"line":210,"column":87}},"type":"default-arg","locations":[{"start":{"line":210,"column":85},"end":{"line":210,"column":87}}]},"25":{"loc":{"start":{"line":211,"column":14},"end":{"line":211,"column":39}},"type":"binary-expr","locations":[{"start":{"line":211,"column":14},"end":{"line":211,"column":25}},{"start":{"line":211,"column":29},"end":{"line":211,"column":39}}]},"26":{"loc":{"start":{"line":212,"column":17},"end":{"line":212,"column":56}},"type":"binary-expr","locations":[{"start":{"line":212,"column":17},"end":{"line":212,"column":31}},{"start":{"line":212,"column":35},"end":{"line":212,"column":56}}]},"27":{"loc":{"start":{"line":213,"column":18},"end":{"line":213,"column":59}},"type":"binary-expr","locations":[{"start":{"line":213,"column":18},"end":{"line":213,"column":33}},{"start":{"line":213,"column":37},"end":{"line":213,"column":59}}]},"28":{"loc":{"start":{"line":218,"column":4},"end":{"line":220,"column":5}},"type":"if","locations":[{"start":{"line":218,"column":4},"end":{"line":220,"column":5}}]},"29":{"loc":{"start":{"line":223,"column":4},"end":{"line":225,"column":5}},"type":"if","locations":[{"start":{"line":223,"column":4},"end":{"line":225,"column":5}}]},"30":{"loc":{"start":{"line":227,"column":4},"end":{"line":229,"column":5}},"type":"if","locations":[{"start":{"line":227,"column":4},"end":{"line":229,"column":5}}]},"31":{"loc":{"start":{"line":235,"column":9},"end":{"line":235,"column":57}},"type":"binary-expr","locations":[{"start":{"line":235,"column":9},"end":{"line":235,"column":36}},{"start":{"line":235,"column":40},"end":{"line":235,"column":57}}]},"32":{"loc":{"start":{"line":237,"column":4},"end":{"line":239,"column":5}},"type":"if","locations":[{"start":{"line":237,"column":4},"end":{"line":239,"column":5}}]},"33":{"loc":{"start":{"line":244,"column":2},"end":{"line":246,"column":3}},"type":"if","locations":[{"start":{"line":244,"column":2},"end":{"line":246,"column":3}}]},"34":{"loc":{"start":{"line":248,"column":2},"end":{"line":250,"column":3}},"type":"if","locations":[{"start":{"line":248,"column":2},"end":{"line":250,"column":3}}]},"35":{"loc":{"start":{"line":280,"column":18},"end":{"line":280,"column":45}},"type":"binary-expr","locations":[{"start":{"line":280,"column":18},"end":{"line":280,"column":31}},{"start":{"line":280,"column":35},"end":{"line":280,"column":45}}]},"36":{"loc":{"start":{"line":282,"column":2},"end":{"line":284,"column":3}},"type":"if","locations":[{"start":{"line":282,"column":2},"end":{"line":284,"column":3}}]},"37":{"loc":{"start":{"line":286,"column":2},"end":{"line":288,"column":3}},"type":"if","locations":[{"start":{"line":286,"column":2},"end":{"line":288,"column":3}}]},"38":{"loc":{"start":{"line":300,"column":4},"end":{"line":302,"column":5}},"type":"if","locations":[{"start":{"line":300,"column":4},"end":{"line":302,"column":5}}]},"39":{"loc":{"start":{"line":308,"column":4},"end":{"line":311,"column":5}},"type":"if","locations":[{"start":{"line":308,"column":4},"end":{"line":311,"column":5}}]},"40":{"loc":{"start":{"line":322,"column":14},"end":{"line":322,"column":37}},"type":"binary-expr","locations":[{"start":{"line":322,"column":14},"end":{"line":322,"column":23}},{"start":{"line":322,"column":27},"end":{"line":322,"column":37}}]},"41":{"loc":{"start":{"line":324,"column":2},"end":{"line":326,"column":3}},"type":"if","locations":[{"start":{"line":324,"column":2},"end":{"line":326,"column":3}}]},"42":{"loc":{"start":{"line":331,"column":2},"end":{"line":336,"column":3}},"type":"if","locations":[{"start":{"line":331,"column":2},"end":{"line":336,"column":3}}]},"43":{"loc":{"start":{"line":333,"column":4},"end":{"line":335,"column":5}},"type":"if","locations":[{"start":{"line":333,"column":4},"end":{"line":335,"column":5}}]},"44":{"loc":{"start":{"line":352,"column":4},"end":{"line":355,"column":5}},"type":"if","locations":[{"start":{"line":352,"column":4},"end":{"line":355,"column":5}}]},"45":{"loc":{"start":{"line":359,"column":4},"end":{"line":362,"column":5}},"type":"if","locations":[{"start":{"line":359,"column":4},"end":{"line":362,"column":5}}]},"46":{"loc":{"start":{"line":364,"column":4},"end":{"line":366,"column":5}},"type":"if","locations":[{"start":{"line":364,"column":4},"end":{"line":366,"column":5}}]},"47":{"loc":{"start":{"line":370,"column":4},"end":{"line":372,"column":5}},"type":"if","locations":[{"start":{"line":370,"column":4},"end":{"line":372,"column":5}}]},"48":{"loc":{"start":{"line":374,"column":4},"end":{"line":376,"column":5}},"type":"if","locations":[{"start":{"line":374,"column":4},"end":{"line":376,"column":5}}]},"49":{"loc":{"start":{"line":380,"column":6},"end":{"line":382,"column":7}},"type":"if","locations":[{"start":{"line":380,"column":6},"end":{"line":382,"column":7}}]},"50":{"loc":{"start":{"line":386,"column":6},"end":{"line":389,"column":7}},"type":"if","locations":[{"start":{"line":386,"column":6},"end":{"line":389,"column":7}}]},"51":{"loc":{"start":{"line":391,"column":6},"end":{"line":393,"column":7}},"type":"if","locations":[{"start":{"line":391,"column":6},"end":{"line":393,"column":7}}]},"52":{"loc":{"start":{"line":395,"column":6},"end":{"line":397,"column":7}},"type":"if","locations":[{"start":{"line":395,"column":6},"end":{"line":397,"column":7}}]},"53":{"loc":{"start":{"line":395,"column":10},"end":{"line":395,"column":82}},"type":"binary-expr","locations":[{"start":{"line":395,"column":10},"end":{"line":395,"column":42}},{"start":{"line":395,"column":46},"end":{"line":395,"column":82}}]},"54":{"loc":{"start":{"line":399,"column":6},"end":{"line":401,"column":7}},"type":"if","locations":[{"start":{"line":399,"column":6},"end":{"line":401,"column":7}}]},"55":{"loc":{"start":{"line":406,"column":4},"end":{"line":421,"column":5}},"type":"if","locations":[{"start":{"line":406,"column":4},"end":{"line":421,"column":5}}]},"56":{"loc":{"start":{"line":407,"column":6},"end":{"line":410,"column":7}},"type":"if","locations":[{"start":{"line":407,"column":6},"end":{"line":410,"column":7}}]},"57":{"loc":{"start":{"line":407,"column":10},"end":{"line":407,"column":55}},"type":"binary-expr","locations":[{"start":{"line":407,"column":10},"end":{"line":407,"column":31}},{"start":{"line":407,"column":35},"end":{"line":407,"column":55}}]},"58":{"loc":{"start":{"line":413,"column":6},"end":{"line":416,"column":7}},"type":"if","locations":[{"start":{"line":413,"column":6},"end":{"line":416,"column":7}}]},"59":{"loc":{"start":{"line":418,"column":6},"end":{"line":420,"column":7}},"type":"if","locations":[{"start":{"line":418,"column":6},"end":{"line":420,"column":7}}]},"60":{"loc":{"start":{"line":423,"column":4},"end":{"line":427,"column":5}},"type":"if","locations":[{"start":{"line":423,"column":4},"end":{"line":427,"column":5}}]},"61":{"loc":{"start":{"line":424,"column":6},"end":{"line":426,"column":7}},"type":"if","locations":[{"start":{"line":424,"column":6},"end":{"line":426,"column":7}}]},"62":{"loc":{"start":{"line":424,"column":10},"end":{"line":424,"column":71}},"type":"binary-expr","locations":[{"start":{"line":424,"column":10},"end":{"line":424,"column":39}},{"start":{"line":424,"column":43},"end":{"line":424,"column":71}}]}},"s":{"0":1,"1":1,"2":1,"3":1,"4":1,"5":1,"6":1,"7":1,"8":707,"9":707,"10":700,"11":700,"12":700,"13":6,"14":699,"15":6,"16":6,"17":6,"18":6,"19":6,"20":6,"21":0,"22":0,"23":0,"24":0,"25":0,"26":0,"27":100,"28":100,"29":0,"30":100,"31":100,"32":100,"33":99,"34":99,"35":99,"36":100,"37":1,"38":1,"39":100,"40":100,"41":100,"42":100,"43":100,"44":100,"45":1,"46":1,"47":1,"48":1,"49":1,"50":0,"51":0,"52":1,"53":1,"54":1,"55":1,"56":0,"57":1,"58":0,"59":0,"60":0,"61":0,"62":0,"63":0,"64":0,"65":1,"66":1,"67":1,"68":1,"69":1,"70":100,"71":0,"72":100,"73":0,"74":100,"75":100,"76":0,"77":100,"78":100,"79":100,"80":100,"81":100,"82":100,"83":100,"84":100,"85":100,"86":100,"87":100,"88":100,"89":100,"90":100,"91":100,"92":100,"93":100,"94":100,"95":100,"96":694,"97":99,"98":595,"99":595,"100":0,"101":595,"102":0,"103":595,"104":595,"105":100,"106":5,"107":5,"108":0,"109":5,"110":5,"111":100,"112":0,"113":100,"114":0,"115":100,"116":600,"117":100,"118":600,"119":600,"120":600,"121":600,"122":600,"123":100,"124":100,"125":100,"126":100,"127":100,"128":100,"129":100,"130":100,"131":0,"132":100,"133":0,"134":100,"135":100,"136":600,"137":600,"138":0,"139":600,"140":600,"141":600,"142":600,"143":600,"144":600,"145":100,"146":100,"147":100,"148":100,"149":0,"150":0,"151":0,"152":0,"153":0,"154":0,"155":0,"156":0,"157":0,"158":0,"159":0,"160":0,"161":0,"162":0,"163":0,"164":0,"165":200,"166":200,"167":200,"168":1394,"169":0,"170":0,"171":1394,"172":1394,"173":1394,"174":0,"175":0,"176":1394,"177":0,"178":200,"179":0,"180":0,"181":0,"182":0,"183":0,"184":0,"185":0,"186":0,"187":0,"188":0,"189":0,"190":0,"191":0,"192":0,"193":0,"194":0,"195":0,"196":0,"197":0,"198":200,"199":1394,"200":0,"201":0,"202":0,"203":0,"204":0,"205":0,"206":0,"207":0,"208":0,"209":1394,"210":1394,"211":0,"212":200},"f":{"0":707,"1":700,"2":6,"3":699,"4":6,"5":0,"6":0,"7":100,"8":1,"9":1,"10":100,"11":100,"12":600,"13":100,"14":0,"15":200},"b":{"0":[707],"1":[700],"2":[699,699],"3":[0],"4":[99],"5":[100,100,99],"6":[1],"7":[0],"8":[1,0],"9":[1,1],"10":[1,0],"11":[1,0],"12":[1,0],"13":[0],"14":[1,0],"15":[0],"16":[1,0],"17":[1,0],"18":[0],"19":[100,100],"20":[0],"21":[0],"22":[100],"23":[100],"24":[0],"25":[100,0],"26":[100,0],"27":[100,0],"28":[99],"29":[0],"30":[0],"31":[105,5],"32":[0],"33":[0],"34":[0],"35":[100,0],"36":[0],"37":[0],"38":[0],"39":[600],"40":[0,0],"41":[0],"42":[0],"43":[0],"44":[0],"45":[0],"46":[0],"47":[0],"48":[0],"49":[0],"50":[0],"51":[0],"52":[0],"53":[0,0],"54":[0],"55":[0],"56":[0],"57":[0,0],"58":[0],"59":[0],"60":[1394],"61":[0],"62":[1394,1394]}}
,"C:\\Users\\surus\\OneDrive\\デスクトップ\\fastfold-omaha\\src\\engine\\table-state\\types.ts": {"path":"C:\\Users\\surus\\OneDrive\\デスクトップ\\fastfold-omaha\\src\\engine\\table-state\\types.ts","statementMap":{"0":{"start":{"line":1,"column":13},"end":{"line":1,"column":36}},"1":{"start":{"line":2,"column":13},"end":{"line":2,"column":43}},"2":{"start":{"line":8,"column":0},"end":{"line":8,"column":null}},"3":{"start":{"line":9,"column":2},"end":{"line":9,"column":null}},"4":{"start":{"line":10,"column":2},"end":{"line":10,"column":null}},"5":{"start":{"line":11,"column":2},"end":{"line":11,"column":null}},"6":{"start":{"line":12,"column":2},"end":{"line":12,"column":null}},"7":{"start":{"line":15,"column":0},"end":{"line":15,"column":null}},"8":{"start":{"line":16,"column":2},"end":{"line":16,"column":null}},"9":{"start":{"line":17,"column":2},"end":{"line":17,"column":null}},"10":{"start":{"line":18,"column":2},"end":{"line":18,"column":null}},"11":{"start":{"line":19,"column":2},"end":{"line":19,"column":null}},"12":{"start":{"line":20,"column":2},"end":{"line":20,"column":null}},"13":{"start":{"line":21,"column":2},"end":{"line":21,"column":null}},"14":{"start":{"line":22,"column":2},"end":{"line":22,"column":null}},"15":{"start":{"line":23,"column":2},"end":{"line":23,"column":null}},"16":{"start":{"line":26,"column":0},"end":{"line":26,"column":null}},"17":{"start":{"line":27,"column":2},"end":{"line":27,"column":null}},"18":{"start":{"line":28,"column":2},"end":{"line":28,"column":null}},"19":{"start":{"line":29,"column":2},"end":{"line":29,"column":null}},"20":{"start":{"line":30,"column":2},"end":{"line":30,"column":null}},"21":{"start":{"line":31,"column":2},"end":{"line":31,"column":null}},"22":{"start":{"line":32,"column":2},"end":{"line":32,"column":null}},"23":{"start":{"line":33,"column":2},"end":{"line":33,"column":null}},"24":{"start":{"line":34,"column":2},"end":{"line":34,"column":null}}},"fnMap":{"0":{"name":"(anonymous_0)","decl":{"start":{"line":8,"column":0},"end":{"line":8,"column":12}},"loc":{"start":{"line":8,"column":18},"end":{"line":13,"column":1}}},"1":{"name":"(anonymous_1)","decl":{"start":{"line":15,"column":0},"end":{"line":15,"column":12}},"loc":{"start":{"line":15,"column":23},"end":{"line":24,"column":1}}},"2":{"name":"(anonymous_2)","decl":{"start":{"line":26,"column":0},"end":{"line":26,"column":12}},"loc":{"start":{"line":26,"column":32},"end":{"line":35,"column":1}}}},"branchMap":{"0":{"loc":{"start":{"line":8,"column":12},"end":{"line":8,"column":null}},"type":"binary-expr","locations":[{"start":{"line":8,"column":12},"end":{"line":8,"column":18}},{"start":{"line":8,"column":18},"end":{"line":8,"column":null}}]},"1":{"loc":{"start":{"line":15,"column":12},"end":{"line":15,"column":null}},"type":"binary-expr","locations":[{"start":{"line":15,"column":12},"end":{"line":15,"column":23}},{"start":{"line":15,"column":23},"end":{"line":15,"column":null}}]},"2":{"loc":{"start":{"line":26,"column":12},"end":{"line":26,"column":null}},"type":"binary-expr","locations":[{"start":{"line":26,"column":12},"end":{"line":26,"column":32}},{"start":{"line":26,"column":32},"end":{"line":26,"column":null}}]}},"s":{"0":1,"1":1,"2":1,"3":1,"4":1,"5":1,"6":1,"7":1,"8":1,"9":1,"10":1,"11":1,"12":1,"13":1,"14":1,"15":1,"16":1,"17":1,"18":1,"19":1,"20":1,"21":1,"22":1,"23":1,"24":1},"f":{"0":1,"1":1,"2":1},"b":{"0":[1,1],"1":[1,1],"2":[1,1]}}
}
