TN:
SF:src\engine\betting\index.ts
FN:24,initializeBettingRound
FN:34,addUnique
FN:38,applyChipCommit
FN:44,toCall
FN:49,minRaiseTo
FN:53,maxRaiseTo
FN:55,(anonymous_6)
FN:60,computeAllowedActions
FN:81,validateAction
FN:229,nextStreet
FN:236,isStreetComplete
FN:237,(anonymous_11)
FN:247,(anonymous_12)
FN:248,(anonymous_13)
FN:261,getNextActingPlayer
FN:282,applyAction
FN:328,(anonymous_16)
FN:342,(anonymous_17)
FN:347,(anonymous_18)
FNF:19
FNH:12
FNDA:100,initializeBettingRound
FNDA:100,addUnique
FNDA:0,applyChipCommit
FNDA:200,toCall
FNDA:200,minRaiseTo
FNDA:200,maxRaiseTo
FNDA:1200,(anonymous_6)
FNDA:200,computeAllowedActions
FNDA:200,validateAction
FNDA:0,nextStreet
FNDA:0,isStreetComplete
FNDA:0,(anonymous_11)
FNDA:0,(anonymous_12)
FNDA:0,(anonymous_13)
FNDA:100,getNextActingPlayer
FNDA:100,applyAction
FNDA:0,(anonymous_16)
FNDA:600,(anonymous_17)
FNDA:100,(anonymous_18)
DA:1,1
DA:2,1
DA:24,1
DA:25,100
DA:35,100
DA:39,0
DA:40,0
DA:41,0
DA:45,200
DA:46,200
DA:50,200
DA:54,200
DA:55,1200
DA:56,200
DA:57,200
DA:60,1
DA:61,200
DA:62,200
DA:63,200
DA:64,200
DA:65,200
DA:66,200
DA:68,200
DA:70,200
DA:81,1
DA:82,200
DA:84,200
DA:85,0
DA:93,200
DA:94,0
DA:102,200
DA:103,0
DA:111,200
DA:112,0
DA:120,200
DA:121,0
DA:129,200
DA:130,0
DA:133,200
DA:134,0
DA:137,200
DA:138,0
DA:146,200
DA:147,0
DA:155,200
DA:156,0
DA:159,200
DA:160,0
DA:163,200
DA:164,0
DA:165,0
DA:168,0
DA:169,0
DA:178,200
DA:179,0
DA:180,0
DA:183,0
DA:184,0
DA:187,0
DA:188,0
DA:196,0
DA:197,0
DA:205,0
DA:206,0
DA:207,0
DA:208,0
DA:217,200
DA:218,0
DA:226,200
DA:230,0
DA:231,0
DA:232,0
DA:233,0
DA:236,1
DA:237,0
DA:239,0
DA:240,0
DA:247,0
DA:248,0
DA:250,0
DA:251,0
DA:258,0
DA:261,1
DA:266,100
DA:267,0
DA:270,100
DA:272,100
DA:273,100
DA:274,100
DA:275,100
DA:279,0
DA:282,1
DA:287,100
DA:288,100
DA:289,0
DA:292,100
DA:302,100
DA:307,100
DA:308,0
DA:309,0
DA:310,0
DA:313,100
DA:314,0
DA:317,100
DA:318,0
DA:319,0
DA:320,0
DA:322,0
DA:323,0
DA:324,0
DA:325,0
DA:327,0
DA:328,0
DA:330,0
DA:332,0
DA:338,0
DA:341,100
DA:342,600
DA:343,100
DA:344,100
DA:347,100
DA:348,100
DA:349,100
DA:351,100
DA:352,100
DA:353,100
DA:354,100
DA:357,100
DA:373,100
DA:389,100
LF:130
LH:68
BRDA:35,0,0,0
BRDA:35,0,1,100
BRDA:45,1,0,200
BRDA:45,1,1,0
BRDA:54,2,0,200
BRDA:54,2,1,0
BRDA:66,3,0,200
BRDA:66,3,1,0
BRDA:68,4,0,200
BRDA:68,4,1,200
BRDA:68,4,2,200
BRDA:71,5,0,200
BRDA:71,5,1,200
BRDA:72,6,0,200
BRDA:72,6,1,200
BRDA:73,7,0,200
BRDA:73,7,1,200
BRDA:73,7,2,200
BRDA:84,8,0,0
BRDA:93,9,0,0
BRDA:102,10,0,0
BRDA:102,11,0,200
BRDA:102,11,1,0
BRDA:111,12,0,0
BRDA:120,13,0,0
BRDA:120,14,0,200
BRDA:120,14,1,0
BRDA:129,15,0,0
BRDA:129,16,0,200
BRDA:129,16,1,200
BRDA:133,17,0,0
BRDA:137,18,0,0
BRDA:146,19,0,0
BRDA:155,20,0,0
BRDA:155,21,0,200
BRDA:155,21,1,0
BRDA:159,22,0,0
BRDA:159,23,0,200
BRDA:159,23,1,0
BRDA:163,24,0,0
BRDA:164,25,0,0
BRDA:168,26,0,0
BRDA:168,27,0,0
BRDA:168,27,1,0
BRDA:178,28,0,0
BRDA:179,29,0,0
BRDA:183,30,0,0
BRDA:187,31,0,0
BRDA:196,32,0,0
BRDA:205,33,0,0
BRDA:205,33,1,0
BRDA:207,34,0,0
BRDA:207,35,0,0
BRDA:207,35,1,0
BRDA:217,36,0,0
BRDA:230,37,0,0
BRDA:231,38,0,0
BRDA:232,39,0,0
BRDA:239,40,0,0
BRDA:243,41,0,0
BRDA:243,41,1,0
BRDA:248,42,0,0
BRDA:248,42,1,0
BRDA:250,43,0,0
BRDA:250,44,0,0
BRDA:250,44,1,0
BRDA:266,45,0,0
BRDA:270,46,0,100
BRDA:270,46,1,0
BRDA:274,47,0,100
BRDA:285,48,0,0
BRDA:288,49,0,0
BRDA:307,50,0,0
BRDA:313,51,0,0
BRDA:317,52,0,0
BRDA:318,53,0,0
BRDA:318,53,1,0
BRDA:319,54,0,0
BRDA:319,54,1,0
BRDA:328,55,0,0
BRDA:328,55,1,0
BRDA:341,56,0,100
BRDA:343,57,0,100
BRDA:353,58,0,100
BRDA:380,59,0,100
BRDA:380,59,1,100
BRF:86
BRH:27
end_of_record
TN:
SF:src\engine\betting\types.ts
FN:3,(anonymous_0)
FN:11,(anonymous_1)
FNF:2
FNH:2
FNDA:1,(anonymous_0)
FNDA:1,(anonymous_1)
DA:3,1
DA:4,1
DA:5,1
DA:6,1
DA:7,1
DA:8,1
DA:11,1
DA:12,1
DA:13,1
DA:14,1
DA:15,1
DA:16,1
DA:17,1
DA:18,1
DA:19,1
DA:20,1
DA:21,1
DA:22,1
DA:23,1
DA:24,1
DA:25,1
DA:26,1
DA:27,1
DA:28,1
DA:29,1
DA:30,1
DA:31,1
LF:27
LH:27
BRDA:3,0,0,1
BRDA:3,0,1,1
BRDA:11,1,0,1
BRDA:11,1,1,1
BRF:4
BRH:4
end_of_record
TN:
SF:src\engine\fast-fold-durability\index.ts
FN:31,summarizeMetric
FN:43,(anonymous_1)
FN:44,(anonymous_2)
FN:46,(anonymous_3)
FN:63,summarizeFastFoldDurabilitySession
FN:65,(anonymous_5)
FN:74,(anonymous_6)
FN:75,(anonymous_7)
FN:78,(anonymous_8)
FN:79,(anonymous_9)
FN:81,(anonymous_10)
FN:83,(anonymous_11)
FN:86,(anonymous_12)
FN:88,(anonymous_13)
FN:115,formatMetricSection
FN:127,formatFastFoldDurabilityReport
FNF:16
FNH:14
FNDA:2,summarizeMetric
FNDA:1018,(anonymous_1)
FNDA:200,(anonymous_2)
FNDA:8,(anonymous_3)
FNDA:1,summarizeFastFoldDurabilitySession
FNDA:100,(anonymous_5)
FNDA:100,(anonymous_6)
FNDA:100,(anonymous_7)
FNDA:100,(anonymous_8)
FNDA:100,(anonymous_9)
FNDA:100,(anonymous_10)
FNDA:100,(anonymous_11)
FNDA:100,(anonymous_12)
FNDA:100,(anonymous_13)
FNDA:0,formatMetricSection
FNDA:0,formatFastFoldDurabilityReport
DA:32,2
DA:33,0
DA:43,1018
DA:44,200
DA:46,2
DA:47,8
DA:48,8
DA:51,2
DA:53,2
DA:63,1
DA:64,1
DA:66,100
DA:73,1
DA:74,100
DA:75,100
DA:77,1
DA:78,100
DA:79,100
DA:81,100
DA:82,1
DA:83,100
DA:86,100
DA:87,1
DA:88,100
DA:91,1
DA:92,1
DA:94,1
DA:116,0
DA:127,1
DA:128,0
LF:30
LH:27
BRDA:32,0,0,0
BRDA:66,1,0,100
BRDA:66,1,1,100
BRDA:66,1,2,100
BRDA:66,1,3,100
BRDA:66,1,4,100
BRDA:83,2,0,0
BRDA:83,2,1,100
BRDA:88,3,0,100
BRDA:88,3,1,100
BRDA:88,3,2,100
BRDA:92,4,0,0
BRDA:92,4,1,1
BRDA:96,5,0,0
BRDA:96,5,1,1
BRDA:104,6,0,1
BRDA:104,6,1,0
BRDA:104,7,0,1
BRDA:104,7,1,1
BRDA:104,7,2,1
BRDA:104,7,3,1
BRDA:104,7,4,1
BRDA:104,7,5,1
BRDA:131,8,0,0
BRDA:131,8,1,0
BRF:25
BRH:18
end_of_record
TN:
SF:src\engine\fast-fold-durability\real-simulation.ts
FN:48,createMemoryStorage
FN:52,(anonymous_1)
FN:55,(anonymous_2)
FN:58,(anonymous_3)
FN:61,(anonymous_4)
FN:64,(anonymous_5)
FN:71,createTableState
FN:106,createContext
FN:114,createQueuePort
FN:116,(anonymous_9)
FN:117,(anonymous_10)
FN:118,(anonymous_11)
FN:119,(anonymous_12)
FN:123,createBettingPort
FN:127,key
FN:131,seatOrder
FN:135,ensureView
FN:148,(anonymous_17)
FN:175,toTableState
FN:183,(anonymous_19)
FN:189,(anonymous_20)
FN:208,(anonymous_21)
FN:239,createNoopShowdownPort
FN:241,(anonymous_23)
FN:242,(anonymous_24)
FN:246,createNoopPotPort
FN:248,(anonymous_26)
FN:252,createPlayers
FN:263,createBoard
FN:266,(anonymous_29)
FN:269,summarizeAverage
FN:274,(anonymous_31)
FN:277,formatMetricSummary
FN:289,buildSegmentSummaries
FN:302,(anonymous_34)
FN:303,(anonymous_35)
FN:306,(anonymous_36)
FN:307,(anonymous_37)
FN:312,formatSegmentSummaries
FN:314,(anonymous_39)
FN:322,simulateFastFold100HandsThroughEngine
FN:331,(anonymous_41)
FN:332,(anonymous_42)
FN:342,(anonymous_43)
FN:361,(anonymous_44)
FN:362,(anonymous_45)
FNF:46
FNH:39
FNDA:1,createMemoryStorage
FNDA:0,(anonymous_1)
FNDA:100,(anonymous_2)
FNDA:300,(anonymous_3)
FNDA:0,(anonymous_4)
FNDA:0,(anonymous_5)
FNDA:1,createTableState
FNDA:1,createContext
FNDA:1,createQueuePort
FNDA:100,(anonymous_9)
FNDA:100,(anonymous_10)
FNDA:100,(anonymous_11)
FNDA:100,(anonymous_12)
FNDA:1,createBettingPort
FNDA:300,key
FNDA:0,seatOrder
FNDA:200,ensureView
FNDA:600,(anonymous_17)
FNDA:100,toTableState
FNDA:600,(anonymous_19)
FNDA:100,(anonymous_20)
FNDA:100,(anonymous_21)
FNDA:1,createNoopShowdownPort
FNDA:0,(anonymous_23)
FNDA:0,(anonymous_24)
FNDA:1,createNoopPotPort
FNDA:0,(anonymous_26)
FNDA:100,createPlayers
FNDA:200,createBoard
FNDA:1000,(anonymous_29)
FNDA:10,summarizeAverage
FNDA:200,(anonymous_31)
FNDA:2,formatMetricSummary
FNDA:1,buildSegmentSummaries
FNDA:5,(anonymous_34)
FNDA:500,(anonymous_35)
FNDA:100,(anonymous_36)
FNDA:100,(anonymous_37)
FNDA:1,formatSegmentSummaries
FNDA:5,(anonymous_39)
FNDA:1,simulateFastFold100HandsThroughEngine
FNDA:100,(anonymous_41)
FNDA:100,(anonymous_42)
FNDA:300,(anonymous_43)
FNDA:300,(anonymous_44)
FNDA:100,(anonymous_45)
DA:1,1
DA:10,1
DA:13,1
DA:15,1
DA:17,1
DA:18,1
DA:28,1
DA:49,1
DA:51,1
DA:53,0
DA:56,100
DA:59,300
DA:62,0
DA:65,0
DA:66,0
DA:72,1
DA:107,1
DA:115,1
DA:116,100
DA:117,100
DA:118,100
DA:119,100
DA:124,1
DA:125,1
DA:128,300
DA:132,0
DA:136,200
DA:137,200
DA:138,200
DA:139,200
DA:140,100
DA:143,100
DA:144,100
DA:145,100
DA:146,100
DA:148,100
DA:149,600
DA:150,600
DA:151,600
DA:154,100
DA:171,100
DA:172,100
DA:176,100
DA:183,600
DA:188,1
DA:190,100
DA:191,100
DA:201,100
DA:209,100
DA:210,100
DA:224,100
DA:226,100
DA:240,1
DA:241,0
DA:242,0
DA:247,1
DA:248,0
DA:253,100
DA:264,200
DA:265,200
DA:266,1000
DA:270,10
DA:271,0
DA:274,200
DA:278,2
DA:294,1
DA:302,1
DA:303,500
DA:304,5
DA:306,100
DA:307,100
DA:313,1
DA:314,5
DA:322,1
DA:323,1
DA:324,1
DA:326,1
DA:327,1
DA:328,1
DA:330,1
DA:331,100
DA:332,100
DA:335,1
DA:341,1
DA:343,300
DA:344,300
DA:348,1
DA:356,1
DA:358,1
DA:359,1
DA:360,1
DA:361,300
DA:363,100
DA:367,1
DA:368,1
DA:369,1
DA:371,1
DA:373,1
DA:374,100
DA:375,100
DA:376,100
DA:377,100
DA:378,100
DA:379,100
DA:380,100
DA:381,100
DA:383,100
DA:390,100
DA:391,0
DA:394,100
DA:395,100
DA:396,100
DA:398,100
DA:400,100
DA:416,100
DA:418,100
DA:419,100
DA:431,100
DA:432,0
DA:435,100
DA:436,100
DA:437,100
DA:439,100
DA:463,100
DA:465,100
DA:466,100
DA:477,100
DA:484,100
DA:485,0
DA:488,100
DA:489,100
DA:491,100
DA:504,100
DA:506,100
DA:507,100
DA:508,0
DA:511,100
DA:514,1
DA:515,1
DA:516,1
DA:533,1
LF:141
LH:128
BRDA:49,0,0,1
BRDA:49,0,1,1
BRDA:56,1,0,100
BRDA:56,1,1,0
BRDA:66,2,0,0
BRDA:66,2,1,0
BRDA:71,3,0,0
BRDA:108,4,0,1
BRDA:108,4,1,0
BRDA:132,5,0,0
BRDA:132,5,1,0
BRDA:136,6,0,200
BRDA:136,6,1,0
BRDA:139,7,0,100
BRDA:143,8,0,100
BRDA:143,8,1,0
BRDA:157,9,0,100
BRDA:157,9,1,0
BRDA:161,10,0,100
BRDA:161,10,1,0
BRDA:161,10,2,0
BRDA:228,11,0,100
BRDA:228,11,1,0
BRDA:270,12,0,0
BRDA:303,13,0,500
BRDA:303,13,1,300
BRDA:306,14,0,100
BRDA:306,14,1,0
BRDA:307,15,0,100
BRDA:307,15,1,0
BRDA:332,16,0,100
BRDA:332,16,1,0
BRDA:390,17,0,0
BRDA:391,18,0,0
BRDA:391,18,1,0
BRDA:418,19,0,100
BRDA:418,19,1,0
BRDA:418,19,2,0
BRDA:431,20,0,0
BRDA:432,21,0,0
BRDA:432,21,1,0
BRDA:436,22,0,100
BRDA:436,22,1,0
BRDA:465,23,0,100
BRDA:484,24,0,0
BRDA:485,25,0,0
BRDA:485,25,1,0
BRDA:507,26,0,0
BRDA:508,27,0,0
BRDA:508,27,1,0
BRF:50
BRH:18
end_of_record
TN:
SF:src\engine\fast-fold-durability\simulation.ts
FN:24,createPlayers
FN:35,createBoard
FN:38,(anonymous_2)
FN:41,buildSamples
FN:42,(anonymous_4)
FN:52,createDurabilityReport
FN:56,formatDurabilityReport
FN:85,simulateFastFold100Hands
FN:90,(anonymous_8)
FN:91,(anonymous_9)
FNF:10
FNH:3
FNDA:0,createPlayers
FNDA:0,createBoard
FNDA:0,(anonymous_2)
FNDA:1,buildSamples
FNDA:100,(anonymous_4)
FNDA:1,createDurabilityReport
FNDA:0,formatDurabilityReport
FNDA:0,simulateFastFold100Hands
FNDA:0,(anonymous_8)
FNDA:0,(anonymous_9)
DA:1,1
DA:11,1
DA:25,0
DA:36,0
DA:37,0
DA:38,0
DA:42,100
DA:52,1
DA:53,1
DA:56,1
DA:57,0
DA:85,1
DA:86,0
DA:87,0
DA:89,0
DA:90,0
DA:92,0
DA:96,0
DA:98,0
DA:99,0
DA:100,0
DA:101,0
DA:102,0
DA:103,0
DA:104,0
DA:105,0
DA:106,0
DA:107,0
DA:108,0
DA:110,0
DA:126,0
DA:150,0
DA:160,0
DA:173,0
DA:174,0
DA:175,0
DA:176,0
DA:178,0
DA:181,0
DA:183,0
LF:40
LH:7
BRDA:44,0,0,100
BRDA:44,0,1,0
BRDA:45,1,0,100
BRDA:45,1,1,0
BRF:4
BRH:2
end_of_record
TN:
SF:src\engine\game\index.ts
FN:32,mapError
FN:40,notify
FN:60,createGameCoordinator
FN:62,(anonymous_3)
FN:111,(anonymous_4)
FN:171,(anonymous_5)
FN:207,(anonymous_6)
FN:222,(anonymous_7)
FN:248,(anonymous_8)
FNF:9
FNH:5
FNDA:0,mapError
FNDA:300,notify
FNDA:1,createGameCoordinator
FNDA:100,(anonymous_3)
FNDA:100,(anonymous_4)
FNDA:0,(anonymous_5)
FNDA:0,(anonymous_6)
FNDA:0,(anonymous_7)
FNDA:100,(anonymous_8)
DA:1,1
DA:33,0
DA:34,0
DA:35,0
DA:36,0
DA:37,0
DA:46,300
DA:53,300
DA:54,300
DA:57,300
DA:60,1
DA:61,1
DA:63,100
DA:64,100
DA:65,0
DA:73,100
DA:79,100
DA:80,0
DA:88,100
DA:104,100
DA:112,100
DA:113,0
DA:121,100
DA:122,0
DA:130,100
DA:131,100
DA:132,0
DA:140,100
DA:141,100
DA:143,100
DA:144,100
DA:145,100
DA:146,100
DA:147,0
DA:157,100
DA:163,100
DA:172,0
DA:173,0
DA:176,0
DA:177,0
DA:180,0
DA:181,0
DA:184,0
DA:185,0
DA:188,0
DA:189,0
DA:191,0
DA:199,0
DA:208,0
DA:209,0
DA:212,0
DA:213,0
DA:216,0
DA:222,0
DA:223,0
DA:224,0
DA:232,0
DA:240,0
DA:249,100
DA:255,100
DA:260,100
DA:261,0
DA:269,100
LF:63
LH:29
BRDA:33,0,0,0
BRDA:34,1,0,0
BRDA:35,2,0,0
BRDA:36,3,0,0
BRDA:53,4,0,300
BRDA:64,5,0,0
BRDA:79,6,0,0
BRDA:98,7,0,100
BRDA:98,7,1,0
BRDA:112,8,0,0
BRDA:121,9,0,0
BRDA:131,10,0,0
BRDA:143,11,0,100
BRDA:146,12,0,0
BRDA:172,13,0,0
BRDA:176,14,0,0
BRDA:180,15,0,0
BRDA:180,16,0,0
BRDA:180,16,1,0
BRDA:184,17,0,0
BRDA:208,18,0,0
BRDA:212,19,0,0
BRDA:223,20,0,0
BRDA:260,21,0,0
BRF:24
BRH:3
end_of_record
TN:
SF:src\engine\hand-history\index.ts
FN:30,(anonymous_0)
FN:63,(anonymous_1)
FN:67,(anonymous_2)
FN:68,(anonymous_3)
FN:71,(anonymous_4)
FN:77,(anonymous_5)
FN:86,(anonymous_6)
FN:142,(anonymous_7)
FN:198,(anonymous_8)
FN:236,(anonymous_9)
FN:270,(anonymous_10)
FN:314,(anonymous_11)
FN:358,(anonymous_12)
FN:445,(anonymous_13)
FN:450,(anonymous_14)
FN:463,(anonymous_15)
FNF:16
FNH:11
FNDA:1,(anonymous_0)
FNDA:1,(anonymous_1)
FNDA:0,(anonymous_2)
FNDA:0,(anonymous_3)
FNDA:300,(anonymous_4)
FNDA:100,(anonymous_5)
FNDA:100,(anonymous_6)
FNDA:100,(anonymous_7)
FNDA:100,(anonymous_8)
FNDA:0,(anonymous_9)
FNDA:0,(anonymous_10)
FNDA:0,(anonymous_11)
FNDA:100,(anonymous_12)
FNDA:100,(anonymous_13)
FNDA:200,(anonymous_14)
FNDA:100,(anonymous_15)
DA:30,1
DA:31,1
DA:32,1
DA:49,1
DA:50,1
DA:58,1
DA:59,1
DA:61,1
DA:64,1
DA:68,0
DA:72,300
DA:73,300
DA:78,100
DA:79,100
DA:88,100
DA:89,100
DA:90,100
DA:91,100
DA:92,100
DA:95,100
DA:96,100
DA:114,100
DA:124,100
DA:127,100
DA:143,100
DA:144,0
DA:147,100
DA:173,100
DA:176,100
DA:177,100
DA:181,100
DA:199,100
DA:200,0
DA:203,100
DA:205,100
DA:207,100
DA:219,100
DA:222,100
DA:237,0
DA:238,0
DA:241,0
DA:257,0
DA:260,0
DA:271,0
DA:272,0
DA:276,0
DA:285,0
DA:301,0
DA:304,0
DA:315,0
DA:316,0
DA:320,0
DA:328,0
DA:344,0
DA:347,0
DA:359,100
DA:360,0
DA:363,100
DA:418,100
DA:434,100
DA:435,100
DA:436,100
DA:437,100
DA:438,100
DA:439,100
DA:449,100
DA:451,200
DA:467,100
DA:468,100
DA:470,0
LF:70
LH:48
BRDA:143,0,0,0
BRDA:143,1,0,100
BRDA:143,1,1,100
BRDA:176,2,0,100
BRDA:199,3,0,0
BRDA:199,4,0,100
BRDA:199,4,1,100
BRDA:237,5,0,0
BRDA:237,6,0,0
BRDA:237,6,1,0
BRDA:271,7,0,0
BRDA:271,8,0,0
BRDA:271,8,1,0
BRDA:315,9,0,0
BRDA:315,10,0,0
BRDA:315,10,1,0
BRDA:359,11,0,0
BRDA:359,12,0,100
BRDA:359,12,1,100
BRDA:380,13,0,100
BRDA:380,13,1,0
BRDA:388,14,0,100
BRDA:388,14,1,100
BRDA:393,15,0,100
BRDA:393,15,1,100
BRDA:397,16,0,100
BRDA:397,16,1,100
BRDA:427,17,0,100
BRDA:427,17,1,0
BRDA:451,18,0,200
BRDA:451,18,1,100
BRDA:451,18,2,100
BRDA:451,18,3,100
BRDA:451,18,4,100
BRDA:451,18,5,0
BRDA:467,19,0,100
BRDA:467,20,0,100
BRDA:467,20,1,0
BRDA:471,21,0,0
BRDA:471,21,1,0
BRF:40
BRH:22
end_of_record
TN:
SF:src\engine\persistence\index.ts
FN:25,isQuotaError
FN:32,toObject
FN:39,latestKey
FN:43,serializeContext
FN:50,createPersistenceEngine
FN:54,(anonymous_5)
FN:57,(anonymous_6)
FN:71,(anonymous_7)
FN:75,(anonymous_8)
FN:90,(anonymous_9)
FN:115,(anonymous_10)
FN:150,(anonymous_11)
FN:225,(anonymous_12)
FN:242,(anonymous_13)
FN:252,(anonymous_14)
FNF:15
FNH:11
FNDA:0,isQuotaError
FNDA:100,toObject
FNDA:400,latestKey
FNDA:300,serializeContext
FNDA:1,createPersistenceEngine
FNDA:400,(anonymous_5)
FNDA:2799,(anonymous_6)
FNDA:100,(anonymous_7)
FNDA:700,(anonymous_8)
FNDA:100,(anonymous_9)
FNDA:300,(anonymous_10)
FNDA:100,(anonymous_11)
FNDA:0,(anonymous_12)
FNDA:0,(anonymous_13)
FNDA:0,(anonymous_14)
DA:26,0
DA:27,0
DA:29,0
DA:33,100
DA:34,0
DA:36,100
DA:40,400
DA:44,300
DA:50,1
DA:51,1
DA:53,1
DA:55,400
DA:57,2799
DA:72,100
DA:75,700
DA:91,100
DA:92,100
DA:93,0
DA:96,100
DA:97,0
DA:100,100
DA:101,0
DA:104,100
DA:105,0
DA:108,100
DA:109,0
DA:112,100
DA:116,300
DA:119,300
DA:120,300
DA:121,300
DA:129,300
DA:131,0
DA:134,300
DA:135,300
DA:137,0
DA:138,0
DA:140,0
DA:143,300
DA:151,100
DA:154,100
DA:155,100
DA:157,0
DA:160,100
DA:161,0
DA:165,100
DA:166,100
DA:168,0
DA:171,100
DA:172,100
DA:173,0
DA:176,100
DA:178,100
DA:179,0
DA:187,100
DA:188,100
DA:190,0
DA:193,100
DA:194,100
DA:195,0
DA:202,100
DA:203,100
DA:204,0
DA:211,100
DA:219,100
DA:226,0
DA:228,0
DA:229,0
DA:230,0
DA:231,0
DA:233,0
DA:243,0
DA:244,0
DA:245,0
DA:246,0
DA:247,0
DA:248,0
DA:252,0
DA:254,0
DA:259,0
DA:269,1
LF:81
LH:45
BRDA:26,0,0,0
BRDA:29,1,0,0
BRDA:29,1,1,0
BRDA:33,2,0,0
BRDA:33,3,0,100
BRDA:33,3,1,100
BRDA:51,4,0,1
BRDA:51,4,1,0
BRDA:92,5,0,0
BRDA:96,6,0,0
BRDA:100,7,0,0
BRDA:100,8,0,100
BRDA:100,8,1,100
BRDA:104,9,0,0
BRDA:108,10,0,0
BRDA:131,11,0,0
BRDA:131,11,1,0
BRDA:137,12,0,0
BRDA:140,13,0,0
BRDA:140,13,1,0
BRDA:157,14,0,0
BRDA:157,14,1,0
BRDA:160,15,0,0
BRDA:168,16,0,0
BRDA:168,16,1,0
BRDA:172,17,0,0
BRDA:173,18,0,0
BRDA:173,18,1,0
BRDA:178,19,0,0
BRDA:190,20,0,0
BRDA:190,20,1,0
BRDA:194,21,0,0
BRDA:203,22,0,0
BRDA:231,23,0,0
BRDA:231,23,1,0
BRDA:237,24,0,0
BRDA:237,24,1,0
BRDA:247,25,0,0
BRDA:247,26,0,0
BRDA:247,26,1,0
BRDA:263,27,0,0
BRDA:263,27,1,0
BRF:42
BRH:5
end_of_record
TN:
SF:src\engine\queue\index.ts
FN:22,pushUnique
FN:28,removeValue
FN:35,createBotEntry
FN:49,isEligibleForHand
FN:53,ensureBot
FN:62,generateTableId
FN:68,generateHandId
FN:74,replaceSeatWithBot
FN:104,createQueue
FN:130,joinQueue
FN:166,enqueueFromBettingEvent
FN:210,assignNextTable
FN:252,(anonymous_12)
FN:279,completeHand
FN:321,excludePlayer
FN:347,validateQueueState
FNF:16
FNH:13
FNDA:707,pushUnique
FNDA:700,removeValue
FNDA:6,createBotEntry
FNDA:699,isEligibleForHand
FNDA:6,ensureBot
FNDA:0,generateTableId
FNDA:0,generateHandId
FNDA:100,replaceSeatWithBot
FNDA:1,createQueue
FNDA:1,joinQueue
FNDA:100,enqueueFromBettingEvent
FNDA:100,assignNextTable
FNDA:600,(anonymous_12)
FNDA:100,completeHand
FNDA:0,excludePlayer
FNDA:200,validateQueueState
DA:20,1
DA:23,707
DA:24,707
DA:29,700
DA:30,700
DA:31,700
DA:36,6
DA:50,699
DA:54,6
DA:55,6
DA:56,6
DA:57,6
DA:58,6
DA:59,6
DA:63,0
DA:64,0
DA:65,0
DA:69,0
DA:70,0
DA:71,0
DA:75,100
DA:76,100
DA:77,0
DA:81,100
DA:82,100
DA:83,100
DA:84,99
DA:85,99
DA:86,99
DA:90,100
DA:91,1
DA:92,1
DA:95,100
DA:96,100
DA:97,100
DA:98,100
DA:99,100
DA:101,100
DA:104,1
DA:105,1
DA:106,1
DA:121,1
DA:122,1
DA:123,0
DA:124,0
DA:127,1
DA:130,1
DA:131,1
DA:132,1
DA:134,1
DA:135,0
DA:138,1
DA:139,0
DA:140,0
DA:141,0
DA:142,0
DA:143,0
DA:144,0
DA:145,0
DA:148,1
DA:160,1
DA:161,1
DA:162,1
DA:163,1
DA:166,1
DA:170,100
DA:171,0
DA:174,100
DA:175,0
DA:178,100
DA:179,100
DA:180,0
DA:183,100
DA:184,100
DA:185,100
DA:186,100
DA:187,100
DA:189,100
DA:190,100
DA:191,100
DA:194,100
DA:195,100
DA:196,100
DA:199,100
DA:207,100
DA:210,1
DA:211,100
DA:212,100
DA:213,100
DA:214,100
DA:216,100
DA:217,100
DA:218,694
DA:219,99
DA:222,595
DA:223,595
DA:224,0
DA:227,595
DA:228,0
DA:231,595
DA:232,595
DA:235,100
DA:236,5
DA:237,5
DA:238,0
DA:240,5
DA:241,5
DA:244,100
DA:245,0
DA:248,100
DA:249,0
DA:252,600
DA:253,100
DA:254,600
DA:255,600
DA:256,600
DA:257,600
DA:258,600
DA:261,100
DA:268,100
DA:269,100
DA:270,100
DA:272,100
DA:279,1
DA:280,100
DA:281,100
DA:282,100
DA:283,0
DA:286,100
DA:287,0
DA:290,100
DA:298,100
DA:299,600
DA:300,600
DA:301,0
DA:304,600
DA:305,600
DA:306,600
DA:308,600
DA:309,600
DA:310,600
DA:314,100
DA:315,100
DA:316,100
DA:318,100
DA:321,1
DA:322,0
DA:323,0
DA:324,0
DA:325,0
DA:328,0
DA:330,0
DA:331,0
DA:332,0
DA:333,0
DA:334,0
DA:338,0
DA:339,0
DA:340,0
DA:341,0
DA:343,0
DA:344,0
DA:347,1
DA:348,200
DA:349,200
DA:351,200
DA:352,1394
DA:353,0
DA:354,0
DA:356,1394
DA:358,1394
DA:359,1394
DA:360,0
DA:361,0
DA:364,1394
DA:365,0
DA:369,200
DA:370,0
DA:371,0
DA:374,0
DA:375,0
DA:378,0
DA:379,0
DA:380,0
DA:381,0
DA:383,0
DA:385,0
DA:386,0
DA:387,0
DA:388,0
DA:391,0
DA:392,0
DA:395,0
DA:396,0
DA:399,0
DA:400,0
DA:405,200
DA:406,1394
DA:407,0
DA:408,0
DA:409,0
DA:412,0
DA:413,0
DA:414,0
DA:415,0
DA:418,0
DA:419,0
DA:423,1394
DA:424,1394
DA:425,0
DA:430,200
LF:211
LH:133
BRDA:23,0,0,707
BRDA:30,1,0,700
BRDA:50,2,0,699
BRDA:50,2,1,699
BRDA:76,3,0,0
BRDA:83,4,0,99
BRDA:83,5,0,100
BRDA:83,5,1,100
BRDA:83,5,2,99
BRDA:90,6,0,1
BRDA:104,7,0,0
BRDA:105,8,0,1
BRDA:105,8,1,0
BRDA:107,9,0,1
BRDA:107,9,1,1
BRDA:108,10,0,1
BRDA:108,10,1,0
BRDA:121,11,0,1
BRDA:121,11,1,0
BRDA:131,12,0,1
BRDA:131,12,1,0
BRDA:134,13,0,0
BRDA:134,14,0,1
BRDA:134,14,1,0
BRDA:138,15,0,0
BRDA:138,16,0,1
BRDA:138,16,1,0
BRDA:157,17,0,1
BRDA:157,17,1,0
BRDA:170,18,0,0
BRDA:170,19,0,100
BRDA:170,19,1,100
BRDA:174,20,0,0
BRDA:179,21,0,0
BRDA:189,22,0,100
BRDA:195,23,0,100
BRDA:210,24,0,0
BRDA:211,25,0,100
BRDA:211,25,1,0
BRDA:212,26,0,100
BRDA:212,26,1,0
BRDA:213,27,0,100
BRDA:213,27,1,0
BRDA:218,28,0,99
BRDA:223,29,0,0
BRDA:227,30,0,0
BRDA:235,31,0,105
BRDA:235,31,1,5
BRDA:237,32,0,0
BRDA:244,33,0,0
BRDA:248,34,0,0
BRDA:280,35,0,100
BRDA:280,35,1,0
BRDA:282,36,0,0
BRDA:286,37,0,0
BRDA:300,38,0,0
BRDA:308,39,0,600
BRDA:322,40,0,0
BRDA:322,40,1,0
BRDA:324,41,0,0
BRDA:331,42,0,0
BRDA:333,43,0,0
BRDA:352,44,0,0
BRDA:359,45,0,0
BRDA:364,46,0,0
BRDA:370,47,0,0
BRDA:374,48,0,0
BRDA:380,49,0,0
BRDA:386,50,0,0
BRDA:391,51,0,0
BRDA:395,52,0,0
BRDA:395,53,0,0
BRDA:395,53,1,0
BRDA:399,54,0,0
BRDA:406,55,0,0
BRDA:407,56,0,0
BRDA:407,57,0,0
BRDA:407,57,1,0
BRDA:413,58,0,0
BRDA:418,59,0,0
BRDA:423,60,0,1394
BRDA:424,61,0,0
BRDA:424,62,0,1394
BRDA:424,62,1,1394
BRF:84
BRH:33
end_of_record
TN:
SF:src\engine\table-state\types.ts
FN:8,(anonymous_0)
FN:15,(anonymous_1)
FN:26,(anonymous_2)
FNF:3
FNH:3
FNDA:1,(anonymous_0)
FNDA:1,(anonymous_1)
FNDA:1,(anonymous_2)
DA:1,1
DA:2,1
DA:8,1
DA:9,1
DA:10,1
DA:11,1
DA:12,1
DA:15,1
DA:16,1
DA:17,1
DA:18,1
DA:19,1
DA:20,1
DA:21,1
DA:22,1
DA:23,1
DA:26,1
DA:27,1
DA:28,1
DA:29,1
DA:30,1
DA:31,1
DA:32,1
DA:33,1
DA:34,1
LF:25
LH:25
BRDA:8,0,0,1
BRDA:8,0,1,1
BRDA:15,1,0,1
BRDA:15,1,1,1
BRDA:26,2,0,1
BRDA:26,2,1,1
BRF:6
BRH:6
end_of_record
